<?xml version="1.0" encoding="UTF-8"?>
<coverage generated="1776680947814" clover="3.2.0">
  <project timestamp="1776680947815" name="All files">
    <metrics statements="808" coveredstatements="614" conditionals="679" coveredconditionals="451" methods="188" coveredmethods="138" elements="1675" coveredelements="1203" complexity="0" loc="808" ncloc="808" packages="4" files="24" classes="24"/>
    <package name="components">
      <metrics statements="62" coveredstatements="55" conditionals="114" coveredconditionals="92" methods="17" coveredmethods="12"/>
      <file name="AccessibleErrorTooltip.tsx" path="C:\Users\DAW2\Desktop\bluvi-frontend\src\components\AccessibleErrorTooltip.tsx">
        <metrics statements="3" coveredstatements="3" conditionals="3" coveredconditionals="3" methods="1" coveredmethods="1"/>
        <line num="10" count="3" type="cond" truecount="1" falsecount="0"/>
        <line num="11" count="57" type="cond" truecount="2" falsecount="0"/>
        <line num="13" count="2" type="stmt"/>
      </file>
      <file name="AnimatedStep.tsx" path="C:\Users\DAW2\Desktop\bluvi-frontend\src\components\AnimatedStep.tsx">
        <metrics statements="9" coveredstatements="9" conditionals="11" coveredconditionals="11" methods="1" coveredmethods="1"/>
        <line num="10" count="9" type="cond" truecount="1" falsecount="0"/>
        <line num="11" count="188" type="stmt"/>
        <line num="12" count="188" type="stmt"/>
        <line num="13" count="188" type="cond" truecount="2" falsecount="0"/>
        <line num="14" count="188" type="cond" truecount="2" falsecount="0"/>
        <line num="17" count="188" type="cond" truecount="2" falsecount="0"/>
        <line num="18" count="188" type="cond" truecount="2" falsecount="0"/>
        <line num="19" count="188" type="cond" truecount="2" falsecount="0"/>
        <line num="21" count="188" type="stmt"/>
      </file>
      <file name="Button.tsx" path="C:\Users\DAW2\Desktop\bluvi-frontend\src\components\Button.tsx">
        <metrics statements="14" coveredstatements="14" conditionals="17" coveredconditionals="13" methods="3" coveredmethods="3"/>
        <line num="7" count="9" type="stmt"/>
        <line num="35" count="9" type="stmt"/>
        <line num="36" count="214" type="stmt"/>
        <line num="40" count="2184" type="cond" truecount="1" falsecount="1"/>
        <line num="42" count="2184" type="cond" truecount="1" falsecount="1"/>
        <line num="43" count="2184" type="cond" truecount="1" falsecount="1"/>
        <line num="45" count="2184" type="cond" truecount="2" falsecount="0"/>
        <line num="46" count="422" type="cond" truecount="2" falsecount="0"/>
        <line num="47" count="123" type="cond" truecount="1" falsecount="1"/>
        <line num="49" count="123" type="stmt"/>
        <line num="53" count="9" type="cond" truecount="1" falsecount="0"/>
        <line num="54" count="214" type="stmt"/>
        <line num="55" count="214" type="stmt"/>
        <line num="57" count="214" type="stmt"/>
      </file>
      <file name="DatePicker.tsx" path="C:\Users\DAW2\Desktop\bluvi-frontend\src\components\DatePicker.tsx">
        <metrics statements="14" coveredstatements="8" conditionals="17" coveredconditionals="10" methods="7" coveredmethods="3"/>
        <line num="29" count="8" type="stmt"/>
        <line num="30" count="8" type="stmt"/>
        <line num="31" count="5" type="cond" truecount="1" falsecount="1"/>
        <line num="32" count="5" type="cond" truecount="1" falsecount="1"/>
        <line num="33" count="5" type="stmt"/>
        <line num="36" count="8" type="stmt"/>
        <line num="37" count="0" type="cond" truecount="0" falsecount="3"/>
        <line num="38" count="0" type="cond" truecount="0" falsecount="2"/>
        <line num="39" count="0" type="stmt"/>
        <line num="42" count="8" type="stmt"/>
        <line num="48" count="70" type="stmt"/>
        <line num="75" count="0" type="stmt"/>
        <line num="92" count="0" type="stmt"/>
        <line num="101" count="0" type="stmt"/>
      </file>
      <file name="InputField.tsx" path="C:\Users\DAW2\Desktop\bluvi-frontend\src\components\InputField.tsx">
        <metrics statements="13" coveredstatements="12" conditionals="40" coveredconditionals="37" methods="3" coveredmethods="2"/>
        <line num="20" count="4" type="stmt"/>
        <line num="37" count="134" type="stmt"/>
        <line num="39" count="134" type="stmt"/>
        <line num="40" count="134" type="cond" truecount="4" falsecount="0"/>
        <line num="42" count="134" type="cond" truecount="3" falsecount="1"/>
        <line num="44" count="134" type="stmt"/>
        <line num="45" count="134" type="cond" truecount="2" falsecount="0"/>
        <line num="46" count="98" type="cond" truecount="2" falsecount="0"/>
        <line num="47" count="79" type="stmt"/>
        <line num="50" count="134" type="cond" truecount="4" falsecount="0"/>
        <line num="51" count="134" type="cond" truecount="2" falsecount="0"/>
        <line num="53" count="134" type="stmt"/>
        <line num="93" count="0" type="stmt"/>
      </file>
      <file name="RegisterStepHeader.tsx" path="C:\Users\DAW2\Desktop\bluvi-frontend\src\components\RegisterStepHeader.tsx">
        <metrics statements="6" coveredstatements="6" conditionals="24" coveredconditionals="17" methods="1" coveredmethods="1"/>
        <line num="12" count="9" type="stmt"/>
        <line num="20" count="188" type="cond" truecount="1" falsecount="1"/>
        <line num="21" count="188" type="cond" truecount="2" falsecount="0"/>
        <line num="28" count="188" type="cond" truecount="2" falsecount="0"/>
        <line num="35" count="188" type="cond" truecount="1" falsecount="1"/>
        <line num="41" count="188" type="stmt"/>
      </file>
      <file name="SuccessModal.tsx" path="C:\Users\DAW2\Desktop\bluvi-frontend\src\components\SuccessModal.tsx">
        <metrics statements="3" coveredstatements="3" conditionals="2" coveredconditionals="1" methods="1" coveredmethods="1"/>
        <line num="10" count="2" type="stmt"/>
        <line num="11" count="26" type="cond" truecount="1" falsecount="1"/>
        <line num="13" count="26" type="stmt"/>
      </file>
    </package>
    <package name="context">
      <metrics statements="122" coveredstatements="84" conditionals="149" coveredconditionals="78" methods="25" coveredmethods="18"/>
      <file name="RegisterContext.tsx" path="C:\Users\DAW2\Desktop\bluvi-frontend\src\context\RegisterContext.tsx">
        <metrics statements="122" coveredstatements="84" conditionals="149" coveredconditionals="78" methods="25" coveredmethods="18"/>
        <line num="23" count="9" type="stmt"/>
        <line num="24" count="9" type="stmt"/>
        <line num="25" count="9" type="stmt"/>
        <line num="26" count="9" type="stmt"/>
        <line num="28" count="9" type="stmt"/>
        <line num="30" count="9" type="stmt"/>
        <line num="47" count="9" type="stmt"/>
        <line num="48" count="72" type="stmt"/>
        <line num="50" count="18" type="stmt"/>
        <line num="52" count="81" type="stmt"/>
        <line num="68" count="9" type="stmt"/>
        <line num="69" count="81" type="stmt"/>
        <line num="71" count="81" type="cond" truecount="2" falsecount="0"/>
        <line num="72" count="6" type="stmt"/>
        <line num="75" count="81" type="cond" truecount="2" falsecount="0"/>
        <line num="76" count="10" type="stmt"/>
        <line num="79" count="81" type="cond" truecount="2" falsecount="0"/>
        <line num="80" count="18" type="stmt"/>
        <line num="83" count="81" type="cond" truecount="2" falsecount="0"/>
        <line num="84" count="12" type="stmt"/>
        <line num="87" count="81" type="cond" truecount="2" falsecount="0"/>
        <line num="88" count="4" type="stmt"/>
        <line num="91" count="81" type="cond" truecount="2" falsecount="0"/>
        <line num="92" count="22" type="stmt"/>
        <line num="95" count="81" type="cond" truecount="1" falsecount="1"/>
        <line num="96" count="0" type="stmt"/>
        <line num="97" count="0" type="cond" truecount="0" falsecount="2"/>
        <line num="98" count="0" type="stmt"/>
        <line num="100" count="0" type="stmt"/>
        <line num="101" count="0" type="cond" truecount="0" falsecount="2"/>
        <line num="105" count="81" type="cond" truecount="2" falsecount="0"/>
        <line num="106" count="1" type="cond" truecount="2" falsecount="0"/>
        <line num="109" count="81" type="cond" truecount="2" falsecount="0"/>
        <line num="110" count="1" type="cond" truecount="2" falsecount="0"/>
        <line num="113" count="81" type="cond" truecount="2" falsecount="0"/>
        <line num="114" count="3" type="cond" truecount="2" falsecount="0"/>
        <line num="117" count="81" type="cond" truecount="2" falsecount="0"/>
        <line num="118" count="1" type="stmt"/>
        <line num="121" count="81" type="stmt"/>
        <line num="124" count="9" type="stmt"/>
        <line num="125" count="0" type="cond" truecount="0" falsecount="4"/>
        <line num="126" count="0" type="stmt"/>
        <line num="129" count="0" type="stmt"/>
        <line num="131" count="0" type="cond" truecount="0" falsecount="2"/>
        <line num="132" count="0" type="cond" truecount="0" falsecount="4"/>
        <line num="135" count="0" type="stmt"/>
        <line num="136" count="0" type="stmt"/>
        <line num="139" count="0" type="stmt"/>
        <line num="146" count="0" type="stmt"/>
        <line num="149" count="0" type="stmt"/>
        <line num="156" count="0" type="stmt"/>
        <line num="163" count="9" type="stmt"/>
        <line num="164" count="4" type="cond" truecount="5" falsecount="0"/>
        <line num="166" count="9" type="stmt"/>
        <line num="167" count="1" type="cond" truecount="3" falsecount="1"/>
        <line num="168" count="0" type="stmt"/>
        <line num="171" count="1" type="cond" truecount="3" falsecount="1"/>
        <line num="172" count="0" type="stmt"/>
        <line num="175" count="1" type="cond" truecount="4" falsecount="1"/>
        <line num="176" count="0" type="stmt"/>
        <line num="179" count="1" type="cond" truecount="4" falsecount="1"/>
        <line num="180" count="0" type="stmt"/>
        <line num="183" count="1" type="cond" truecount="1" falsecount="1"/>
        <line num="184" count="0" type="stmt"/>
        <line num="187" count="1" type="cond" truecount="4" falsecount="1"/>
        <line num="188" count="0" type="stmt"/>
        <line num="191" count="1" type="cond" truecount="4" falsecount="1"/>
        <line num="192" count="0" type="stmt"/>
        <line num="195" count="1" type="cond" truecount="3" falsecount="1"/>
        <line num="196" count="0" type="stmt"/>
        <line num="199" count="1" type="cond" truecount="3" falsecount="1"/>
        <line num="200" count="0" type="stmt"/>
        <line num="203" count="1" type="cond" truecount="1" falsecount="1"/>
        <line num="204" count="0" type="stmt"/>
        <line num="207" count="1" type="cond" truecount="1" falsecount="1"/>
        <line num="208" count="0" type="stmt"/>
        <line num="211" count="1" type="cond" truecount="1" falsecount="1"/>
        <line num="212" count="0" type="stmt"/>
        <line num="215" count="1" type="cond" truecount="3" falsecount="1"/>
        <line num="216" count="0" type="stmt"/>
        <line num="219" count="1" type="stmt"/>
        <line num="220" count="0" type="cond" truecount="0" falsecount="3"/>
        <line num="223" count="1" type="cond" truecount="1" falsecount="1"/>
        <line num="224" count="0" type="stmt"/>
        <line num="227" count="1" type="cond" truecount="1" falsecount="1"/>
        <line num="228" count="0" type="stmt"/>
        <line num="231" count="1" type="stmt"/>
        <line num="240" count="9" type="stmt"/>
        <line num="242" count="9" type="stmt"/>
        <line num="243" count="83" type="stmt"/>
        <line num="244" count="1" type="stmt"/>
        <line num="245" count="1" type="stmt"/>
        <line num="246" count="1" type="cond" truecount="1" falsecount="1"/>
        <line num="248" count="0" type="stmt"/>
        <line num="252" count="83" type="stmt"/>
        <line num="253" count="81" type="stmt"/>
        <line num="254" count="81" type="stmt"/>
        <line num="255" count="81" type="stmt"/>
        <line num="256" count="81" type="stmt"/>
        <line num="257" count="81" type="stmt"/>
        <line num="261" count="83" type="stmt"/>
        <line num="262" count="1" type="stmt"/>
        <line num="263" count="1" type="stmt"/>
        <line num="276" count="5" type="cond" truecount="1" falsecount="1"/>
        <line num="281" count="1" type="stmt"/>
        <line num="282" count="1" type="cond" truecount="1" falsecount="1"/>
        <line num="283" count="0" type="cond" truecount="0" falsecount="2"/>
        <line num="286" count="1" type="stmt"/>
        <line num="288" count="1" type="cond" truecount="1" falsecount="1"/>
        <line num="289" count="1" type="stmt"/>
        <line num="290" count="1" type="stmt"/>
        <line num="291" count="1" type="stmt"/>
        <line num="292" count="1" type="stmt"/>
        <line num="294" count="0" type="stmt"/>
        <line num="297" count="0" type="stmt"/>
        <line num="298" count="0" type="cond" truecount="0" falsecount="3"/>
        <line num="299" count="0" type="stmt"/>
        <line num="303" count="83" type="stmt"/>
        <line num="310" count="9" type="stmt"/>
        <line num="311" count="116" type="stmt"/>
        <line num="312" count="116" type="cond" truecount="1" falsecount="1"/>
        <line num="313" count="116" type="stmt"/>
      </file>
    </package>
    <package name="pages.Register">
      <metrics statements="512" coveredstatements="457" conditionals="366" coveredconditionals="281" methods="120" coveredmethods="108"/>
      <file name="AgeStep.tsx" path="C:\Users\DAW2\Desktop\bluvi-frontend\src\pages\Register\AgeStep.tsx">
        <metrics statements="58" coveredstatements="52" conditionals="34" coveredconditionals="30" methods="9" coveredmethods="9"/>
        <line num="11" count="3" type="stmt"/>
        <line num="13" count="3" type="stmt"/>
        <line num="14" count="5" type="stmt"/>
        <line num="15" count="5" type="stmt"/>
        <line num="18" count="3" type="stmt"/>
        <line num="19" count="9" type="stmt"/>
        <line num="20" count="9" type="cond" truecount="2" falsecount="0"/>
        <line num="22" count="7" type="stmt"/>
        <line num="23" count="7" type="stmt"/>
        <line num="25" count="7" type="stmt"/>
        <line num="32" count="3" type="stmt"/>
        <line num="33" count="7" type="stmt"/>
        <line num="34" count="7" type="cond" truecount="2" falsecount="0"/>
        <line num="36" count="5" type="stmt"/>
        <line num="37" count="5" type="stmt"/>
        <line num="40" count="3" type="stmt"/>
        <line num="41" count="7" type="stmt"/>
        <line num="42" count="7" type="stmt"/>
        <line num="44" count="7" type="stmt"/>
        <line num="46" count="7" type="cond" truecount="3" falsecount="0"/>
        <line num="49" count="7" type="cond" truecount="2" falsecount="0"/>
        <line num="50" count="1" type="stmt"/>
        <line num="53" count="7" type="stmt"/>
        <line num="56" count="3" type="stmt"/>
        <line num="57" count="8" type="stmt"/>
        <line num="58" count="8" type="stmt"/>
        <line num="59" count="8" type="stmt"/>
        <line num="60" count="8" type="stmt"/>
        <line num="61" count="8" type="stmt"/>
        <line num="63" count="8" type="stmt"/>
        <line num="64" count="8" type="stmt"/>
        <line num="65" count="8" type="cond" truecount="2" falsecount="0"/>
        <line num="66" count="4" type="stmt"/>
        <line num="69" count="0" type="stmt"/>
        <line num="72" count="8" type="stmt"/>
        <line num="73" count="4" type="stmt"/>
        <line num="75" count="4" type="cond" truecount="2" falsecount="0"/>
        <line num="76" count="1" type="stmt"/>
        <line num="77" count="1" type="stmt"/>
        <line num="80" count="3" type="cond" truecount="1" falsecount="1"/>
        <line num="81" count="0" type="stmt"/>
        <line num="82" count="0" type="stmt"/>
        <line num="85" count="3" type="cond" truecount="2" falsecount="0"/>
        <line num="86" count="1" type="stmt"/>
        <line num="87" count="1" type="stmt"/>
        <line num="90" count="2" type="cond" truecount="1" falsecount="1"/>
        <line num="91" count="0" type="stmt"/>
        <line num="94" count="2" type="stmt"/>
        <line num="95" count="2" type="stmt"/>
        <line num="98" count="8" type="stmt"/>
        <line num="99" count="1" type="cond" truecount="1" falsecount="1"/>
        <line num="100" count="0" type="stmt"/>
        <line num="103" count="1" type="stmt"/>
        <line num="104" count="1" type="stmt"/>
        <line num="105" count="1" type="cond" truecount="1" falsecount="1"/>
        <line num="106" count="0" type="stmt"/>
        <line num="110" count="8" type="cond" truecount="2" falsecount="0"/>
        <line num="112" count="8" type="stmt"/>
      </file>
      <file name="CommunicationsStyleStep.tsx" path="C:\Users\DAW2\Desktop\bluvi-frontend\src\pages\Register\CommunicationsStyleStep.tsx">
        <metrics statements="27" coveredstatements="24" conditionals="16" coveredconditionals="11" methods="8" coveredmethods="7"/>
        <line num="9" count="2" type="stmt"/>
        <line num="10" count="5" type="stmt"/>
        <line num="11" count="5" type="stmt"/>
        <line num="14" count="5" type="stmt"/>
        <line num="17" count="5" type="stmt"/>
        <line num="18" count="2" type="stmt"/>
        <line num="19" count="2" type="stmt"/>
        <line num="20" count="2" type="stmt"/>
        <line num="21" count="2" type="cond" truecount="1" falsecount="1"/>
        <line num="22" count="2" type="stmt"/>
        <line num="25" count="0" type="stmt"/>
        <line num="28" count="2" type="stmt"/>
        <line num="31" count="5" type="stmt"/>
        <line num="32" count="2" type="cond" truecount="1" falsecount="1"/>
        <line num="35" count="2" type="cond" truecount="1" falsecount="1"/>
        <line num="36" count="0" type="stmt"/>
        <line num="37" count="0" type="stmt"/>
        <line num="40" count="2" type="stmt"/>
        <line num="46" count="5" type="stmt"/>
        <line num="47" count="1" type="cond" truecount="1" falsecount="1"/>
        <line num="48" count="1" type="stmt"/>
        <line num="51" count="5" type="stmt"/>
        <line num="53" count="5" type="stmt"/>
        <line num="80" count="4" type="stmt"/>
        <line num="81" count="4" type="stmt"/>
        <line num="83" count="4" type="stmt"/>
        <line num="88" count="2" type="stmt"/>
      </file>
      <file name="EmailStep.tsx" path="C:\Users\DAW2\Desktop\bluvi-frontend\src\pages\Register\EmailStep.tsx">
        <metrics statements="44" coveredstatements="41" conditionals="60" coveredconditionals="52" methods="10" coveredmethods="7"/>
        <line num="11" count="2" type="stmt"/>
        <line num="12" count="43" type="stmt"/>
        <line num="13" count="43" type="stmt"/>
        <line num="14" count="43" type="stmt"/>
        <line num="15" count="43" type="stmt"/>
        <line num="16" count="43" type="stmt"/>
        <line num="18" count="43" type="stmt"/>
        <line num="19" count="43" type="stmt"/>
        <line num="20" count="43" type="stmt"/>
        <line num="23" count="43" type="stmt"/>
        <line num="24" count="43" type="stmt"/>
        <line num="25" count="43" type="stmt"/>
        <line num="28" count="43" type="stmt"/>
        <line num="29" count="43" type="stmt"/>
        <line num="30" count="43" type="cond" truecount="2" falsecount="0"/>
        <line num="31" count="43" type="cond" truecount="2" falsecount="0"/>
        <line num="33" count="43" type="stmt"/>
        <line num="34" count="4" type="cond" truecount="1" falsecount="1"/>
        <line num="35" count="4" type="cond" truecount="2" falsecount="0"/>
        <line num="36" count="1" type="stmt"/>
        <line num="37" count="1" type="stmt"/>
        <line num="38" count="1" type="stmt"/>
        <line num="40" count="3" type="cond" truecount="1" falsecount="1"/>
        <line num="42" count="3" type="stmt"/>
        <line num="43" count="3" type="stmt"/>
        <line num="45" count="3" type="stmt"/>
        <line num="46" count="3" type="stmt"/>
        <line num="47" count="2" type="cond" truecount="1" falsecount="1"/>
        <line num="48" count="0" type="cond" truecount="0" falsecount="2"/>
        <line num="50" count="2" type="stmt"/>
        <line num="53" count="1" type="stmt"/>
        <line num="54" count="1" type="stmt"/>
        <line num="56" count="3" type="stmt"/>
        <line num="60" count="43" type="stmt"/>
        <line num="61" count="12" type="stmt"/>
        <line num="62" count="12" type="cond" truecount="1" falsecount="1"/>
        <line num="63" count="12" type="stmt"/>
        <line num="67" count="43" type="stmt"/>
        <line num="90" count="18" type="stmt"/>
        <line num="91" count="18" type="cond" truecount="1" falsecount="1"/>
        <line num="136" count="1" type="stmt"/>
        <line num="137" count="1" type="cond" truecount="1" falsecount="1"/>
        <line num="163" count="0" type="stmt"/>
        <line num="174" count="0" type="stmt"/>
      </file>
      <file name="EmailVerificationStep.tsx" path="C:\Users\DAW2\Desktop\bluvi-frontend\src\pages\Register\EmailVerificationStep.tsx">
        <metrics statements="39" coveredstatements="35" conditionals="25" coveredconditionals="20" methods="10" coveredmethods="9"/>
        <line num="12" count="2" type="stmt"/>
        <line num="13" count="29" type="stmt"/>
        <line num="14" count="29" type="stmt"/>
        <line num="15" count="29" type="stmt"/>
        <line num="16" count="29" type="stmt"/>
        <line num="17" count="29" type="stmt"/>
        <line num="18" count="29" type="stmt"/>
        <line num="20" count="29" type="stmt"/>
        <line num="21" count="3" type="stmt"/>
        <line num="22" count="3" type="cond" truecount="1" falsecount="1"/>
        <line num="24" count="3" type="cond" truecount="1" falsecount="1"/>
        <line num="25" count="0" type="stmt"/>
        <line num="26" count="0" type="stmt"/>
        <line num="29" count="3" type="stmt"/>
        <line num="31" count="3" type="stmt"/>
        <line num="32" count="3" type="stmt"/>
        <line num="34" count="2" type="cond" truecount="1" falsecount="1"/>
        <line num="35" count="2" type="stmt"/>
        <line num="36" count="2" type="stmt"/>
        <line num="39" count="1" type="cond" truecount="1" falsecount="1"/>
        <line num="43" count="29" type="stmt"/>
        <line num="44" count="21" type="cond" truecount="2" falsecount="0"/>
        <line num="46" count="20" type="stmt"/>
        <line num="47" count="20" type="stmt"/>
        <line num="48" count="20" type="stmt"/>
        <line num="49" count="20" type="cond" truecount="1" falsecount="1"/>
        <line num="50" count="0" type="stmt"/>
        <line num="53" count="20" type="cond" truecount="4" falsecount="0"/>
        <line num="54" count="17" type="stmt"/>
        <line num="58" count="29" type="stmt"/>
        <line num="59" count="7" type="cond" truecount="5" falsecount="0"/>
        <line num="60" count="1" type="stmt"/>
        <line num="64" count="29" type="stmt"/>
        <line num="86" count="174" type="stmt"/>
        <line num="97" count="21" type="stmt"/>
        <line num="98" count="7" type="stmt"/>
        <line num="115" count="112" type="stmt"/>
        <line num="118" count="112" type="cond" truecount="2" falsecount="0"/>
        <line num="130" count="0" type="stmt"/>
      </file>
      <file name="GenderStep.tsx" path="C:\Users\DAW2\Desktop\bluvi-frontend\src\pages\Register\GenderStep.tsx">
        <metrics statements="20" coveredstatements="19" conditionals="11" coveredconditionals="9" methods="6" coveredmethods="6"/>
        <line num="15" count="2" type="stmt"/>
        <line num="16" count="6" type="stmt"/>
        <line num="17" count="6" type="stmt"/>
        <line num="19" count="6" type="stmt"/>
        <line num="21" count="6" type="stmt"/>
        <line num="22" count="3" type="stmt"/>
        <line num="23" count="3" type="stmt"/>
        <line num="24" count="3" type="stmt"/>
        <line num="25" count="3" type="cond" truecount="1" falsecount="1"/>
        <line num="27" count="3" type="stmt"/>
        <line num="28" count="3" type="stmt"/>
        <line num="31" count="0" type="stmt"/>
        <line num="34" count="3" type="stmt"/>
        <line num="37" count="6" type="stmt"/>
        <line num="38" count="2" type="cond" truecount="1" falsecount="1"/>
        <line num="39" count="2" type="stmt"/>
        <line num="42" count="6" type="stmt"/>
        <line num="64" count="4" type="cond" truecount="3" falsecount="0"/>
        <line num="68" count="4" type="stmt"/>
        <line num="73" count="2" type="stmt"/>
      </file>
      <file name="InterestsStep.tsx" path="C:\Users\DAW2\Desktop\bluvi-frontend\src\pages\Register\InterestsStep.tsx">
        <metrics statements="39" coveredstatements="38" conditionals="28" coveredconditionals="21" methods="13" coveredmethods="13"/>
        <line num="22" count="2" type="stmt"/>
        <line num="23" count="6" type="stmt"/>
        <line num="24" count="6" type="stmt"/>
        <line num="26" count="6" type="stmt"/>
        <line num="27" count="6" type="stmt"/>
        <line num="29" count="6" type="stmt"/>
        <line num="37" count="6" type="stmt"/>
        <line num="46" count="6" type="stmt"/>
        <line num="47" count="2" type="stmt"/>
        <line num="48" count="2" type="stmt"/>
        <line num="49" count="2" type="stmt"/>
        <line num="50" count="2" type="cond" truecount="1" falsecount="1"/>
        <line num="51" count="2" type="stmt"/>
        <line num="54" count="0" type="stmt"/>
        <line num="58" count="2" type="stmt"/>
        <line num="61" count="6" type="stmt"/>
        <line num="62" count="1" type="cond" truecount="1" falsecount="1"/>
        <line num="63" count="1" type="stmt"/>
        <line num="67" count="6" type="stmt"/>
        <line num="68" count="3" type="cond" truecount="1" falsecount="1"/>
        <line num="69" count="3" type="stmt"/>
        <line num="71" count="3" type="cond" truecount="2" falsecount="0"/>
        <line num="72" count="1" type="stmt"/>
        <line num="73" count="2" type="cond" truecount="1" falsecount="1"/>
        <line num="74" count="2" type="stmt"/>
        <line num="79" count="6" type="stmt"/>
        <line num="80" count="40" type="stmt"/>
        <line num="81" count="30" type="cond" truecount="2" falsecount="0"/>
        <line num="82" count="30" type="stmt"/>
        <line num="86" count="6" type="stmt"/>
        <line num="87" count="8" type="stmt"/>
        <line num="88" count="6" type="cond" truecount="2" falsecount="0"/>
        <line num="90" count="6" type="stmt"/>
        <line num="111" count="7" type="stmt"/>
        <line num="121" count="8" type="stmt"/>
        <line num="122" count="8" type="cond" truecount="2" falsecount="0"/>
        <line num="123" count="8" type="stmt"/>
        <line num="125" count="8" type="stmt"/>
        <line num="131" count="3" type="stmt"/>
      </file>
      <file name="LocationStep.tsx" path="C:\Users\DAW2\Desktop\bluvi-frontend\src\pages\Register\LocationStep.tsx">
        <metrics statements="117" coveredstatements="98" conditionals="66" coveredconditionals="50" methods="21" coveredmethods="19"/>
        <line num="10" count="2" type="stmt"/>
        <line num="11" count="2" type="stmt"/>
        <line num="12" count="2" type="stmt"/>
        <line num="14" count="2" type="stmt"/>
        <line num="15" count="23" type="stmt"/>
        <line num="16" count="23" type="stmt"/>
        <line num="18" count="23" type="cond" truecount="2" falsecount="0"/>
        <line num="19" count="23" type="stmt"/>
        <line num="20" count="23" type="stmt"/>
        <line num="21" count="23" type="stmt"/>
        <line num="22" count="23" type="stmt"/>
        <line num="23" count="23" type="stmt"/>
        <line num="24" count="23" type="stmt"/>
        <line num="25" count="23" type="stmt"/>
        <line num="26" count="23" type="stmt"/>
        <line num="28" count="23" type="stmt"/>
        <line num="29" count="5" type="stmt"/>
        <line num="31" count="23" type="stmt"/>
        <line num="32" count="23" type="stmt"/>
        <line num="33" count="23" type="cond" truecount="2" falsecount="0"/>
        <line num="34" count="23" type="cond" truecount="3" falsecount="0"/>
        <line num="35" count="23" type="cond" truecount="2" falsecount="0"/>
        <line num="36" count="23" type="cond" truecount="2" falsecount="0"/>
        <line num="38" count="23" type="stmt"/>
        <line num="39" count="11" type="stmt"/>
        <line num="41" count="11" type="cond" truecount="2" falsecount="0"/>
        <line num="42" count="4" type="stmt"/>
        <line num="43" count="4" type="stmt"/>
        <line num="44" count="4" type="stmt"/>
        <line num="45" count="4" type="stmt"/>
        <line num="48" count="7" type="stmt"/>
        <line num="49" count="7" type="stmt"/>
        <line num="50" count="3" type="stmt"/>
        <line num="51" count="3" type="stmt"/>
        <line num="53" count="3" type="stmt"/>
        <line num="55" count="3" type="cond" truecount="1" falsecount="1"/>
        <line num="56" count="3" type="stmt"/>
        <line num="57" count="3" type="cond" truecount="1" falsecount="1"/>
        <line num="58" count="0" type="stmt"/>
        <line num="59" count="0" type="stmt"/>
        <line num="61" count="3" type="cond" truecount="2" falsecount="0"/>
        <line num="63" count="3" type="stmt"/>
        <line num="64" count="3" type="stmt"/>
        <line num="68" count="7" type="stmt"/>
        <line num="69" count="7" type="stmt"/>
        <line num="70" count="7" type="stmt"/>
        <line num="74" count="23" type="stmt"/>
        <line num="75" count="3" type="stmt"/>
        <line num="76" count="3" type="cond" truecount="2" falsecount="0"/>
        <line num="77" count="1" type="stmt"/>
        <line num="78" count="1" type="stmt"/>
        <line num="82" count="3" type="stmt"/>
        <line num="83" count="3" type="stmt"/>
        <line num="84" count="3" type="stmt"/>
        <line num="88" count="23" type="stmt"/>
        <line num="89" count="1" type="cond" truecount="1" falsecount="1"/>
        <line num="90" count="1" type="stmt"/>
        <line num="94" count="23" type="stmt"/>
        <line num="95" count="3" type="stmt"/>
        <line num="96" count="3" type="stmt"/>
        <line num="97" count="3" type="stmt"/>
        <line num="98" count="3" type="stmt"/>
        <line num="99" count="3" type="stmt"/>
        <line num="100" count="3" type="stmt"/>
        <line num="103" count="23" type="stmt"/>
        <line num="104" count="5" type="stmt"/>
        <line num="105" count="5" type="stmt"/>
        <line num="106" count="5" type="stmt"/>
        <line num="107" count="5" type="stmt"/>
        <line num="109" count="5" type="stmt"/>
        <line num="110" count="5" type="stmt"/>
        <line num="112" count="5" type="cond" truecount="1" falsecount="1"/>
        <line num="113" count="0" type="stmt"/>
        <line num="114" count="5" type="cond" truecount="1" falsecount="1"/>
        <line num="115" count="5" type="stmt"/>
        <line num="118" count="5" type="stmt"/>
        <line num="121" count="23" type="stmt"/>
        <line num="122" count="0" type="stmt"/>
        <line num="123" count="0" type="stmt"/>
        <line num="124" count="0" type="stmt"/>
        <line num="125" count="0" type="stmt"/>
        <line num="126" count="0" type="stmt"/>
        <line num="127" count="0" type="stmt"/>
        <line num="128" count="0" type="stmt"/>
        <line num="129" count="0" type="stmt"/>
        <line num="132" count="23" type="stmt"/>
        <line num="133" count="6" type="cond" truecount="2" falsecount="0"/>
        <line num="134" count="1" type="stmt"/>
        <line num="137" count="5" type="cond" truecount="2" falsecount="0"/>
        <line num="138" count="2" type="stmt"/>
        <line num="139" count="2" type="stmt"/>
        <line num="140" count="2" type="cond" truecount="1" falsecount="1"/>
        <line num="141" count="2" type="cond" truecount="1" falsecount="1"/>
        <line num="143" count="2" type="stmt"/>
        <line num="146" count="3" type="cond" truecount="1" falsecount="1"/>
        <line num="147" count="0" type="stmt"/>
        <line num="148" count="0" type="stmt"/>
        <line num="149" count="0" type="cond" truecount="0" falsecount="2"/>
        <line num="150" count="0" type="cond" truecount="0" falsecount="2"/>
        <line num="152" count="0" type="stmt"/>
        <line num="155" count="3" type="cond" truecount="5" falsecount="0"/>
        <line num="156" count="1" type="stmt"/>
        <line num="157" count="1" type="stmt"/>
        <line num="158" count="1" type="stmt"/>
        <line num="161" count="2" type="cond" truecount="1" falsecount="1"/>
        <line num="162" count="0" type="stmt"/>
        <line num="163" count="0" type="stmt"/>
        <line num="164" count="0" type="stmt"/>
        <line num="168" count="23" type="stmt"/>
        <line num="196" count="5" type="stmt"/>
        <line num="199" count="1" type="cond" truecount="1" falsecount="1"/>
        <line num="200" count="1" type="stmt"/>
        <line num="240" count="9" type="stmt"/>
        <line num="248" count="1" type="stmt"/>
        <line num="249" count="1" type="stmt"/>
        <line num="251" count="1" type="stmt"/>
        <line num="252" count="1" type="stmt"/>
      </file>
      <file name="NameStep.tsx" path="C:\Users\DAW2\Desktop\bluvi-frontend\src\pages\Register\NameStep.tsx">
        <metrics statements="59" coveredstatements="48" conditionals="56" coveredconditionals="36" methods="12" coveredmethods="10"/>
        <line num="9" count="3" type="stmt"/>
        <line num="11" count="3" type="stmt"/>
        <line num="12" count="32" type="stmt"/>
        <line num="14" count="3" type="stmt"/>
        <line num="15" count="22" type="stmt"/>
        <line num="22" count="32" type="stmt"/>
        <line num="25" count="3" type="stmt"/>
        <line num="26" count="24" type="stmt"/>
        <line num="27" count="24" type="stmt"/>
        <line num="28" count="24" type="stmt"/>
        <line num="29" count="24" type="stmt"/>
        <line num="31" count="24" type="stmt"/>
        <line num="32" count="24" type="stmt"/>
        <line num="34" count="24" type="stmt"/>
        <line num="36" count="24" type="cond" truecount="1" falsecount="1"/>
        <line num="37" count="24" type="cond" truecount="1" falsecount="1"/>
        <line num="38" count="24" type="stmt"/>
        <line num="39" count="24" type="stmt"/>
        <line num="41" count="24" type="stmt"/>
        <line num="42" count="24" type="stmt"/>
        <line num="44" count="24" type="cond" truecount="2" falsecount="0"/>
        <line num="45" count="24" type="cond" truecount="2" falsecount="0"/>
        <line num="47" count="24" type="cond" truecount="2" falsecount="0"/>
        <line num="48" count="24" type="cond" truecount="2" falsecount="0"/>
        <line num="50" count="24" type="cond" truecount="2" falsecount="0"/>
        <line num="58" count="24" type="cond" truecount="2" falsecount="0"/>
        <line num="66" count="24" type="stmt"/>
        <line num="67" count="24" type="stmt"/>
        <line num="70" count="24" type="cond" truecount="2" falsecount="0"/>
        <line num="71" count="24" type="cond" truecount="1" falsecount="1"/>
        <line num="73" count="24" type="cond" truecount="4" falsecount="0"/>
        <line num="75" count="24" type="stmt"/>
        <line num="76" count="2" type="stmt"/>
        <line num="78" count="2" type="cond" truecount="1" falsecount="1"/>
        <line num="79" count="0" type="cond" truecount="0" falsecount="2"/>
        <line num="80" count="0" type="cond" truecount="0" falsecount="2"/>
        <line num="82" count="0" type="cond" truecount="0" falsecount="4"/>
        <line num="83" count="0" type="stmt"/>
        <line num="84" count="0" type="cond" truecount="0" falsecount="4"/>
        <line num="85" count="0" type="stmt"/>
        <line num="87" count="0" type="stmt"/>
        <line num="89" count="2" type="stmt"/>
        <line num="92" count="24" type="stmt"/>
        <line num="93" count="8" type="cond" truecount="2" falsecount="0"/>
        <line num="94" count="3" type="stmt"/>
        <line num="96" count="8" type="stmt"/>
        <line num="99" count="24" type="stmt"/>
        <line num="100" count="10" type="cond" truecount="2" falsecount="0"/>
        <line num="101" count="1" type="stmt"/>
        <line num="103" count="10" type="stmt"/>
        <line num="106" count="24" type="stmt"/>
        <line num="107" count="0" type="stmt"/>
        <line num="108" count="0" type="stmt"/>
        <line num="111" count="24" type="stmt"/>
        <line num="112" count="0" type="stmt"/>
        <line num="113" count="0" type="stmt"/>
        <line num="116" count="24" type="stmt"/>
        <line num="137" count="8" type="stmt"/>
        <line num="152" count="10" type="stmt"/>
      </file>
      <file name="NeurodivergenceStep.tsx" path="C:\Users\DAW2\Desktop\bluvi-frontend\src\pages\Register\NeurodivergenceStep.tsx">
        <metrics statements="29" coveredstatements="28" conditionals="20" coveredconditionals="14" methods="8" coveredmethods="8"/>
        <line num="9" count="2" type="stmt"/>
        <line num="10" count="6" type="stmt"/>
        <line num="11" count="6" type="stmt"/>
        <line num="12" count="6" type="stmt"/>
        <line num="13" count="6" type="stmt"/>
        <line num="15" count="6" type="stmt"/>
        <line num="16" count="3" type="stmt"/>
        <line num="17" count="3" type="stmt"/>
        <line num="18" count="3" type="stmt"/>
        <line num="19" count="3" type="cond" truecount="1" falsecount="1"/>
        <line num="20" count="3" type="stmt"/>
        <line num="23" count="0" type="stmt"/>
        <line num="26" count="3" type="stmt"/>
        <line num="29" count="6" type="stmt"/>
        <line num="30" count="2" type="cond" truecount="1" falsecount="1"/>
        <line num="31" count="2" type="stmt"/>
        <line num="33" count="2" type="cond" truecount="2" falsecount="0"/>
        <line num="34" count="1" type="stmt"/>
        <line num="35" count="1" type="stmt"/>
        <line num="37" count="1" type="cond" truecount="1" falsecount="1"/>
        <line num="38" count="1" type="stmt"/>
        <line num="44" count="6" type="stmt"/>
        <line num="45" count="2" type="stmt"/>
        <line num="48" count="6" type="stmt"/>
        <line num="74" count="4" type="stmt"/>
        <line num="75" count="4" type="cond" truecount="2" falsecount="0"/>
        <line num="76" count="4" type="stmt"/>
        <line num="78" count="4" type="stmt"/>
        <line num="83" count="2" type="stmt"/>
      </file>
      <file name="PhotoUploadStep.tsx" path="C:\Users\DAW2\Desktop\bluvi-frontend\src\pages\Register\PhotoUploadStep.tsx">
        <metrics statements="33" coveredstatements="29" conditionals="24" coveredconditionals="17" methods="11" coveredmethods="8"/>
        <line num="9" count="1" type="stmt"/>
        <line num="10" count="4" type="stmt"/>
        <line num="11" count="4" type="stmt"/>
        <line num="13" count="4" type="stmt"/>
        <line num="15" count="4" type="stmt"/>
        <line num="16" count="4" type="stmt"/>
        <line num="18" count="4" type="stmt"/>
        <line num="19" count="0" type="cond" truecount="0" falsecount="2"/>
        <line num="20" count="0" type="stmt"/>
        <line num="24" count="4" type="stmt"/>
        <line num="25" count="1" type="stmt"/>
        <line num="26" count="1" type="cond" truecount="3" falsecount="1"/>
        <line num="27" count="1" type="stmt"/>
        <line num="28" count="1" type="stmt"/>
        <line num="29" count="1" type="stmt"/>
        <line num="30" count="1" type="stmt"/>
        <line num="31" count="1" type="stmt"/>
        <line num="33" count="1" type="stmt"/>
        <line num="37" count="4" type="stmt"/>
        <line num="38" count="1" type="stmt"/>
        <line num="39" count="1" type="stmt"/>
        <line num="42" count="4" type="stmt"/>
        <line num="43" count="1" type="stmt"/>
        <line num="44" count="1" type="stmt"/>
        <line num="45" count="1" type="stmt"/>
        <line num="46" count="1" type="stmt"/>
        <line num="49" count="4" type="stmt"/>
        <line num="70" count="1" type="stmt"/>
        <line num="93" count="1" type="stmt"/>
        <line num="104" count="12" type="stmt"/>
        <line num="105" count="12" type="stmt"/>
        <line num="112" count="0" type="stmt"/>
        <line num="127" count="0" type="stmt"/>
      </file>
      <file name="ProfileDescriptionStep.tsx" path="C:\Users\DAW2\Desktop\bluvi-frontend\src\pages\Register\ProfileDescriptionStep.tsx">
        <metrics statements="21" coveredstatements="20" conditionals="18" coveredconditionals="15" methods="3" coveredmethods="3"/>
        <line num="10" count="2" type="stmt"/>
        <line num="11" count="31" type="stmt"/>
        <line num="12" count="31" type="stmt"/>
        <line num="13" count="31" type="stmt"/>
        <line num="14" count="31" type="stmt"/>
        <line num="16" count="31" type="stmt"/>
        <line num="18" count="31" type="stmt"/>
        <line num="19" count="3" type="stmt"/>
        <line num="20" count="3" type="stmt"/>
        <line num="21" count="3" type="stmt"/>
        <line num="22" count="3" type="stmt"/>
        <line num="24" count="2" type="cond" truecount="1" falsecount="1"/>
        <line num="25" count="2" type="stmt"/>
        <line num="28" count="1" type="stmt"/>
        <line num="29" count="1" type="cond" truecount="1" falsecount="1"/>
        <line num="31" count="3" type="stmt"/>
        <line num="35" count="31" type="stmt"/>
        <line num="72" count="23" type="stmt"/>
        <line num="73" count="23" type="stmt"/>
        <line num="74" count="23" type="cond" truecount="1" falsecount="1"/>
        <line num="75" count="0" type="stmt"/>
      </file>
      <file name="SafetyTipsStep.tsx" path="C:\Users\DAW2\Desktop\bluvi-frontend\src\pages\Register\SafetyTipsStep.tsx">
        <metrics statements="7" coveredstatements="7" conditionals="0" coveredconditionals="0" methods="3" coveredmethods="3"/>
        <line num="7" count="2" type="stmt"/>
        <line num="30" count="2" type="stmt"/>
        <line num="31" count="2" type="stmt"/>
        <line num="33" count="2" type="stmt"/>
        <line num="34" count="2" type="stmt"/>
        <line num="37" count="2" type="stmt"/>
        <line num="57" count="8" type="stmt"/>
      </file>
      <file name="SexualityStep.tsx" path="C:\Users\DAW2\Desktop\bluvi-frontend\src\pages\Register\SexualityStep.tsx">
        <metrics statements="19" coveredstatements="18" conditionals="8" coveredconditionals="6" methods="6" coveredmethods="6"/>
        <line num="9" count="2" type="stmt"/>
        <line num="11" count="5" type="stmt"/>
        <line num="12" count="5" type="stmt"/>
        <line num="14" count="5" type="stmt"/>
        <line num="16" count="5" type="stmt"/>
        <line num="17" count="2" type="stmt"/>
        <line num="18" count="2" type="stmt"/>
        <line num="19" count="2" type="stmt"/>
        <line num="20" count="2" type="cond" truecount="1" falsecount="1"/>
        <line num="21" count="2" type="stmt"/>
        <line num="24" count="0" type="stmt"/>
        <line num="27" count="2" type="stmt"/>
        <line num="30" count="5" type="stmt"/>
        <line num="31" count="1" type="cond" truecount="1" falsecount="1"/>
        <line num="32" count="1" type="stmt"/>
        <line num="35" count="5" type="stmt"/>
        <line num="56" count="4" type="stmt"/>
        <line num="58" count="4" type="stmt"/>
        <line num="63" count="2" type="stmt"/>
      </file>
    </package>
    <package name="services">
      <metrics statements="112" coveredstatements="18" conditionals="50" coveredconditionals="0" methods="26" coveredmethods="0"/>
      <file name="api.ts" path="C:\Users\DAW2\Desktop\bluvi-frontend\src\services\api.ts">
        <metrics statements="49" coveredstatements="8" conditionals="22" coveredconditionals="0" methods="10" coveredmethods="0"/>
        <line num="3" count="9" type="stmt"/>
        <line num="11" count="9" type="stmt"/>
        <line num="17" count="9" type="stmt"/>
        <line num="18" count="9" type="stmt"/>
        <line num="20" count="9" type="stmt"/>
        <line num="21" count="0" type="cond" truecount="0" falsecount="2"/>
        <line num="23" count="0" type="stmt"/>
        <line num="30" count="0" type="stmt"/>
        <line num="33" count="9" type="cond" truecount="0" falsecount="1"/>
        <line num="34" count="0" type="stmt"/>
        <line num="35" count="0" type="cond" truecount="0" falsecount="2"/>
        <line num="36" count="0" type="stmt"/>
        <line num="38" count="0" type="stmt"/>
        <line num="41" count="0" type="stmt"/>
        <line num="44" count="9" type="stmt"/>
        <line num="45" count="0" type="stmt"/>
        <line num="46" count="0" type="cond" truecount="0" falsecount="2"/>
        <line num="47" count="0" type="stmt"/>
        <line num="49" count="0" type="stmt"/>
        <line num="52" count="9" type="stmt"/>
        <line num="53" count="0" type="stmt"/>
        <line num="55" count="0" type="stmt"/>
        <line num="57" count="0" type="cond" truecount="0" falsecount="2"/>
        <line num="63" count="0" type="cond" truecount="0" falsecount="2"/>
        <line num="64" count="0" type="stmt"/>
        <line num="65" count="0" type="stmt"/>
        <line num="67" count="0" type="cond" truecount="0" falsecount="2"/>
        <line num="68" count="0" type="stmt"/>
        <line num="70" count="0" type="stmt"/>
        <line num="71" count="0" type="stmt"/>
        <line num="74" count="0" type="stmt"/>
        <line num="75" count="0" type="stmt"/>
        <line num="77" count="0" type="stmt"/>
        <line num="78" count="0" type="stmt"/>
        <line num="82" count="0" type="cond" truecount="0" falsecount="2"/>
        <line num="84" count="0" type="cond" truecount="0" falsecount="2"/>
        <line num="85" count="0" type="stmt"/>
        <line num="87" count="0" type="stmt"/>
        <line num="89" count="0" type="cond" truecount="0" falsecount="2"/>
        <line num="90" count="0" type="stmt"/>
        <line num="93" count="0" type="stmt"/>
        <line num="94" count="0" type="stmt"/>
        <line num="97" count="0" type="stmt"/>
        <line num="98" count="0" type="stmt"/>
        <line num="99" count="0" type="stmt"/>
        <line num="100" count="0" type="stmt"/>
        <line num="101" count="0" type="stmt"/>
        <line num="103" count="0" type="stmt"/>
        <line num="106" count="0" type="stmt"/>
      </file>
      <file name="auth.service.ts" path="C:\Users\DAW2\Desktop\bluvi-frontend\src\services\auth.service.ts">
        <metrics statements="17" coveredstatements="2" conditionals="0" coveredconditionals="0" methods="6" coveredmethods="0"/>
        <line num="3" count="9" type="stmt"/>
        <line num="29" count="9" type="stmt"/>
        <line num="31" count="0" type="stmt"/>
        <line num="32" count="0" type="stmt"/>
        <line num="36" count="0" type="stmt"/>
        <line num="37" count="0" type="stmt"/>
        <line num="41" count="0" type="stmt"/>
        <line num="42" count="0" type="stmt"/>
        <line num="46" count="0" type="stmt"/>
        <line num="47" count="0" type="stmt"/>
        <line num="51" count="0" type="stmt"/>
        <line num="52" count="0" type="stmt"/>
        <line num="56" count="0" type="stmt"/>
        <line num="57" count="0" type="stmt"/>
        <line num="59" count="0" type="stmt"/>
        <line num="61" count="0" type="stmt"/>
        <line num="62" count="0" type="stmt"/>
      </file>
      <file name="cities.service.ts" path="C:\Users\DAW2\Desktop\bluvi-frontend\src\services\cities.service.ts">
        <metrics statements="46" coveredstatements="8" conditionals="28" coveredconditionals="0" methods="10" coveredmethods="0"/>
        <line num="1" count="2" type="stmt"/>
        <line num="3" count="2" type="stmt"/>
        <line num="30" count="2" type="stmt"/>
        <line num="31" count="0" type="stmt"/>
        <line num="32" count="0" type="cond" truecount="0" falsecount="2"/>
        <line num="35" count="2" type="stmt"/>
        <line num="36" count="0" type="stmt"/>
        <line num="43" count="2" type="stmt"/>
        <line num="49" count="2" type="stmt"/>
        <line num="50" count="0" type="stmt"/>
        <line num="51" count="0" type="cond" truecount="0" falsecount="2"/>
        <line num="52" count="0" type="stmt"/>
        <line num="54" count="0" type="stmt"/>
        <line num="57" count="2" type="stmt"/>
        <line num="58" count="0" type="stmt"/>
        <line num="59" count="0" type="cond" truecount="0" falsecount="2"/>
        <line num="60" count="0" type="stmt"/>
        <line num="63" count="0" type="stmt"/>
        <line num="64" count="0" type="stmt"/>
        <line num="66" count="0" type="stmt"/>
        <line num="69" count="2" type="stmt"/>
        <line num="74" count="0" type="stmt"/>
        <line num="75" count="0" type="cond" truecount="0" falsecount="2"/>
        <line num="76" count="0" type="stmt"/>
        <line num="79" count="0" type="stmt"/>
        <line num="80" count="0" type="stmt"/>
        <line num="81" count="0" type="stmt"/>
        <line num="83" count="0" type="cond" truecount="0" falsecount="2"/>
        <line num="84" count="0" type="stmt"/>
        <line num="87" count="0" type="stmt"/>
        <line num="88" count="0" type="cond" truecount="0" falsecount="2"/>
        <line num="90" count="0" type="stmt"/>
        <line num="91" count="0" type="stmt"/>
        <line num="92" count="0" type="stmt"/>
        <line num="93" count="0" type="cond" truecount="0" falsecount="2"/>
        <line num="94" count="0" type="stmt"/>
        <line num="96" count="0" type="cond" truecount="0" falsecount="2"/>
        <line num="97" count="0" type="stmt"/>
        <line num="98" count="0" type="cond" truecount="0" falsecount="2"/>
        <line num="99" count="0" type="stmt"/>
        <line num="103" count="0" type="cond" truecount="0" falsecount="2"/>
        <line num="104" count="0" type="stmt"/>
        <line num="107" count="0" type="stmt"/>
        <line num="109" count="0" type="cond" truecount="0" falsecount="4"/>
        <line num="110" count="0" type="stmt"/>
        <line num="113" count="0" type="stmt"/>
      </file>
    </package>
  </project>
</coverage>
