{"C:\\Users\\Taller\\Desktop\\bluvi-frontend\\src\\components\\AccessibleErrorTooltip.tsx": {"path":"C:\\Users\\Taller\\Desktop\\bluvi-frontend\\src\\components\\AccessibleErrorTooltip.tsx","statementMap":{"0":{"start":{"line":10,"column":77},"end":{"line":26,"column":null}},"1":{"start":{"line":11,"column":4},"end":{"line":11,"column":null}},"2":{"start":{"line":11,"column":18},"end":{"line":11,"column":null}},"3":{"start":{"line":13,"column":4},"end":{"line":22,"column":null}}},"fnMap":{"0":{"name":"(anonymous_0)","decl":{"start":{"line":10,"column":77},"end":{"line":10,"column":78}},"loc":{"start":{"line":10,"column":109},"end":{"line":26,"column":null}},"line":10}},"branchMap":{"0":{"loc":{"start":{"line":10,"column":93},"end":{"line":10,"column":107}},"type":"default-arg","locations":[{"start":{"line":10,"column":105},"end":{"line":10,"column":107}}],"line":10},"1":{"loc":{"start":{"line":11,"column":4},"end":{"line":11,"column":null}},"type":"if","locations":[{"start":{"line":11,"column":4},"end":{"line":11,"column":null}},{"start":{},"end":{}}],"line":11}},"s":{"0":3,"1":62,"2":60,"3":2},"f":{"0":62},"b":{"0":[62],"1":[60,2]},"meta":{"lastBranch":2,"lastFunction":1,"lastStatement":4,"seen":{"s:10:77:26:Infinity":0,"f:10:77:10:78":0,"b:10:105:10:107":0,"b:11:4:11:Infinity:undefined:undefined:undefined:undefined":1,"s:11:4:11:Infinity":1,"s:11:18:11:Infinity":2,"s:13:4:22:Infinity":3}}}
,"C:\\Users\\Taller\\Desktop\\bluvi-frontend\\src\\components\\AnimatedStep.tsx": {"path":"C:\\Users\\Taller\\Desktop\\bluvi-frontend\\src\\components\\AnimatedStep.tsx","statementMap":{"0":{"start":{"line":11,"column":28},"end":{"line":40,"column":null}},"1":{"start":{"line":12,"column":22},"end":{"line":12,"column":null}},"2":{"start":{"line":13,"column":10},"end":{"line":13,"column":null}},"3":{"start":{"line":14,"column":28},"end":{"line":14,"column":null}},"4":{"start":{"line":15,"column":27},"end":{"line":15,"column":null}},"5":{"start":{"line":16,"column":25},"end":{"line":18,"column":null}},"6":{"start":{"line":19,"column":29},"end":{"line":19,"column":null}},"7":{"start":{"line":20,"column":29},"end":{"line":20,"column":null}},"8":{"start":{"line":21,"column":26},"end":{"line":21,"column":null}},"9":{"start":{"line":23,"column":4},"end":{"line":37,"column":null}}},"fnMap":{"0":{"name":"(anonymous_0)","decl":{"start":{"line":11,"column":28},"end":{"line":11,"column":29}},"loc":{"start":{"line":11,"column":91},"end":{"line":40,"column":null}},"line":11}},"branchMap":{"0":{"loc":{"start":{"line":11,"column":41},"end":{"line":11,"column":70}},"type":"default-arg","locations":[{"start":{"line":11,"column":53},"end":{"line":11,"column":70}}],"line":11},"1":{"loc":{"start":{"line":15,"column":27},"end":{"line":15,"column":null}},"type":"cond-expr","locations":[{"start":{"line":15,"column":45},"end":{"line":15,"column":67}},{"start":{"line":15,"column":67},"end":{"line":15,"column":null}}],"line":15},"2":{"loc":{"start":{"line":16,"column":25},"end":{"line":18,"column":null}},"type":"cond-expr","locations":[{"start":{"line":17,"column":10},"end":{"line":17,"column":null}},{"start":{"line":18,"column":10},"end":{"line":18,"column":null}}],"line":16},"3":{"loc":{"start":{"line":19,"column":29},"end":{"line":19,"column":null}},"type":"cond-expr","locations":[{"start":{"line":19,"column":47},"end":{"line":19,"column":64}},{"start":{"line":19,"column":64},"end":{"line":19,"column":null}}],"line":19},"4":{"loc":{"start":{"line":20,"column":29},"end":{"line":20,"column":null}},"type":"cond-expr","locations":[{"start":{"line":20,"column":47},"end":{"line":20,"column":64}},{"start":{"line":20,"column":64},"end":{"line":20,"column":null}}],"line":20},"5":{"loc":{"start":{"line":21,"column":26},"end":{"line":21,"column":null}},"type":"cond-expr","locations":[{"start":{"line":21,"column":44},"end":{"line":21,"column":61}},{"start":{"line":21,"column":61},"end":{"line":21,"column":null}}],"line":21},"6":{"loc":{"start":{"line":25,"column":21},"end":{"line":25,"column":null}},"type":"cond-expr","locations":[{"start":{"line":25,"column":36},"end":{"line":25,"column":44}},{"start":{"line":25,"column":44},"end":{"line":25,"column":null}}],"line":25},"7":{"loc":{"start":{"line":26,"column":21},"end":{"line":26,"column":null}},"type":"cond-expr","locations":[{"start":{"line":26,"column":36},"end":{"line":26,"column":48}},{"start":{"line":26,"column":48},"end":{"line":26,"column":null}}],"line":26},"8":{"loc":{"start":{"line":27,"column":18},"end":{"line":27,"column":null}},"type":"cond-expr","locations":[{"start":{"line":27,"column":33},"end":{"line":27,"column":45}},{"start":{"line":27,"column":45},"end":{"line":27,"column":null}}],"line":27},"9":{"loc":{"start":{"line":28,"column":24},"end":{"line":34,"column":null}},"type":"cond-expr","locations":[{"start":{"line":28,"column":39},"end":{"line":28,"column":57}},{"start":{"line":28,"column":57},"end":{"line":34,"column":null}}],"line":28}},"s":{"0":7,"1":214,"2":214,"3":214,"4":214,"5":214,"6":214,"7":214,"8":214,"9":214},"f":{"0":214},"b":{"0":[214],"1":[118,96],"2":[118,96],"3":[118,96],"4":[118,96],"5":[118,96],"6":[0,214],"7":[0,214],"8":[0,214],"9":[0,214]},"meta":{"lastBranch":10,"lastFunction":1,"lastStatement":10,"seen":{"s:11:28:40:Infinity":0,"f:11:28:11:29":0,"b:11:53:11:70":0,"s:12:22:12:Infinity":1,"s:13:10:13:Infinity":2,"s:14:28:14:Infinity":3,"s:15:27:15:Infinity":4,"b:15:45:15:67:15:67:15:Infinity":1,"s:16:25:18:Infinity":5,"b:17:10:17:Infinity:18:10:18:Infinity":2,"s:19:29:19:Infinity":6,"b:19:47:19:64:19:64:19:Infinity":3,"s:20:29:20:Infinity":7,"b:20:47:20:64:20:64:20:Infinity":4,"s:21:26:21:Infinity":8,"b:21:44:21:61:21:61:21:Infinity":5,"s:23:4:37:Infinity":9,"b:25:36:25:44:25:44:25:Infinity":6,"b:26:36:26:48:26:48:26:Infinity":7,"b:27:33:27:45:27:45:27:Infinity":8,"b:28:39:28:57:28:57:34:Infinity":9}}}
,"C:\\Users\\Taller\\Desktop\\bluvi-frontend\\src\\components\\Button.tsx": {"path":"C:\\Users\\Taller\\Desktop\\bluvi-frontend\\src\\components\\Button.tsx","statementMap":{"0":{"start":{"line":7,"column":31},"end":{"line":33,"column":null}},"1":{"start":{"line":35,"column":26},"end":{"line":51,"column":null}},"2":{"start":{"line":36,"column":4},"end":{"line":50,"column":null}},"3":{"start":{"line":40,"column":12},"end":{"line":40,"column":null}},"4":{"start":{"line":40,"column":24},"end":{"line":40,"column":null}},"5":{"start":{"line":42,"column":37},"end":{"line":42,"column":null}},"6":{"start":{"line":43,"column":30},"end":{"line":43,"column":null}},"7":{"start":{"line":45,"column":12},"end":{"line":45,"column":null}},"8":{"start":{"line":45,"column":48},"end":{"line":45,"column":null}},"9":{"start":{"line":46,"column":12},"end":{"line":46,"column":null}},"10":{"start":{"line":46,"column":55},"end":{"line":46,"column":null}},"11":{"start":{"line":47,"column":12},"end":{"line":47,"column":null}},"12":{"start":{"line":47,"column":55},"end":{"line":47,"column":null}},"13":{"start":{"line":49,"column":12},"end":{"line":49,"column":null}},"14":{"start":{"line":53,"column":45},"end":{"line":89,"column":null}},"15":{"start":{"line":54,"column":23},"end":{"line":54,"column":null}},"16":{"start":{"line":55,"column":30},"end":{"line":55,"column":null}},"17":{"start":{"line":57,"column":4},"end":{"line":86,"column":null}}},"fnMap":{"0":{"name":"(anonymous_0)","decl":{"start":{"line":35,"column":26},"end":{"line":35,"column":27}},"loc":{"start":{"line":35,"column":27},"end":{"line":51,"column":null}},"line":35},"1":{"name":"(anonymous_1)","decl":{"start":{"line":39,"column":14},"end":{"line":39,"column":15}},"loc":{"start":{"line":39,"column":15},"end":{"line":50,"column":null}},"line":39},"2":{"name":"(anonymous_2)","decl":{"start":{"line":53,"column":45},"end":{"line":53,"column":46}},"loc":{"start":{"line":53,"column":84},"end":{"line":89,"column":null}},"line":53}},"branchMap":{"0":{"loc":{"start":{"line":40,"column":12},"end":{"line":40,"column":null}},"type":"if","locations":[{"start":{"line":40,"column":12},"end":{"line":40,"column":null}},{"start":{},"end":{}}],"line":40},"1":{"loc":{"start":{"line":42,"column":37},"end":{"line":42,"column":null}},"type":"cond-expr","locations":[{"start":{"line":42,"column":61},"end":{"line":42,"column":78}},{"start":{"line":42,"column":78},"end":{"line":42,"column":null}}],"line":42},"2":{"loc":{"start":{"line":43,"column":30},"end":{"line":43,"column":null}},"type":"binary-expr","locations":[{"start":{"line":43,"column":30},"end":{"line":43,"column":67}},{"start":{"line":43,"column":67},"end":{"line":43,"column":null}}],"line":43},"3":{"loc":{"start":{"line":45,"column":12},"end":{"line":45,"column":null}},"type":"if","locations":[{"start":{"line":45,"column":12},"end":{"line":45,"column":null}},{"start":{},"end":{}}],"line":45},"4":{"loc":{"start":{"line":46,"column":12},"end":{"line":46,"column":null}},"type":"if","locations":[{"start":{"line":46,"column":12},"end":{"line":46,"column":null}},{"start":{},"end":{}}],"line":46},"5":{"loc":{"start":{"line":47,"column":12},"end":{"line":47,"column":null}},"type":"if","locations":[{"start":{"line":47,"column":12},"end":{"line":47,"column":null}},{"start":{},"end":{}}],"line":47},"6":{"loc":{"start":{"line":53,"column":48},"end":{"line":53,"column":62}},"type":"default-arg","locations":[{"start":{"line":53,"column":60},"end":{"line":53,"column":62}}],"line":53},"7":{"loc":{"start":{"line":76,"column":14},"end":{"line":76,"column":null}},"type":"cond-expr","locations":[{"start":{"line":76,"column":28},"end":{"line":76,"column":48}},{"start":{"line":76,"column":48},"end":{"line":76,"column":null}}],"line":76},"8":{"loc":{"start":{"line":77,"column":14},"end":{"line":77,"column":null}},"type":"cond-expr","locations":[{"start":{"line":77,"column":35},"end":{"line":77,"column":50}},{"start":{"line":77,"column":50},"end":{"line":77,"column":null}}],"line":77}},"s":{"0":9,"1":9,"2":206,"3":2227,"4":0,"5":2227,"6":2227,"7":2227,"8":1800,"9":427,"10":315,"11":112,"12":0,"13":112,"14":9,"15":206,"16":206,"17":206},"f":{"0":206,"1":2227,"2":206},"b":{"0":[0,2227],"1":[0,2227],"2":[2227,0],"3":[1800,427],"4":[315,112],"5":[0,112],"6":[206],"7":[91,115],"8":[94,112]},"meta":{"lastBranch":9,"lastFunction":3,"lastStatement":18,"seen":{"s:7:31:33:Infinity":0,"s:35:26:51:Infinity":1,"f:35:26:35:27":0,"s:36:4:50:Infinity":2,"f:39:14:39:15":1,"b:40:12:40:Infinity:undefined:undefined:undefined:undefined":0,"s:40:12:40:Infinity":3,"s:40:24:40:Infinity":4,"s:42:37:42:Infinity":5,"b:42:61:42:78:42:78:42:Infinity":1,"s:43:30:43:Infinity":6,"b:43:30:43:67:43:67:43:Infinity":2,"b:45:12:45:Infinity:undefined:undefined:undefined:undefined":3,"s:45:12:45:Infinity":7,"s:45:48:45:Infinity":8,"b:46:12:46:Infinity:undefined:undefined:undefined:undefined":4,"s:46:12:46:Infinity":9,"s:46:55:46:Infinity":10,"b:47:12:47:Infinity:undefined:undefined:undefined:undefined":5,"s:47:12:47:Infinity":11,"s:47:55:47:Infinity":12,"s:49:12:49:Infinity":13,"s:53:45:89:Infinity":14,"f:53:45:53:46":2,"b:53:60:53:62":6,"s:54:23:54:Infinity":15,"s:55:30:55:Infinity":16,"s:57:4:86:Infinity":17,"b:76:28:76:48:76:48:76:Infinity":7,"b:77:35:77:50:77:50:77:Infinity":8}}}
,"C:\\Users\\Taller\\Desktop\\bluvi-frontend\\src\\components\\DatePicker.tsx": {"path":"C:\\Users\\Taller\\Desktop\\bluvi-frontend\\src\\components\\DatePicker.tsx","statementMap":{"0":{"start":{"line":32,"column":41},"end":{"line":32,"column":null}},"1":{"start":{"line":33,"column":10},"end":{"line":37,"column":null}},"2":{"start":{"line":34,"column":8},"end":{"line":34,"column":null}},"3":{"start":{"line":34,"column":25},"end":{"line":34,"column":null}},"4":{"start":{"line":35,"column":8},"end":{"line":35,"column":null}},"5":{"start":{"line":35,"column":36},"end":{"line":35,"column":null}},"6":{"start":{"line":36,"column":8},"end":{"line":36,"column":null}},"7":{"start":{"line":39,"column":24},"end":{"line":43,"column":null}},"8":{"start":{"line":40,"column":21},"end":{"line":40,"column":null}},"9":{"start":{"line":41,"column":22},"end":{"line":41,"column":null}},"10":{"start":{"line":42,"column":8},"end":{"line":42,"column":null}},"11":{"start":{"line":45,"column":4},"end":{"line":107,"column":null}},"12":{"start":{"line":51,"column":14},"end":{"line":54,"column":null}},"13":{"start":{"line":78,"column":39},"end":{"line":78,"column":null}},"14":{"start":{"line":95,"column":39},"end":{"line":95,"column":null}},"15":{"start":{"line":104,"column":18},"end":{"line":107,"column":null}}},"fnMap":{"0":{"name":"DatePicker","decl":{"start":{"line":31,"column":16},"end":{"line":31,"column":48}},"loc":{"start":{"line":31,"column":114},"end":{"line":116,"column":null}},"line":31},"1":{"name":"(anonymous_1)","decl":{"start":{"line":33,"column":39},"end":{"line":33,"column":null}},"loc":{"start":{"line":33,"column":39},"end":{"line":37,"column":7}},"line":33},"2":{"name":"(anonymous_2)","decl":{"start":{"line":39,"column":24},"end":{"line":39,"column":25}},"loc":{"start":{"line":39,"column":25},"end":{"line":43,"column":null}},"line":39},"3":{"name":"(anonymous_3)","decl":{"start":{"line":51,"column":13},"end":{"line":51,"column":14}},"loc":{"start":{"line":51,"column":14},"end":{"line":54,"column":null}},"line":51},"4":{"name":"(anonymous_4)","decl":{"start":{"line":78,"column":33},"end":{"line":78,"column":39}},"loc":{"start":{"line":78,"column":39},"end":{"line":78,"column":null}},"line":78},"5":{"name":"(anonymous_5)","decl":{"start":{"line":95,"column":33},"end":{"line":95,"column":39}},"loc":{"start":{"line":95,"column":39},"end":{"line":95,"column":null}},"line":95},"6":{"name":"(anonymous_6)","decl":{"start":{"line":104,"column":17},"end":{"line":104,"column":18}},"loc":{"start":{"line":104,"column":18},"end":{"line":107,"column":null}},"line":104}},"branchMap":{"0":{"loc":{"start":{"line":34,"column":8},"end":{"line":34,"column":null}},"type":"if","locations":[{"start":{"line":34,"column":8},"end":{"line":34,"column":null}},{"start":{},"end":{}}],"line":34},"1":{"loc":{"start":{"line":35,"column":8},"end":{"line":35,"column":null}},"type":"if","locations":[{"start":{"line":35,"column":8},"end":{"line":35,"column":null}},{"start":{},"end":{}}],"line":35},"2":{"loc":{"start":{"line":40,"column":21},"end":{"line":40,"column":null}},"type":"binary-expr","locations":[{"start":{"line":40,"column":21},"end":{"line":40,"column":37}},{"start":{"line":40,"column":37},"end":{"line":40,"column":48}},{"start":{"line":40,"column":52},"end":{"line":40,"column":null}}],"line":40},"3":{"loc":{"start":{"line":41,"column":22},"end":{"line":41,"column":null}},"type":"cond-expr","locations":[{"start":{"line":41,"column":45},"end":{"line":41,"column":50}},{"start":{"line":41,"column":50},"end":{"line":41,"column":null}}],"line":41},"4":{"loc":{"start":{"line":47,"column":9},"end":{"line":47,"column":null}},"type":"binary-expr","locations":[{"start":{"line":47,"column":9},"end":{"line":47,"column":18}},{"start":{"line":47,"column":9},"end":{"line":47,"column":null}}],"line":47},"5":{"loc":{"start":{"line":64,"column":9},"end":{"line":64,"column":null}},"type":"binary-expr","locations":[{"start":{"line":64,"column":9},"end":{"line":64,"column":24}},{"start":{"line":64,"column":9},"end":{"line":64,"column":null}}],"line":64},"6":{"loc":{"start":{"line":65,"column":9},"end":{"line":65,"column":null}},"type":"binary-expr","locations":[{"start":{"line":65,"column":9},"end":{"line":65,"column":25}},{"start":{"line":65,"column":9},"end":{"line":65,"column":null}}],"line":65},"7":{"loc":{"start":{"line":71,"column":30},"end":{"line":71,"column":null}},"type":"binary-expr","locations":[{"start":{"line":71,"column":30},"end":{"line":71,"column":46}},{"start":{"line":71,"column":46},"end":{"line":71,"column":null}}],"line":71}},"s":{"0":13,"1":13,"2":7,"3":1,"4":6,"5":1,"6":5,"7":13,"8":2,"9":2,"10":2,"11":13,"12":75,"13":1,"14":1,"15":5},"f":{"0":13,"1":7,"2":2,"3":75,"4":1,"5":1,"6":5},"b":{"0":[1,6],"1":[1,5],"2":[2,1,1],"3":[1,1],"4":[13,9],"5":[13,9],"6":[13,3],"7":[13,10]},"meta":{"lastBranch":8,"lastFunction":7,"lastStatement":16,"seen":{"f:31:16:31:48":0,"s:32:41:32:Infinity":0,"s:33:10:37:Infinity":1,"f:33:39:33:Infinity":1,"b:34:8:34:Infinity:undefined:undefined:undefined:undefined":0,"s:34:8:34:Infinity":2,"s:34:25:34:Infinity":3,"b:35:8:35:Infinity:undefined:undefined:undefined:undefined":1,"s:35:8:35:Infinity":4,"s:35:36:35:Infinity":5,"s:36:8:36:Infinity":6,"s:39:24:43:Infinity":7,"f:39:24:39:25":2,"s:40:21:40:Infinity":8,"b:40:21:40:37:40:37:40:48:40:52:40:Infinity":2,"s:41:22:41:Infinity":9,"b:41:45:41:50:41:50:41:Infinity":3,"s:42:8:42:Infinity":10,"s:45:4:107:Infinity":11,"b:47:9:47:18:47:9:47:Infinity":4,"f:51:13:51:14":3,"s:51:14:54:Infinity":12,"b:64:9:64:24:64:9:64:Infinity":5,"b:65:9:65:25:65:9:65:Infinity":6,"b:71:30:71:46:71:46:71:Infinity":7,"f:78:33:78:39":4,"s:78:39:78:Infinity":13,"f:95:33:95:39":5,"s:95:39:95:Infinity":14,"f:104:17:104:18":6,"s:104:18:107:Infinity":15}}}
,"C:\\Users\\Taller\\Desktop\\bluvi-frontend\\src\\components\\InputField.tsx": {"path":"C:\\Users\\Taller\\Desktop\\bluvi-frontend\\src\\components\\InputField.tsx","statementMap":{"0":{"start":{"line":27,"column":57},"end":{"line":134,"column":null}},"1":{"start":{"line":50,"column":41},"end":{"line":50,"column":null}},"2":{"start":{"line":52,"column":27},"end":{"line":52,"column":null}},"3":{"start":{"line":53,"column":34},"end":{"line":53,"column":null}},"4":{"start":{"line":55,"column":24},"end":{"line":55,"column":null}},"5":{"start":{"line":57,"column":27},"end":{"line":61,"column":null}},"6":{"start":{"line":58,"column":8},"end":{"line":58,"column":null}},"7":{"start":{"line":58,"column":33},"end":{"line":58,"column":null}},"8":{"start":{"line":59,"column":8},"end":{"line":59,"column":null}},"9":{"start":{"line":59,"column":31},"end":{"line":59,"column":null}},"10":{"start":{"line":60,"column":8},"end":{"line":60,"column":null}},"11":{"start":{"line":63,"column":33},"end":{"line":63,"column":null}},"12":{"start":{"line":64,"column":29},"end":{"line":64,"column":null}},"13":{"start":{"line":66,"column":4},"end":{"line":129,"column":null}},"14":{"start":{"line":110,"column":31},"end":{"line":110,"column":null}}},"fnMap":{"0":{"name":"(anonymous_0)","decl":{"start":{"line":27,"column":57},"end":{"line":27,"column":58}},"loc":{"start":{"line":48,"column":5},"end":{"line":134,"column":null}},"line":48},"1":{"name":"(anonymous_1)","decl":{"start":{"line":57,"column":27},"end":{"line":57,"column":null}},"loc":{"start":{"line":57,"column":27},"end":{"line":61,"column":null}},"line":57},"2":{"name":"(anonymous_2)","decl":{"start":{"line":110,"column":25},"end":{"line":110,"column":31}},"loc":{"start":{"line":110,"column":31},"end":{"line":110,"column":null}},"line":110}},"branchMap":{"0":{"loc":{"start":{"line":32,"column":8},"end":{"line":32,"column":21}},"type":"default-arg","locations":[{"start":{"line":32,"column":15},"end":{"line":32,"column":21}}],"line":32},"1":{"loc":{"start":{"line":34,"column":8},"end":{"line":34,"column":25}},"type":"default-arg","locations":[{"start":{"line":34,"column":16},"end":{"line":34,"column":25}}],"line":34},"2":{"loc":{"start":{"line":36,"column":8},"end":{"line":36,"column":25}},"type":"default-arg","locations":[{"start":{"line":36,"column":20},"end":{"line":36,"column":25}}],"line":36},"3":{"loc":{"start":{"line":38,"column":8},"end":{"line":38,"column":36}},"type":"default-arg","locations":[{"start":{"line":38,"column":21},"end":{"line":38,"column":36}}],"line":38},"4":{"loc":{"start":{"line":53,"column":34},"end":{"line":53,"column":null}},"type":"binary-expr","locations":[{"start":{"line":53,"column":34},"end":{"line":53,"column":47}},{"start":{"line":53,"column":47},"end":{"line":53,"column":66}},{"start":{"line":53,"column":66},"end":{"line":53,"column":95}},{"start":{"line":53,"column":95},"end":{"line":53,"column":null}}],"line":53},"5":{"loc":{"start":{"line":55,"column":24},"end":{"line":55,"column":null}},"type":"cond-expr","locations":[{"start":{"line":55,"column":42},"end":{"line":55,"column":80}},{"start":{"line":55,"column":80},"end":{"line":55,"column":null}}],"line":55},"6":{"loc":{"start":{"line":55,"column":42},"end":{"line":55,"column":80}},"type":"cond-expr","locations":[{"start":{"line":55,"column":57},"end":{"line":55,"column":66}},{"start":{"line":55,"column":66},"end":{"line":55,"column":80}}],"line":55},"7":{"loc":{"start":{"line":58,"column":8},"end":{"line":58,"column":null}},"type":"if","locations":[{"start":{"line":58,"column":8},"end":{"line":58,"column":null}},{"start":{},"end":{}}],"line":58},"8":{"loc":{"start":{"line":59,"column":8},"end":{"line":59,"column":null}},"type":"if","locations":[{"start":{"line":59,"column":8},"end":{"line":59,"column":null}},{"start":{},"end":{}}],"line":59},"9":{"loc":{"start":{"line":63,"column":33},"end":{"line":63,"column":null}},"type":"binary-expr","locations":[{"start":{"line":63,"column":33},"end":{"line":63,"column":53}},{"start":{"line":63,"column":53},"end":{"line":63,"column":91}}],"line":63},"10":{"loc":{"start":{"line":63,"column":53},"end":{"line":63,"column":91}},"type":"cond-expr","locations":[{"start":{"line":63,"column":66},"end":{"line":63,"column":80}},{"start":{"line":63,"column":83},"end":{"line":63,"column":91}}],"line":63},"11":{"loc":{"start":{"line":64,"column":29},"end":{"line":64,"column":null}},"type":"cond-expr","locations":[{"start":{"line":64,"column":57},"end":{"line":64,"column":71}},{"start":{"line":64,"column":71},"end":{"line":64,"column":null}}],"line":64},"12":{"loc":{"start":{"line":84,"column":22},"end":{"line":84,"column":null}},"type":"cond-expr","locations":[{"start":{"line":84,"column":64},"end":{"line":84,"column":74}},{"start":{"line":84,"column":74},"end":{"line":84,"column":null}}],"line":84},"13":{"loc":{"start":{"line":84,"column":22},"end":{"line":84,"column":64}},"type":"binary-expr","locations":[{"start":{"line":84,"column":22},"end":{"line":84,"column":40}},{"start":{"line":84,"column":40},"end":{"line":84,"column":64}}],"line":84},"14":{"loc":{"start":{"line":85,"column":22},"end":{"line":85,"column":null}},"type":"cond-expr","locations":[{"start":{"line":85,"column":33},"end":{"line":85,"column":94}},{"start":{"line":85,"column":94},"end":{"line":85,"column":null}}],"line":85},"15":{"loc":{"start":{"line":96,"column":13},"end":{"line":103,"column":null}},"type":"binary-expr","locations":[{"start":{"line":96,"column":13},"end":{"line":96,"column":null}},{"start":{"line":96,"column":13},"end":{"line":103,"column":null}}],"line":96},"16":{"loc":{"start":{"line":107,"column":13},"end":{"line":117,"column":null}},"type":"binary-expr","locations":[{"start":{"line":107,"column":13},"end":{"line":107,"column":null}},{"start":{"line":107,"column":13},"end":{"line":117,"column":null}}],"line":107},"17":{"loc":{"start":{"line":111,"column":27},"end":{"line":111,"column":null}},"type":"binary-expr","locations":[{"start":{"line":111,"column":27},"end":{"line":111,"column":54}},{"start":{"line":111,"column":54},"end":{"line":111,"column":null}}],"line":111},"18":{"loc":{"start":{"line":112,"column":28},"end":{"line":112,"column":null}},"type":"cond-expr","locations":[{"start":{"line":112,"column":43},"end":{"line":112,"column":66}},{"start":{"line":112,"column":66},"end":{"line":112,"column":null}}],"line":112},"19":{"loc":{"start":{"line":114,"column":17},"end":{"line":117,"column":null}},"type":"cond-expr","locations":[{"start":{"line":114,"column":17},"end":{"line":117,"column":21}},{"start":{"line":117,"column":20},"end":{"line":117,"column":null}}],"line":114},"20":{"loc":{"start":{"line":123,"column":9},"end":{"line":129,"column":null}},"type":"binary-expr","locations":[{"start":{"line":123,"column":9},"end":{"line":123,"column":null}},{"start":{"line":123,"column":9},"end":{"line":129,"column":null}}],"line":123},"21":{"loc":{"start":{"line":126,"column":43},"end":{"line":126,"column":104}},"type":"cond-expr","locations":[{"start":{"line":126,"column":63},"end":{"line":126,"column":80}},{"start":{"line":126,"column":80},"end":{"line":126,"column":104}}],"line":126},"22":{"loc":{"start":{"line":127,"column":27},"end":{"line":127,"column":null}},"type":"cond-expr","locations":[{"start":{"line":127,"column":47},"end":{"line":127,"column":61}},{"start":{"line":127,"column":61},"end":{"line":127,"column":null}}],"line":127}},"s":{"0":3,"1":134,"2":134,"3":134,"4":134,"5":134,"6":134,"7":36,"8":98,"9":98,"10":79,"11":134,"12":134,"13":134,"14":0},"f":{"0":134,"1":134,"2":0},"b":{"0":[134],"1":[134],"2":[134],"3":[134],"4":[134,48,48,48],"5":[43,91],"6":[0,43],"7":[36,98],"8":[19,79],"9":[134,132],"10":[60,72],"11":[48,86],"12":[75,59],"13":[134,91],"14":[0,134],"15":[134,32],"16":[134,43],"17":[43,0],"18":[0,43],"19":[0,43],"20":[134,62],"21":[19,43],"22":[19,43]},"meta":{"lastBranch":23,"lastFunction":3,"lastStatement":15,"seen":{"s:27:57:134:Infinity":0,"f:27:57:27:58":0,"b:32:15:32:21":0,"b:34:16:34:25":1,"b:36:20:36:25":2,"b:38:21:38:36":3,"s:50:41:50:Infinity":1,"s:52:27:52:Infinity":2,"s:53:34:53:Infinity":3,"b:53:34:53:47:53:47:53:66:53:66:53:95:53:95:53:Infinity":4,"s:55:24:55:Infinity":4,"b:55:42:55:80:55:80:55:Infinity":5,"b:55:57:55:66:55:66:55:80":6,"s:57:27:61:Infinity":5,"f:57:27:57:Infinity":1,"b:58:8:58:Infinity:undefined:undefined:undefined:undefined":7,"s:58:8:58:Infinity":6,"s:58:33:58:Infinity":7,"b:59:8:59:Infinity:undefined:undefined:undefined:undefined":8,"s:59:8:59:Infinity":8,"s:59:31:59:Infinity":9,"s:60:8:60:Infinity":10,"s:63:33:63:Infinity":11,"b:63:33:63:53:63:53:63:91":9,"b:63:66:63:80:63:83:63:91":10,"s:64:29:64:Infinity":12,"b:64:57:64:71:64:71:64:Infinity":11,"s:66:4:129:Infinity":13,"b:84:64:84:74:84:74:84:Infinity":12,"b:84:22:84:40:84:40:84:64":13,"b:85:33:85:94:85:94:85:Infinity":14,"b:96:13:96:Infinity:96:13:103:Infinity":15,"b:107:13:107:Infinity:107:13:117:Infinity":16,"f:110:25:110:31":2,"s:110:31:110:Infinity":14,"b:111:27:111:54:111:54:111:Infinity":17,"b:112:43:112:66:112:66:112:Infinity":18,"b:114:17:117:21:117:20:117:Infinity":19,"b:123:9:123:Infinity:123:9:129:Infinity":20,"b:126:63:126:80:126:80:126:104":21,"b:127:47:127:61:127:61:127:Infinity":22}}}
,"C:\\Users\\Taller\\Desktop\\bluvi-frontend\\src\\components\\NarrationButton.tsx": {"path":"C:\\Users\\Taller\\Desktop\\bluvi-frontend\\src\\components\\NarrationButton.tsx","statementMap":{"0":{"start":{"line":14,"column":27},"end":{"line":20,"column":null}},"1":{"start":{"line":15,"column":4},"end":{"line":17,"column":null}},"2":{"start":{"line":16,"column":8},"end":{"line":16,"column":null}},"3":{"start":{"line":19,"column":4},"end":{"line":19,"column":null}},"4":{"start":{"line":22,"column":63},"end":{"line":239,"column":null}},"5":{"start":{"line":28,"column":10},"end":{"line":28,"column":null}},"6":{"start":{"line":29,"column":10},"end":{"line":29,"column":null}},"7":{"start":{"line":30,"column":10},"end":{"line":30,"column":null}},"8":{"start":{"line":31,"column":10},"end":{"line":31,"column":null}},"9":{"start":{"line":32,"column":27},"end":{"line":32,"column":null}},"10":{"start":{"line":33,"column":43},"end":{"line":33,"column":null}},"11":{"start":{"line":35,"column":10},"end":{"line":41,"column":null}},"12":{"start":{"line":36,"column":8},"end":{"line":36,"column":null}},"13":{"start":{"line":36,"column":33},"end":{"line":36,"column":null}},"14":{"start":{"line":37,"column":8},"end":{"line":37,"column":null}},"15":{"start":{"line":37,"column":33},"end":{"line":37,"column":null}},"16":{"start":{"line":38,"column":8},"end":{"line":38,"column":null}},"17":{"start":{"line":38,"column":32},"end":{"line":38,"column":null}},"18":{"start":{"line":39,"column":8},"end":{"line":39,"column":null}},"19":{"start":{"line":39,"column":31},"end":{"line":39,"column":null}},"20":{"start":{"line":40,"column":8},"end":{"line":40,"column":null}},"21":{"start":{"line":43,"column":10},"end":{"line":48,"column":null}},"22":{"start":{"line":44,"column":8},"end":{"line":47,"column":null}},"23":{"start":{"line":45,"column":12},"end":{"line":45,"column":null}},"24":{"start":{"line":46,"column":12},"end":{"line":46,"column":null}},"25":{"start":{"line":50,"column":10},"end":{"line":63,"column":null}},"26":{"start":{"line":51,"column":8},"end":{"line":51,"column":null}},"27":{"start":{"line":52,"column":8},"end":{"line":52,"column":null}},"28":{"start":{"line":54,"column":8},"end":{"line":58,"column":null}},"29":{"start":{"line":55,"column":12},"end":{"line":55,"column":null}},"30":{"start":{"line":56,"column":12},"end":{"line":56,"column":null}},"31":{"start":{"line":57,"column":12},"end":{"line":57,"column":null}},"32":{"start":{"line":60,"column":8},"end":{"line":60,"column":null}},"33":{"start":{"line":61,"column":8},"end":{"line":61,"column":null}},"34":{"start":{"line":62,"column":8},"end":{"line":62,"column":null}},"35":{"start":{"line":65,"column":4},"end":{"line":69,"column":null}},"36":{"start":{"line":66,"column":8},"end":{"line":68,"column":null}},"37":{"start":{"line":67,"column":12},"end":{"line":67,"column":null}},"38":{"start":{"line":71,"column":10},"end":{"line":102,"column":null}},"39":{"start":{"line":72,"column":22},"end":{"line":72,"column":null}},"40":{"start":{"line":73,"column":8},"end":{"line":76,"column":null}},"41":{"start":{"line":74,"column":12},"end":{"line":74,"column":null}},"42":{"start":{"line":75,"column":12},"end":{"line":75,"column":null}},"43":{"start":{"line":78,"column":8},"end":{"line":78,"column":null}},"44":{"start":{"line":79,"column":8},"end":{"line":79,"column":null}},"45":{"start":{"line":81,"column":26},"end":{"line":81,"column":null}},"46":{"start":{"line":82,"column":8},"end":{"line":82,"column":null}},"47":{"start":{"line":83,"column":8},"end":{"line":83,"column":null}},"48":{"start":{"line":84,"column":8},"end":{"line":84,"column":null}},"49":{"start":{"line":86,"column":8},"end":{"line":86,"column":null}},"50":{"start":{"line":86,"column":34},"end":{"line":86,"column":null}},"51":{"start":{"line":87,"column":8},"end":{"line":87,"column":null}},"52":{"start":{"line":87,"column":35},"end":{"line":87,"column":null}},"53":{"start":{"line":88,"column":8},"end":{"line":88,"column":null}},"54":{"start":{"line":88,"column":34},"end":{"line":88,"column":null}},"55":{"start":{"line":89,"column":8},"end":{"line":93,"column":null}},"56":{"start":{"line":90,"column":12},"end":{"line":90,"column":null}},"57":{"start":{"line":91,"column":12},"end":{"line":91,"column":null}},"58":{"start":{"line":92,"column":12},"end":{"line":92,"column":null}},"59":{"start":{"line":94,"column":8},"end":{"line":98,"column":null}},"60":{"start":{"line":95,"column":12},"end":{"line":95,"column":null}},"61":{"start":{"line":96,"column":12},"end":{"line":96,"column":null}},"62":{"start":{"line":97,"column":12},"end":{"line":97,"column":null}},"63":{"start":{"line":100,"column":8},"end":{"line":100,"column":null}},"64":{"start":{"line":101,"column":8},"end":{"line":101,"column":null}},"65":{"start":{"line":104,"column":10},"end":{"line":148,"column":null}},"66":{"start":{"line":105,"column":8},"end":{"line":105,"column":null}},"67":{"start":{"line":106,"column":8},"end":{"line":106,"column":null}},"68":{"start":{"line":108,"column":8},"end":{"line":147,"column":null}},"69":{"start":{"line":109,"column":30},"end":{"line":109,"column":null}},"70":{"start":{"line":110,"column":29},"end":{"line":110,"column":null}},"71":{"start":{"line":111,"column":26},"end":{"line":111,"column":null}},"72":{"start":{"line":113,"column":12},"end":{"line":113,"column":null}},"73":{"start":{"line":114,"column":12},"end":{"line":114,"column":null}},"74":{"start":{"line":116,"column":12},"end":{"line":116,"column":null}},"75":{"start":{"line":116,"column":33},"end":{"line":116,"column":null}},"76":{"start":{"line":117,"column":12},"end":{"line":119,"column":null}},"77":{"start":{"line":118,"column":16},"end":{"line":118,"column":null}},"78":{"start":{"line":118,"column":34},"end":{"line":118,"column":null}},"79":{"start":{"line":120,"column":12},"end":{"line":124,"column":null}},"80":{"start":{"line":121,"column":16},"end":{"line":121,"column":null}},"81":{"start":{"line":122,"column":16},"end":{"line":122,"column":null}},"82":{"start":{"line":123,"column":16},"end":{"line":123,"column":null}},"83":{"start":{"line":125,"column":12},"end":{"line":135,"column":null}},"84":{"start":{"line":126,"column":16},"end":{"line":126,"column":null}},"85":{"start":{"line":127,"column":16},"end":{"line":127,"column":null}},"86":{"start":{"line":129,"column":16},"end":{"line":132,"column":null}},"87":{"start":{"line":130,"column":20},"end":{"line":130,"column":null}},"88":{"start":{"line":131,"column":20},"end":{"line":131,"column":null}},"89":{"start":{"line":134,"column":16},"end":{"line":134,"column":null}},"90":{"start":{"line":137,"column":12},"end":{"line":137,"column":null}},"91":{"start":{"line":139,"column":12},"end":{"line":139,"column":null}},"92":{"start":{"line":141,"column":12},"end":{"line":144,"column":null}},"93":{"start":{"line":142,"column":16},"end":{"line":142,"column":null}},"94":{"start":{"line":143,"column":16},"end":{"line":143,"column":null}},"95":{"start":{"line":146,"column":12},"end":{"line":146,"column":null}},"96":{"start":{"line":150,"column":28},"end":{"line":174,"column":null}},"97":{"start":{"line":151,"column":8},"end":{"line":151,"column":null}},"98":{"start":{"line":151,"column":33},"end":{"line":151,"column":null}},"99":{"start":{"line":153,"column":8},"end":{"line":161,"column":null}},"100":{"start":{"line":154,"column":12},"end":{"line":158,"column":null}},"101":{"start":{"line":155,"column":16},"end":{"line":155,"column":null}},"102":{"start":{"line":157,"column":16},"end":{"line":157,"column":null}},"103":{"start":{"line":159,"column":12},"end":{"line":159,"column":null}},"104":{"start":{"line":160,"column":12},"end":{"line":160,"column":null}},"105":{"start":{"line":163,"column":8},"end":{"line":171,"column":null}},"106":{"start":{"line":164,"column":12},"end":{"line":168,"column":null}},"107":{"start":{"line":165,"column":16},"end":{"line":165,"column":null}},"108":{"start":{"line":167,"column":16},"end":{"line":167,"column":null}},"109":{"start":{"line":169,"column":12},"end":{"line":169,"column":null}},"110":{"start":{"line":170,"column":12},"end":{"line":170,"column":null}},"111":{"start":{"line":173,"column":8},"end":{"line":173,"column":null}},"112":{"start":{"line":176,"column":17},"end":{"line":176,"column":null}},"113":{"start":{"line":177,"column":24},"end":{"line":185,"column":null}},"114":{"start":{"line":187,"column":4},"end":{"line":235,"column":null}},"115":{"start":{"line":202,"column":20},"end":{"line":202,"column":null}},"116":{"start":{"line":205,"column":20},"end":{"line":205,"column":null}},"117":{"start":{"line":224,"column":24},"end":{"line":224,"column":null}},"118":{"start":{"line":227,"column":24},"end":{"line":227,"column":null}}},"fnMap":{"0":{"name":"(anonymous_0)","decl":{"start":{"line":14,"column":27},"end":{"line":14,"column":null}},"loc":{"start":{"line":14,"column":27},"end":{"line":20,"column":null}},"line":14},"1":{"name":"(anonymous_1)","decl":{"start":{"line":22,"column":63},"end":{"line":22,"column":64}},"loc":{"start":{"line":27,"column":1},"end":{"line":239,"column":null}},"line":27},"2":{"name":"(anonymous_2)","decl":{"start":{"line":35,"column":31},"end":{"line":35,"column":null}},"loc":{"start":{"line":35,"column":31},"end":{"line":41,"column":7}},"line":35},"3":{"name":"(anonymous_3)","decl":{"start":{"line":43,"column":38},"end":{"line":43,"column":null}},"loc":{"start":{"line":43,"column":38},"end":{"line":48,"column":7}},"line":43},"4":{"name":"(anonymous_4)","decl":{"start":{"line":50,"column":38},"end":{"line":50,"column":null}},"loc":{"start":{"line":50,"column":38},"end":{"line":63,"column":7}},"line":50},"5":{"name":"(anonymous_5)","decl":{"start":{"line":65,"column":14},"end":{"line":65,"column":null}},"loc":{"start":{"line":65,"column":14},"end":{"line":69,"column":7}},"line":65},"6":{"name":"(anonymous_6)","decl":{"start":{"line":66,"column":15},"end":{"line":66,"column":null}},"loc":{"start":{"line":66,"column":15},"end":{"line":68,"column":null}},"line":66},"7":{"name":"(anonymous_7)","decl":{"start":{"line":71,"column":44},"end":{"line":71,"column":null}},"loc":{"start":{"line":71,"column":44},"end":{"line":102,"column":7}},"line":71},"8":{"name":"(anonymous_8)","decl":{"start":{"line":86,"column":28},"end":{"line":86,"column":34}},"loc":{"start":{"line":86,"column":34},"end":{"line":86,"column":null}},"line":86},"9":{"name":"(anonymous_9)","decl":{"start":{"line":87,"column":29},"end":{"line":87,"column":35}},"loc":{"start":{"line":87,"column":35},"end":{"line":87,"column":null}},"line":87},"10":{"name":"(anonymous_10)","decl":{"start":{"line":88,"column":28},"end":{"line":88,"column":34}},"loc":{"start":{"line":88,"column":34},"end":{"line":88,"column":null}},"line":88},"11":{"name":"(anonymous_11)","decl":{"start":{"line":89,"column":26},"end":{"line":89,"column":null}},"loc":{"start":{"line":89,"column":26},"end":{"line":93,"column":null}},"line":89},"12":{"name":"(anonymous_12)","decl":{"start":{"line":94,"column":28},"end":{"line":94,"column":null}},"loc":{"start":{"line":94,"column":28},"end":{"line":98,"column":null}},"line":94},"13":{"name":"(anonymous_13)","decl":{"start":{"line":104,"column":44},"end":{"line":104,"column":null}},"loc":{"start":{"line":104,"column":44},"end":{"line":148,"column":7}},"line":104},"14":{"name":"(anonymous_14)","decl":{"start":{"line":116,"column":27},"end":{"line":116,"column":33}},"loc":{"start":{"line":116,"column":33},"end":{"line":116,"column":null}},"line":116},"15":{"name":"(anonymous_15)","decl":{"start":{"line":117,"column":28},"end":{"line":117,"column":null}},"loc":{"start":{"line":117,"column":28},"end":{"line":119,"column":null}},"line":117},"16":{"name":"(anonymous_16)","decl":{"start":{"line":120,"column":28},"end":{"line":120,"column":null}},"loc":{"start":{"line":120,"column":28},"end":{"line":124,"column":null}},"line":120},"17":{"name":"(anonymous_17)","decl":{"start":{"line":125,"column":28},"end":{"line":125,"column":null}},"loc":{"start":{"line":125,"column":28},"end":{"line":135,"column":null}},"line":125},"18":{"name":"(anonymous_18)","decl":{"start":{"line":150,"column":28},"end":{"line":150,"column":null}},"loc":{"start":{"line":150,"column":28},"end":{"line":174,"column":null}},"line":150},"19":{"name":"(anonymous_19)","decl":{"start":{"line":201,"column":30},"end":{"line":201,"column":31}},"loc":{"start":{"line":201,"column":31},"end":{"line":203,"column":null}},"line":201},"20":{"name":"(anonymous_20)","decl":{"start":{"line":204,"column":30},"end":{"line":204,"column":31}},"loc":{"start":{"line":204,"column":31},"end":{"line":206,"column":null}},"line":204},"21":{"name":"(anonymous_21)","decl":{"start":{"line":223,"column":34},"end":{"line":223,"column":35}},"loc":{"start":{"line":223,"column":35},"end":{"line":225,"column":null}},"line":223},"22":{"name":"(anonymous_22)","decl":{"start":{"line":226,"column":34},"end":{"line":226,"column":35}},"loc":{"start":{"line":226,"column":35},"end":{"line":228,"column":null}},"line":226}},"branchMap":{"0":{"loc":{"start":{"line":15,"column":4},"end":{"line":17,"column":null}},"type":"if","locations":[{"start":{"line":15,"column":4},"end":{"line":17,"column":null}},{"start":{},"end":{}}],"line":15},"1":{"loc":{"start":{"line":15,"column":8},"end":{"line":15,"column":73}},"type":"binary-expr","locations":[{"start":{"line":15,"column":8},"end":{"line":15,"column":41}},{"start":{"line":15,"column":41},"end":{"line":15,"column":73}}],"line":15},"2":{"loc":{"start":{"line":24,"column":4},"end":{"line":24,"column":36}},"type":"default-arg","locations":[{"start":{"line":24,"column":12},"end":{"line":24,"column":36}}],"line":24},"3":{"loc":{"start":{"line":25,"column":4},"end":{"line":25,"column":18}},"type":"default-arg","locations":[{"start":{"line":25,"column":16},"end":{"line":25,"column":18}}],"line":25},"4":{"loc":{"start":{"line":26,"column":4},"end":{"line":26,"column":32}},"type":"default-arg","locations":[{"start":{"line":26,"column":27},"end":{"line":26,"column":32}}],"line":26},"5":{"loc":{"start":{"line":36,"column":8},"end":{"line":36,"column":null}},"type":"if","locations":[{"start":{"line":36,"column":8},"end":{"line":36,"column":null}},{"start":{},"end":{}}],"line":36},"6":{"loc":{"start":{"line":37,"column":8},"end":{"line":37,"column":null}},"type":"if","locations":[{"start":{"line":37,"column":8},"end":{"line":37,"column":null}},{"start":{},"end":{}}],"line":37},"7":{"loc":{"start":{"line":37,"column":40},"end":{"line":37,"column":null}},"type":"cond-expr","locations":[{"start":{"line":37,"column":56},"end":{"line":37,"column":85}},{"start":{"line":37,"column":85},"end":{"line":37,"column":null}}],"line":37},"8":{"loc":{"start":{"line":38,"column":8},"end":{"line":38,"column":null}},"type":"if","locations":[{"start":{"line":38,"column":8},"end":{"line":38,"column":null}},{"start":{},"end":{}}],"line":38},"9":{"loc":{"start":{"line":39,"column":8},"end":{"line":39,"column":null}},"type":"if","locations":[{"start":{"line":39,"column":8},"end":{"line":39,"column":null}},{"start":{},"end":{}}],"line":39},"10":{"loc":{"start":{"line":44,"column":8},"end":{"line":47,"column":null}},"type":"if","locations":[{"start":{"line":44,"column":8},"end":{"line":47,"column":null}},{"start":{},"end":{}}],"line":44},"11":{"loc":{"start":{"line":54,"column":8},"end":{"line":58,"column":null}},"type":"if","locations":[{"start":{"line":54,"column":8},"end":{"line":58,"column":null}},{"start":{},"end":{}}],"line":54},"12":{"loc":{"start":{"line":73,"column":8},"end":{"line":76,"column":null}},"type":"if","locations":[{"start":{"line":73,"column":8},"end":{"line":76,"column":null}},{"start":{},"end":{}}],"line":73},"13":{"loc":{"start":{"line":118,"column":16},"end":{"line":118,"column":null}},"type":"if","locations":[{"start":{"line":118,"column":16},"end":{"line":118,"column":null}},{"start":{},"end":{}}],"line":118},"14":{"loc":{"start":{"line":129,"column":16},"end":{"line":132,"column":null}},"type":"if","locations":[{"start":{"line":129,"column":16},"end":{"line":132,"column":null}},{"start":{},"end":{}}],"line":129},"15":{"loc":{"start":{"line":141,"column":12},"end":{"line":144,"column":null}},"type":"if","locations":[{"start":{"line":141,"column":12},"end":{"line":144,"column":null}},{"start":{},"end":{}}],"line":141},"16":{"loc":{"start":{"line":151,"column":8},"end":{"line":151,"column":null}},"type":"if","locations":[{"start":{"line":151,"column":8},"end":{"line":151,"column":null}},{"start":{},"end":{}}],"line":151},"17":{"loc":{"start":{"line":153,"column":8},"end":{"line":161,"column":null}},"type":"if","locations":[{"start":{"line":153,"column":8},"end":{"line":161,"column":null}},{"start":{},"end":{}}],"line":153},"18":{"loc":{"start":{"line":154,"column":12},"end":{"line":158,"column":null}},"type":"if","locations":[{"start":{"line":154,"column":12},"end":{"line":158,"column":null}},{"start":{"line":156,"column":19},"end":{"line":158,"column":null}}],"line":154},"19":{"loc":{"start":{"line":163,"column":8},"end":{"line":171,"column":null}},"type":"if","locations":[{"start":{"line":163,"column":8},"end":{"line":171,"column":null}},{"start":{},"end":{}}],"line":163},"20":{"loc":{"start":{"line":164,"column":12},"end":{"line":168,"column":null}},"type":"if","locations":[{"start":{"line":164,"column":12},"end":{"line":168,"column":null}},{"start":{"line":166,"column":19},"end":{"line":168,"column":null}}],"line":164},"21":{"loc":{"start":{"line":176,"column":17},"end":{"line":176,"column":null}},"type":"cond-expr","locations":[{"start":{"line":176,"column":39},"end":{"line":176,"column":56}},{"start":{"line":176,"column":56},"end":{"line":176,"column":null}}],"line":176},"22":{"loc":{"start":{"line":176,"column":56},"end":{"line":176,"column":null}},"type":"cond-expr","locations":[{"start":{"line":176,"column":78},"end":{"line":176,"column":90}},{"start":{"line":176,"column":90},"end":{"line":176,"column":null}}],"line":176},"23":{"loc":{"start":{"line":177,"column":24},"end":{"line":185,"column":null}},"type":"cond-expr","locations":[{"start":{"line":178,"column":10},"end":{"line":178,"column":null}},{"start":{"line":179,"column":10},"end":{"line":185,"column":null}}],"line":177},"24":{"loc":{"start":{"line":179,"column":10},"end":{"line":185,"column":null}},"type":"cond-expr","locations":[{"start":{"line":180,"column":14},"end":{"line":180,"column":null}},{"start":{"line":181,"column":14},"end":{"line":185,"column":null}}],"line":179},"25":{"loc":{"start":{"line":181,"column":14},"end":{"line":185,"column":null}},"type":"cond-expr","locations":[{"start":{"line":182,"column":18},"end":{"line":182,"column":null}},{"start":{"line":183,"column":18},"end":{"line":185,"column":null}}],"line":181},"26":{"loc":{"start":{"line":183,"column":18},"end":{"line":185,"column":null}},"type":"cond-expr","locations":[{"start":{"line":184,"column":22},"end":{"line":184,"column":null}},{"start":{"line":185,"column":22},"end":{"line":185,"column":null}}],"line":183},"27":{"loc":{"start":{"line":208,"column":44},"end":{"line":208,"column":114}},"type":"cond-expr","locations":[{"start":{"line":208,"column":66},"end":{"line":208,"column":110}},{"start":{"line":208,"column":110},"end":{"line":208,"column":114}}],"line":208},"28":{"loc":{"start":{"line":212,"column":14},"end":{"line":230,"column":null}},"type":"binary-expr","locations":[{"start":{"line":212,"column":14},"end":{"line":212,"column":37}},{"start":{"line":212,"column":37},"end":{"line":212,"column":54}},{"start":{"line":212,"column":54},"end":{"line":230,"column":null}}],"line":212}},"s":{"0":3,"1":24,"2":12,"3":12,"4":3,"5":36,"6":36,"7":36,"8":36,"9":36,"10":36,"11":36,"12":36,"13":9,"14":27,"15":27,"16":19,"17":3,"18":16,"19":16,"20":13,"21":36,"22":20,"23":3,"24":3,"25":36,"26":18,"27":18,"28":18,"29":1,"30":1,"31":1,"32":18,"33":18,"34":18,"35":36,"36":10,"37":10,"38":36,"39":4,"40":4,"41":1,"42":1,"43":3,"44":3,"45":3,"46":3,"47":3,"48":3,"49":3,"50":1,"51":3,"52":1,"53":3,"54":1,"55":3,"56":1,"57":1,"58":1,"59":3,"60":1,"61":1,"62":1,"63":3,"64":3,"65":36,"66":7,"67":7,"68":7,"69":7,"70":3,"71":3,"72":3,"73":3,"74":3,"75":4,"76":3,"77":2,"78":2,"79":3,"80":1,"81":1,"82":1,"83":3,"84":1,"85":1,"86":1,"87":1,"88":1,"89":0,"90":3,"91":4,"92":4,"93":3,"94":3,"95":1,"96":36,"97":11,"98":0,"99":11,"100":2,"101":1,"102":1,"103":2,"104":2,"105":9,"106":2,"107":1,"108":1,"109":2,"110":2,"111":7,"112":36,"113":36,"114":36,"115":8,"116":2,"117":2,"118":1},"f":{"0":24,"1":36,"2":36,"3":20,"4":18,"5":10,"6":10,"7":4,"8":1,"9":1,"10":1,"11":1,"12":1,"13":7,"14":4,"15":2,"16":1,"17":1,"18":11,"19":8,"20":2,"21":2,"22":1},"b":{"0":[12,12],"1":[24,24],"2":[36],"3":[36],"4":[36],"5":[9,27],"6":[8,19],"7":[4,4],"8":[3,16],"9":[3,13],"10":[3,17],"11":[1,17],"12":[1,3],"13":[2,0],"14":[1,0],"15":[3,1],"16":[0,11],"17":[2,9],"18":[1,1],"19":[2,7],"20":[1,1],"21":[9,27],"22":[8,19],"23":[9,27],"24":[8,19],"25":[3,16],"26":[3,13],"27":[9,27],"28":[36,28,11]},"meta":{"lastBranch":29,"lastFunction":23,"lastStatement":119,"seen":{"s:14:27:20:Infinity":0,"f:14:27:14:Infinity":0,"b:15:4:17:Infinity:undefined:undefined:undefined:undefined":0,"s:15:4:17:Infinity":1,"b:15:8:15:41:15:41:15:73":1,"s:16:8:16:Infinity":2,"s:19:4:19:Infinity":3,"s:22:63:239:Infinity":4,"f:22:63:22:64":1,"b:24:12:24:36":2,"b:25:16:25:18":3,"b:26:27:26:32":4,"s:28:10:28:Infinity":5,"s:29:10:29:Infinity":6,"s:30:10:30:Infinity":7,"s:31:10:31:Infinity":8,"s:32:27:32:Infinity":9,"s:33:43:33:Infinity":10,"s:35:10:41:Infinity":11,"f:35:31:35:Infinity":2,"b:36:8:36:Infinity:undefined:undefined:undefined:undefined":5,"s:36:8:36:Infinity":12,"s:36:33:36:Infinity":13,"b:37:8:37:Infinity:undefined:undefined:undefined:undefined":6,"s:37:8:37:Infinity":14,"s:37:33:37:Infinity":15,"b:37:56:37:85:37:85:37:Infinity":7,"b:38:8:38:Infinity:undefined:undefined:undefined:undefined":8,"s:38:8:38:Infinity":16,"s:38:32:38:Infinity":17,"b:39:8:39:Infinity:undefined:undefined:undefined:undefined":9,"s:39:8:39:Infinity":18,"s:39:31:39:Infinity":19,"s:40:8:40:Infinity":20,"s:43:10:48:Infinity":21,"f:43:38:43:Infinity":3,"b:44:8:47:Infinity:undefined:undefined:undefined:undefined":10,"s:44:8:47:Infinity":22,"s:45:12:45:Infinity":23,"s:46:12:46:Infinity":24,"s:50:10:63:Infinity":25,"f:50:38:50:Infinity":4,"s:51:8:51:Infinity":26,"s:52:8:52:Infinity":27,"b:54:8:58:Infinity:undefined:undefined:undefined:undefined":11,"s:54:8:58:Infinity":28,"s:55:12:55:Infinity":29,"s:56:12:56:Infinity":30,"s:57:12:57:Infinity":31,"s:60:8:60:Infinity":32,"s:61:8:61:Infinity":33,"s:62:8:62:Infinity":34,"s:65:4:69:Infinity":35,"f:65:14:65:Infinity":5,"s:66:8:68:Infinity":36,"f:66:15:66:Infinity":6,"s:67:12:67:Infinity":37,"s:71:10:102:Infinity":38,"f:71:44:71:Infinity":7,"s:72:22:72:Infinity":39,"b:73:8:76:Infinity:undefined:undefined:undefined:undefined":12,"s:73:8:76:Infinity":40,"s:74:12:74:Infinity":41,"s:75:12:75:Infinity":42,"s:78:8:78:Infinity":43,"s:79:8:79:Infinity":44,"s:81:26:81:Infinity":45,"s:82:8:82:Infinity":46,"s:83:8:83:Infinity":47,"s:84:8:84:Infinity":48,"s:86:8:86:Infinity":49,"f:86:28:86:34":8,"s:86:34:86:Infinity":50,"s:87:8:87:Infinity":51,"f:87:29:87:35":9,"s:87:35:87:Infinity":52,"s:88:8:88:Infinity":53,"f:88:28:88:34":10,"s:88:34:88:Infinity":54,"s:89:8:93:Infinity":55,"f:89:26:89:Infinity":11,"s:90:12:90:Infinity":56,"s:91:12:91:Infinity":57,"s:92:12:92:Infinity":58,"s:94:8:98:Infinity":59,"f:94:28:94:Infinity":12,"s:95:12:95:Infinity":60,"s:96:12:96:Infinity":61,"s:97:12:97:Infinity":62,"s:100:8:100:Infinity":63,"s:101:8:101:Infinity":64,"s:104:10:148:Infinity":65,"f:104:44:104:Infinity":13,"s:105:8:105:Infinity":66,"s:106:8:106:Infinity":67,"s:108:8:147:Infinity":68,"s:109:30:109:Infinity":69,"s:110:29:110:Infinity":70,"s:111:26:111:Infinity":71,"s:113:12:113:Infinity":72,"s:114:12:114:Infinity":73,"s:116:12:116:Infinity":74,"f:116:27:116:33":14,"s:116:33:116:Infinity":75,"s:117:12:119:Infinity":76,"f:117:28:117:Infinity":15,"b:118:16:118:Infinity:undefined:undefined:undefined:undefined":13,"s:118:16:118:Infinity":77,"s:118:34:118:Infinity":78,"s:120:12:124:Infinity":79,"f:120:28:120:Infinity":16,"s:121:16:121:Infinity":80,"s:122:16:122:Infinity":81,"s:123:16:123:Infinity":82,"s:125:12:135:Infinity":83,"f:125:28:125:Infinity":17,"s:126:16:126:Infinity":84,"s:127:16:127:Infinity":85,"b:129:16:132:Infinity:undefined:undefined:undefined:undefined":14,"s:129:16:132:Infinity":86,"s:130:20:130:Infinity":87,"s:131:20:131:Infinity":88,"s:134:16:134:Infinity":89,"s:137:12:137:Infinity":90,"s:139:12:139:Infinity":91,"b:141:12:144:Infinity:undefined:undefined:undefined:undefined":15,"s:141:12:144:Infinity":92,"s:142:16:142:Infinity":93,"s:143:16:143:Infinity":94,"s:146:12:146:Infinity":95,"s:150:28:174:Infinity":96,"f:150:28:150:Infinity":18,"b:151:8:151:Infinity:undefined:undefined:undefined:undefined":16,"s:151:8:151:Infinity":97,"s:151:33:151:Infinity":98,"b:153:8:161:Infinity:undefined:undefined:undefined:undefined":17,"s:153:8:161:Infinity":99,"b:154:12:158:Infinity:156:19:158:Infinity":18,"s:154:12:158:Infinity":100,"s:155:16:155:Infinity":101,"s:157:16:157:Infinity":102,"s:159:12:159:Infinity":103,"s:160:12:160:Infinity":104,"b:163:8:171:Infinity:undefined:undefined:undefined:undefined":19,"s:163:8:171:Infinity":105,"b:164:12:168:Infinity:166:19:168:Infinity":20,"s:164:12:168:Infinity":106,"s:165:16:165:Infinity":107,"s:167:16:167:Infinity":108,"s:169:12:169:Infinity":109,"s:170:12:170:Infinity":110,"s:173:8:173:Infinity":111,"s:176:17:176:Infinity":112,"b:176:39:176:56:176:56:176:Infinity":21,"b:176:78:176:90:176:90:176:Infinity":22,"s:177:24:185:Infinity":113,"b:178:10:178:Infinity:179:10:185:Infinity":23,"b:180:14:180:Infinity:181:14:185:Infinity":24,"b:182:18:182:Infinity:183:18:185:Infinity":25,"b:184:22:184:Infinity:185:22:185:Infinity":26,"s:187:4:235:Infinity":114,"f:201:30:201:31":19,"s:202:20:202:Infinity":115,"f:204:30:204:31":20,"s:205:20:205:Infinity":116,"b:208:66:208:110:208:110:208:114":27,"b:212:14:212:37:212:37:212:54:212:54:230:Infinity":28,"f:223:34:223:35":21,"s:224:24:224:Infinity":117,"f:226:34:226:35":22,"s:227:24:227:Infinity":118}}}
,"C:\\Users\\Taller\\Desktop\\bluvi-frontend\\src\\components\\RegisterStepHeader.tsx": {"path":"C:\\Users\\Taller\\Desktop\\bluvi-frontend\\src\\components\\RegisterStepHeader.tsx","statementMap":{"0":{"start":{"line":12,"column":69},"end":{"line":51,"column":null}},"1":{"start":{"line":20,"column":27},"end":{"line":20,"column":null}},"2":{"start":{"line":21,"column":30},"end":{"line":27,"column":null}},"3":{"start":{"line":28,"column":35},"end":{"line":34,"column":null}},"4":{"start":{"line":35,"column":30},"end":{"line":39,"column":null}},"5":{"start":{"line":41,"column":4},"end":{"line":47,"column":null}}},"fnMap":{"0":{"name":"(anonymous_0)","decl":{"start":{"line":12,"column":69},"end":{"line":12,"column":70}},"loc":{"start":{"line":19,"column":1},"end":{"line":51,"column":null}},"line":19}},"branchMap":{"0":{"loc":{"start":{"line":15,"column":4},"end":{"line":15,"column":18}},"type":"default-arg","locations":[{"start":{"line":15,"column":12},"end":{"line":15,"column":18}}],"line":15},"1":{"loc":{"start":{"line":16,"column":4},"end":{"line":16,"column":19}},"type":"default-arg","locations":[{"start":{"line":16,"column":14},"end":{"line":16,"column":19}}],"line":16},"2":{"loc":{"start":{"line":17,"column":4},"end":{"line":17,"column":26}},"type":"default-arg","locations":[{"start":{"line":17,"column":21},"end":{"line":17,"column":26}}],"line":17},"3":{"loc":{"start":{"line":18,"column":4},"end":{"line":18,"column":18}},"type":"default-arg","locations":[{"start":{"line":18,"column":16},"end":{"line":18,"column":18}}],"line":18},"4":{"loc":{"start":{"line":20,"column":27},"end":{"line":20,"column":null}},"type":"cond-expr","locations":[{"start":{"line":20,"column":48},"end":{"line":20,"column":64}},{"start":{"line":20,"column":64},"end":{"line":20,"column":null}}],"line":20},"5":{"loc":{"start":{"line":21,"column":30},"end":{"line":27,"column":null}},"type":"cond-expr","locations":[{"start":{"line":22,"column":10},"end":{"line":22,"column":null}},{"start":{"line":23,"column":10},"end":{"line":27,"column":null}}],"line":21},"6":{"loc":{"start":{"line":23,"column":10},"end":{"line":27,"column":null}},"type":"cond-expr","locations":[{"start":{"line":24,"column":14},"end":{"line":24,"column":null}},{"start":{"line":25,"column":14},"end":{"line":27,"column":null}}],"line":23},"7":{"loc":{"start":{"line":25,"column":14},"end":{"line":27,"column":null}},"type":"cond-expr","locations":[{"start":{"line":26,"column":18},"end":{"line":26,"column":null}},{"start":{"line":27,"column":18},"end":{"line":27,"column":null}}],"line":25},"8":{"loc":{"start":{"line":28,"column":35},"end":{"line":34,"column":null}},"type":"cond-expr","locations":[{"start":{"line":29,"column":10},"end":{"line":29,"column":null}},{"start":{"line":30,"column":10},"end":{"line":34,"column":null}}],"line":28},"9":{"loc":{"start":{"line":30,"column":10},"end":{"line":34,"column":null}},"type":"cond-expr","locations":[{"start":{"line":31,"column":14},"end":{"line":31,"column":null}},{"start":{"line":32,"column":14},"end":{"line":34,"column":null}}],"line":30},"10":{"loc":{"start":{"line":32,"column":14},"end":{"line":34,"column":null}},"type":"cond-expr","locations":[{"start":{"line":33,"column":18},"end":{"line":33,"column":null}},{"start":{"line":34,"column":18},"end":{"line":34,"column":null}}],"line":32},"11":{"loc":{"start":{"line":35,"column":30},"end":{"line":39,"column":null}},"type":"cond-expr","locations":[{"start":{"line":36,"column":10},"end":{"line":36,"column":null}},{"start":{"line":37,"column":10},"end":{"line":39,"column":null}}],"line":35},"12":{"loc":{"start":{"line":37,"column":10},"end":{"line":39,"column":null}},"type":"cond-expr","locations":[{"start":{"line":38,"column":14},"end":{"line":38,"column":null}},{"start":{"line":39,"column":14},"end":{"line":39,"column":null}}],"line":37},"13":{"loc":{"start":{"line":47,"column":17},"end":{"line":47,"column":null}},"type":"cond-expr","locations":[{"start":{"line":47,"column":17},"end":{"line":47,"column":null}},{"start":{"line":47,"column":82},"end":{"line":47,"column":null}}],"line":47}},"s":{"0":7,"1":191,"2":191,"3":191,"4":191,"5":191},"f":{"0":191},"b":{"0":[191],"1":[191],"2":[191],"3":[191],"4":[0,191],"5":[16,175],"6":[0,175],"7":[175,0],"8":[16,175],"9":[0,175],"10":[175,0],"11":[0,191],"12":[191,0],"13":[175,16]},"meta":{"lastBranch":14,"lastFunction":1,"lastStatement":6,"seen":{"s:12:69:51:Infinity":0,"f:12:69:12:70":0,"b:15:12:15:18":0,"b:16:14:16:19":1,"b:17:21:17:26":2,"b:18:16:18:18":3,"s:20:27:20:Infinity":1,"b:20:48:20:64:20:64:20:Infinity":4,"s:21:30:27:Infinity":2,"b:22:10:22:Infinity:23:10:27:Infinity":5,"b:24:14:24:Infinity:25:14:27:Infinity":6,"b:26:18:26:Infinity:27:18:27:Infinity":7,"s:28:35:34:Infinity":3,"b:29:10:29:Infinity:30:10:34:Infinity":8,"b:31:14:31:Infinity:32:14:34:Infinity":9,"b:33:18:33:Infinity:34:18:34:Infinity":10,"s:35:30:39:Infinity":4,"b:36:10:36:Infinity:37:10:39:Infinity":11,"b:38:14:38:Infinity:39:14:39:Infinity":12,"s:41:4:47:Infinity":5,"b:47:17:47:Infinity:47:82:47:Infinity":13}}}
,"C:\\Users\\Taller\\Desktop\\bluvi-frontend\\src\\components\\SuccessModal.tsx": {"path":"C:\\Users\\Taller\\Desktop\\bluvi-frontend\\src\\components\\SuccessModal.tsx","statementMap":{"0":{"start":{"line":20,"column":57},"end":{"line":78,"column":null}},"1":{"start":{"line":21,"column":4},"end":{"line":71,"column":null}},"2":{"start":{"line":25,"column":16},"end":{"line":25,"column":null}},"3":{"start":{"line":25,"column":27},"end":{"line":25,"column":null}}},"fnMap":{"0":{"name":"(anonymous_0)","decl":{"start":{"line":20,"column":57},"end":{"line":20,"column":58}},"loc":{"start":{"line":20,"column":77},"end":{"line":78,"column":null}},"line":20},"1":{"name":"(anonymous_1)","decl":{"start":{"line":24,"column":26},"end":{"line":24,"column":27}},"loc":{"start":{"line":24,"column":27},"end":{"line":26,"column":null}},"line":24}},"branchMap":{"0":{"loc":{"start":{"line":25,"column":16},"end":{"line":25,"column":null}},"type":"if","locations":[{"start":{"line":25,"column":16},"end":{"line":25,"column":null}},{"start":{},"end":{}}],"line":25}},"s":{"0":3,"1":34,"2":1,"3":1},"f":{"0":34,"1":1},"b":{"0":[1,0]},"meta":{"lastBranch":1,"lastFunction":2,"lastStatement":4,"seen":{"s:20:57:78:Infinity":0,"f:20:57:20:58":0,"s:21:4:71:Infinity":1,"f:24:26:24:27":1,"b:25:16:25:Infinity:undefined:undefined:undefined:undefined":0,"s:25:16:25:Infinity":2,"s:25:27:25:Infinity":3}}}
,"C:\\Users\\Taller\\Desktop\\bluvi-frontend\\src\\components\\Toast\\GlobalToast.tsx": {"path":"C:\\Users\\Taller\\Desktop\\bluvi-frontend\\src\\components\\Toast\\GlobalToast.tsx","statementMap":{"0":{"start":{"line":9,"column":26},"end":{"line":11,"column":null}},"1":{"start":{"line":14,"column":2},"end":{"line":19,"column":null}},"2":{"start":{"line":19,"column":17},"end":{"line":19,"column":null}}},"fnMap":{"0":{"name":"GlobalToastRegion","decl":{"start":{"line":13,"column":16},"end":{"line":13,"column":null}},"loc":{"start":{"line":13,"column":16},"end":{"line":22,"column":null}},"line":13},"1":{"name":"(anonymous_1)","decl":{"start":{"line":19,"column":7},"end":{"line":19,"column":8}},"loc":{"start":{"line":19,"column":17},"end":{"line":19,"column":null}},"line":19}},"branchMap":{},"s":{"0":2,"1":1,"2":1},"f":{"0":1,"1":1},"b":{},"meta":{"lastBranch":0,"lastFunction":2,"lastStatement":3,"seen":{"s:9:26:11:Infinity":0,"f:13:16:13:Infinity":0,"s:14:2:19:Infinity":1,"f:19:7:19:8":1,"s:19:17:19:Infinity":2}}}
,"C:\\Users\\Taller\\Desktop\\bluvi-frontend\\src\\components\\Toast\\Toast.tsx": {"path":"C:\\Users\\Taller\\Desktop\\bluvi-frontend\\src\\components\\Toast\\Toast.tsx","statementMap":{"0":{"start":{"line":13,"column":18},"end":{"line":13,"column":null}},"1":{"start":{"line":15,"column":2},"end":{"line":35,"column":null}}},"fnMap":{"0":{"name":"Toast","decl":{"start":{"line":12,"column":16},"end":{"line":12,"column":22}},"loc":{"start":{"line":12,"column":74},"end":{"line":39,"column":null}},"line":12}},"branchMap":{"0":{"loc":{"start":{"line":19,"column":10},"end":{"line":21,"column":70}},"type":"cond-expr","locations":[{"start":{"line":20,"column":12},"end":{"line":20,"column":null}},{"start":{"line":21,"column":12},"end":{"line":21,"column":70}}],"line":19},"1":{"loc":{"start":{"line":24,"column":9},"end":{"line":27,"column":null}},"type":"cond-expr","locations":[{"start":{"line":24,"column":9},"end":{"line":27,"column":11}},{"start":{"line":27,"column":10},"end":{"line":27,"column":null}}],"line":24}},"s":{"0":3,"1":3},"f":{"0":3},"b":{"0":[1,2],"1":[1,2]},"meta":{"lastBranch":2,"lastFunction":1,"lastStatement":2,"seen":{"f:12:16:12:22":0,"s:13:18:13:Infinity":0,"s:15:2:35:Infinity":1,"b:20:12:20:Infinity:21:12:21:70":0,"b:24:9:27:11:27:10:27:Infinity":1}}}
,"C:\\Users\\Taller\\Desktop\\bluvi-frontend\\src\\context\\AuthContext.tsx": {"path":"C:\\Users\\Taller\\Desktop\\bluvi-frontend\\src\\context\\AuthContext.tsx","statementMap":{"0":{"start":{"line":26,"column":6},"end":{"line":26,"column":null}},"1":{"start":{"line":29,"column":69},"end":{"line":129,"column":null}},"2":{"start":{"line":30,"column":25},"end":{"line":30,"column":null}},"3":{"start":{"line":31,"column":27},"end":{"line":31,"column":null}},"4":{"start":{"line":32,"column":35},"end":{"line":32,"column":null}},"5":{"start":{"line":34,"column":4},"end":{"line":47,"column":null}},"6":{"start":{"line":35,"column":27},"end":{"line":35,"column":null}},"7":{"start":{"line":36,"column":26},"end":{"line":36,"column":null}},"8":{"start":{"line":38,"column":8},"end":{"line":45,"column":null}},"9":{"start":{"line":39,"column":12},"end":{"line":44,"column":null}},"10":{"start":{"line":40,"column":16},"end":{"line":40,"column":null}},"11":{"start":{"line":41,"column":16},"end":{"line":41,"column":null}},"12":{"start":{"line":43,"column":16},"end":{"line":43,"column":null}},"13":{"start":{"line":46,"column":8},"end":{"line":46,"column":null}},"14":{"start":{"line":49,"column":18},"end":{"line":77,"column":null}},"15":{"start":{"line":50,"column":8},"end":{"line":76,"column":null}},"16":{"start":{"line":51,"column":29},"end":{"line":51,"column":null}},"17":{"start":{"line":52,"column":28},"end":{"line":52,"column":null}},"18":{"start":{"line":55,"column":16},"end":{"line":55,"column":null}},"19":{"start":{"line":56,"column":29},"end":{"line":56,"column":null}},"20":{"start":{"line":57,"column":28},"end":{"line":57,"column":null}},"21":{"start":{"line":59,"column":12},"end":{"line":69,"column":null}},"22":{"start":{"line":60,"column":16},"end":{"line":60,"column":null}},"23":{"start":{"line":61,"column":16},"end":{"line":61,"column":null}},"24":{"start":{"line":63,"column":16},"end":{"line":63,"column":null}},"25":{"start":{"line":64,"column":16},"end":{"line":66,"column":null}},"26":{"start":{"line":65,"column":20},"end":{"line":65,"column":null}},"27":{"start":{"line":68,"column":16},"end":{"line":68,"column":null}},"28":{"start":{"line":71,"column":12},"end":{"line":71,"column":null}},"29":{"start":{"line":74,"column":12},"end":{"line":74,"column":null}},"30":{"start":{"line":75,"column":12},"end":{"line":75,"column":null}},"31":{"start":{"line":79,"column":36},"end":{"line":89,"column":null}},"32":{"start":{"line":80,"column":8},"end":{"line":80,"column":null}},"33":{"start":{"line":81,"column":8},"end":{"line":81,"column":null}},"34":{"start":{"line":82,"column":8},"end":{"line":82,"column":null}},"35":{"start":{"line":84,"column":8},"end":{"line":88,"column":null}},"36":{"start":{"line":85,"column":12},"end":{"line":85,"column":null}},"37":{"start":{"line":87,"column":12},"end":{"line":87,"column":null}},"38":{"start":{"line":91,"column":4},"end":{"line":102,"column":null}},"39":{"start":{"line":92,"column":34},"end":{"line":98,"column":null}},"40":{"start":{"line":93,"column":52},"end":{"line":93,"column":null}},"41":{"start":{"line":95,"column":12},"end":{"line":97,"column":null}},"42":{"start":{"line":96,"column":16},"end":{"line":96,"column":null}},"43":{"start":{"line":100,"column":8},"end":{"line":100,"column":null}},"44":{"start":{"line":101,"column":8},"end":{"line":101,"column":null}},"45":{"start":{"line":101,"column":21},"end":{"line":101,"column":null}},"46":{"start":{"line":104,"column":19},"end":{"line":114,"column":null}},"47":{"start":{"line":105,"column":8},"end":{"line":113,"column":null}},"48":{"start":{"line":106,"column":12},"end":{"line":106,"column":null}},"49":{"start":{"line":108,"column":12},"end":{"line":108,"column":null}},"50":{"start":{"line":110,"column":12},"end":{"line":110,"column":null}},"51":{"start":{"line":111,"column":12},"end":{"line":111,"column":null}},"52":{"start":{"line":112,"column":12},"end":{"line":112,"column":null}},"53":{"start":{"line":116,"column":4},"end":{"line":126,"column":null}},"54":{"start":{"line":133,"column":23},"end":{"line":137,"column":null}},"55":{"start":{"line":134,"column":10},"end":{"line":134,"column":null}},"56":{"start":{"line":135,"column":4},"end":{"line":135,"column":null}},"57":{"start":{"line":135,"column":18},"end":{"line":135,"column":null}},"58":{"start":{"line":136,"column":4},"end":{"line":136,"column":null}}},"fnMap":{"0":{"name":"(anonymous_0)","decl":{"start":{"line":29,"column":69},"end":{"line":29,"column":70}},"loc":{"start":{"line":29,"column":82},"end":{"line":129,"column":null}},"line":29},"1":{"name":"(anonymous_1)","decl":{"start":{"line":34,"column":14},"end":{"line":34,"column":null}},"loc":{"start":{"line":34,"column":14},"end":{"line":47,"column":7}},"line":34},"2":{"name":"(anonymous_2)","decl":{"start":{"line":49,"column":18},"end":{"line":49,"column":25}},"loc":{"start":{"line":49,"column":25},"end":{"line":77,"column":null}},"line":49},"3":{"name":"(anonymous_3)","decl":{"start":{"line":79,"column":36},"end":{"line":79,"column":37}},"loc":{"start":{"line":79,"column":58},"end":{"line":89,"column":null}},"line":79},"4":{"name":"(anonymous_4)","decl":{"start":{"line":91,"column":14},"end":{"line":91,"column":null}},"loc":{"start":{"line":91,"column":14},"end":{"line":102,"column":7}},"line":91},"5":{"name":"(anonymous_5)","decl":{"start":{"line":92,"column":34},"end":{"line":92,"column":35}},"loc":{"start":{"line":92,"column":35},"end":{"line":98,"column":null}},"line":92},"6":{"name":"(anonymous_6)","decl":{"start":{"line":101,"column":15},"end":{"line":101,"column":21}},"loc":{"start":{"line":101,"column":21},"end":{"line":101,"column":null}},"line":101},"7":{"name":"(anonymous_7)","decl":{"start":{"line":104,"column":19},"end":{"line":104,"column":null}},"loc":{"start":{"line":104,"column":19},"end":{"line":114,"column":null}},"line":104},"8":{"name":"(anonymous_8)","decl":{"start":{"line":133,"column":23},"end":{"line":133,"column":null}},"loc":{"start":{"line":133,"column":23},"end":{"line":137,"column":null}},"line":133}},"branchMap":{"0":{"loc":{"start":{"line":38,"column":8},"end":{"line":45,"column":null}},"type":"if","locations":[{"start":{"line":38,"column":8},"end":{"line":45,"column":null}},{"start":{},"end":{}}],"line":38},"1":{"loc":{"start":{"line":38,"column":12},"end":{"line":38,"column":37}},"type":"binary-expr","locations":[{"start":{"line":38,"column":12},"end":{"line":38,"column":26}},{"start":{"line":38,"column":26},"end":{"line":38,"column":37}}],"line":38},"2":{"loc":{"start":{"line":52,"column":28},"end":{"line":52,"column":null}},"type":"binary-expr","locations":[{"start":{"line":52,"column":28},"end":{"line":52,"column":41}},{"start":{"line":52,"column":45},"end":{"line":52,"column":null}}],"line":52},"3":{"loc":{"start":{"line":55,"column":16},"end":{"line":55,"column":null}},"type":"binary-expr","locations":[{"start":{"line":55,"column":16},"end":{"line":55,"column":35}},{"start":{"line":55,"column":39},"end":{"line":55,"column":52}},{"start":{"line":55,"column":56},"end":{"line":55,"column":85}},{"start":{"line":55,"column":85},"end":{"line":55,"column":null}}],"line":55},"4":{"loc":{"start":{"line":56,"column":29},"end":{"line":56,"column":null}},"type":"binary-expr","locations":[{"start":{"line":56,"column":29},"end":{"line":56,"column":41}},{"start":{"line":56,"column":45},"end":{"line":56,"column":67}},{"start":{"line":56,"column":67},"end":{"line":56,"column":null}}],"line":56},"5":{"loc":{"start":{"line":57,"column":28},"end":{"line":57,"column":null}},"type":"binary-expr","locations":[{"start":{"line":57,"column":28},"end":{"line":57,"column":43}},{"start":{"line":57,"column":47},"end":{"line":57,"column":null}}],"line":57},"6":{"loc":{"start":{"line":59,"column":12},"end":{"line":69,"column":null}},"type":"if","locations":[{"start":{"line":59,"column":12},"end":{"line":69,"column":null}},{"start":{},"end":{}}],"line":59},"7":{"loc":{"start":{"line":59,"column":16},"end":{"line":59,"column":40}},"type":"binary-expr","locations":[{"start":{"line":59,"column":16},"end":{"line":59,"column":27}},{"start":{"line":59,"column":27},"end":{"line":59,"column":40}}],"line":59},"8":{"loc":{"start":{"line":64,"column":16},"end":{"line":66,"column":null}},"type":"if","locations":[{"start":{"line":64,"column":16},"end":{"line":66,"column":null}},{"start":{},"end":{}}],"line":64},"9":{"loc":{"start":{"line":81,"column":16},"end":{"line":81,"column":null}},"type":"binary-expr","locations":[{"start":{"line":81,"column":16},"end":{"line":81,"column":28}},{"start":{"line":81,"column":28},"end":{"line":81,"column":null}}],"line":81},"10":{"loc":{"start":{"line":84,"column":8},"end":{"line":88,"column":null}},"type":"if","locations":[{"start":{"line":84,"column":8},"end":{"line":88,"column":null}},{"start":{"line":86,"column":15},"end":{"line":88,"column":null}}],"line":84},"11":{"loc":{"start":{"line":93,"column":52},"end":{"line":93,"column":null}},"type":"binary-expr","locations":[{"start":{"line":93,"column":52},"end":{"line":93,"column":131}},{"start":{"line":93,"column":135},"end":{"line":93,"column":null}}],"line":93},"12":{"loc":{"start":{"line":95,"column":12},"end":{"line":97,"column":null}},"type":"if","locations":[{"start":{"line":95,"column":12},"end":{"line":97,"column":null}},{"start":{},"end":{}}],"line":95},"13":{"loc":{"start":{"line":96,"column":53},"end":{"line":96,"column":null}},"type":"binary-expr","locations":[{"start":{"line":96,"column":53},"end":{"line":96,"column":65}},{"start":{"line":96,"column":65},"end":{"line":96,"column":null}}],"line":96},"14":{"loc":{"start":{"line":135,"column":4},"end":{"line":135,"column":null}},"type":"if","locations":[{"start":{"line":135,"column":4},"end":{"line":135,"column":null}},{"start":{},"end":{}}],"line":135}},"s":{"0":1,"1":1,"2":8,"3":8,"4":8,"5":8,"6":3,"7":3,"8":3,"9":2,"10":2,"11":2,"12":0,"13":3,"14":8,"15":1,"16":1,"17":1,"18":1,"19":1,"20":1,"21":1,"22":1,"23":1,"24":1,"25":1,"26":1,"27":1,"28":0,"29":0,"30":0,"31":8,"32":0,"33":0,"34":0,"35":0,"36":0,"37":0,"38":8,"39":3,"40":0,"41":0,"42":0,"43":3,"44":3,"45":3,"46":8,"47":1,"48":1,"49":0,"50":1,"51":1,"52":1,"53":8,"54":1,"55":8,"56":8,"57":0,"58":8},"f":{"0":8,"1":3,"2":1,"3":0,"4":3,"5":0,"6":3,"7":1,"8":8},"b":{"0":[2,1],"1":[3,2],"2":[1,0],"3":[1,0,0,0],"4":[1,0,0],"5":[1,0],"6":[1,0],"7":[1,1],"8":[1,0],"9":[0,0],"10":[0,0],"11":[0,0],"12":[0,0],"13":[0,0],"14":[0,8]},"meta":{"lastBranch":15,"lastFunction":9,"lastStatement":59,"seen":{"s:26:6:26:Infinity":0,"s:29:69:129:Infinity":1,"f:29:69:29:70":0,"s:30:25:30:Infinity":2,"s:31:27:31:Infinity":3,"s:32:35:32:Infinity":4,"s:34:4:47:Infinity":5,"f:34:14:34:Infinity":1,"s:35:27:35:Infinity":6,"s:36:26:36:Infinity":7,"b:38:8:45:Infinity:undefined:undefined:undefined:undefined":0,"s:38:8:45:Infinity":8,"b:38:12:38:26:38:26:38:37":1,"s:39:12:44:Infinity":9,"s:40:16:40:Infinity":10,"s:41:16:41:Infinity":11,"s:43:16:43:Infinity":12,"s:46:8:46:Infinity":13,"s:49:18:77:Infinity":14,"f:49:18:49:25":2,"s:50:8:76:Infinity":15,"s:51:29:51:Infinity":16,"s:52:28:52:Infinity":17,"b:52:28:52:41:52:45:52:Infinity":2,"s:55:16:55:Infinity":18,"b:55:16:55:35:55:39:55:52:55:56:55:85:55:85:55:Infinity":3,"s:56:29:56:Infinity":19,"b:56:29:56:41:56:45:56:67:56:67:56:Infinity":4,"s:57:28:57:Infinity":20,"b:57:28:57:43:57:47:57:Infinity":5,"b:59:12:69:Infinity:undefined:undefined:undefined:undefined":6,"s:59:12:69:Infinity":21,"b:59:16:59:27:59:27:59:40":7,"s:60:16:60:Infinity":22,"s:61:16:61:Infinity":23,"s:63:16:63:Infinity":24,"b:64:16:66:Infinity:undefined:undefined:undefined:undefined":8,"s:64:16:66:Infinity":25,"s:65:20:65:Infinity":26,"s:68:16:68:Infinity":27,"s:71:12:71:Infinity":28,"s:74:12:74:Infinity":29,"s:75:12:75:Infinity":30,"s:79:36:89:Infinity":31,"f:79:36:79:37":3,"s:80:8:80:Infinity":32,"s:81:8:81:Infinity":33,"b:81:16:81:28:81:28:81:Infinity":9,"s:82:8:82:Infinity":34,"b:84:8:88:Infinity:86:15:88:Infinity":10,"s:84:8:88:Infinity":35,"s:85:12:85:Infinity":36,"s:87:12:87:Infinity":37,"s:91:4:102:Infinity":38,"f:91:14:91:Infinity":4,"s:92:34:98:Infinity":39,"f:92:34:92:35":5,"s:93:52:93:Infinity":40,"b:93:52:93:131:93:135:93:Infinity":11,"b:95:12:97:Infinity:undefined:undefined:undefined:undefined":12,"s:95:12:97:Infinity":41,"s:96:16:96:Infinity":42,"b:96:53:96:65:96:65:96:Infinity":13,"s:100:8:100:Infinity":43,"s:101:8:101:Infinity":44,"f:101:15:101:21":6,"s:101:21:101:Infinity":45,"s:104:19:114:Infinity":46,"f:104:19:104:Infinity":7,"s:105:8:113:Infinity":47,"s:106:12:106:Infinity":48,"s:108:12:108:Infinity":49,"s:110:12:110:Infinity":50,"s:111:12:111:Infinity":51,"s:112:12:112:Infinity":52,"s:116:4:126:Infinity":53,"s:133:23:137:Infinity":54,"f:133:23:133:Infinity":8,"s:134:10:134:Infinity":55,"b:135:4:135:Infinity:undefined:undefined:undefined:undefined":14,"s:135:4:135:Infinity":56,"s:135:18:135:Infinity":57,"s:136:4:136:Infinity":58}}}
,"C:\\Users\\Taller\\Desktop\\bluvi-frontend\\src\\context\\RegisterContext.tsx": {"path":"C:\\Users\\Taller\\Desktop\\bluvi-frontend\\src\\context\\RegisterContext.tsx","statementMap":{"0":{"start":{"line":26,"column":26},"end":{"line":26,"column":null}},"1":{"start":{"line":27,"column":20},"end":{"line":27,"column":null}},"2":{"start":{"line":28,"column":23},"end":{"line":28,"column":null}},"3":{"start":{"line":29,"column":35},"end":{"line":29,"column":null}},"4":{"start":{"line":31,"column":31},"end":{"line":31,"column":null}},"5":{"start":{"line":33,"column":44},"end":{"line":50,"column":null}},"6":{"start":{"line":52,"column":26},"end":{"line":53,"column":null}},"7":{"start":{"line":53,"column":4},"end":{"line":53,"column":null}},"8":{"start":{"line":55,"column":22},"end":{"line":55,"column":null}},"9":{"start":{"line":55,"column":41},"end":{"line":55,"column":null}},"10":{"start":{"line":57,"column":28},"end":{"line":73,"column":null}},"11":{"start":{"line":57,"column":73},"end":{"line":73,"column":null}},"12":{"start":{"line":75,"column":30},"end":{"line":137,"column":null}},"13":{"start":{"line":76,"column":45},"end":{"line":76,"column":null}},"14":{"start":{"line":78,"column":4},"end":{"line":80,"column":null}},"15":{"start":{"line":79,"column":8},"end":{"line":79,"column":null}},"16":{"start":{"line":82,"column":4},"end":{"line":84,"column":null}},"17":{"start":{"line":83,"column":8},"end":{"line":83,"column":null}},"18":{"start":{"line":86,"column":4},"end":{"line":88,"column":null}},"19":{"start":{"line":87,"column":8},"end":{"line":87,"column":null}},"20":{"start":{"line":90,"column":4},"end":{"line":92,"column":null}},"21":{"start":{"line":91,"column":8},"end":{"line":91,"column":null}},"22":{"start":{"line":94,"column":4},"end":{"line":96,"column":null}},"23":{"start":{"line":95,"column":8},"end":{"line":95,"column":null}},"24":{"start":{"line":98,"column":4},"end":{"line":100,"column":null}},"25":{"start":{"line":99,"column":8},"end":{"line":99,"column":null}},"26":{"start":{"line":102,"column":4},"end":{"line":104,"column":null}},"27":{"start":{"line":103,"column":8},"end":{"line":103,"column":null}},"28":{"start":{"line":106,"column":4},"end":{"line":108,"column":null}},"29":{"start":{"line":107,"column":8},"end":{"line":107,"column":null}},"30":{"start":{"line":110,"column":4},"end":{"line":118,"column":null}},"31":{"start":{"line":111,"column":8},"end":{"line":117,"column":null}},"32":{"start":{"line":112,"column":12},"end":{"line":114,"column":null}},"33":{"start":{"line":113,"column":16},"end":{"line":113,"column":null}},"34":{"start":{"line":115,"column":31},"end":{"line":115,"column":null}},"35":{"start":{"line":116,"column":12},"end":{"line":116,"column":null}},"36":{"start":{"line":120,"column":4},"end":{"line":122,"column":null}},"37":{"start":{"line":121,"column":8},"end":{"line":121,"column":null}},"38":{"start":{"line":121,"column":92},"end":{"line":121,"column":131}},"39":{"start":{"line":124,"column":4},"end":{"line":126,"column":null}},"40":{"start":{"line":125,"column":8},"end":{"line":125,"column":null}},"41":{"start":{"line":125,"column":96},"end":{"line":125,"column":135}},"42":{"start":{"line":128,"column":4},"end":{"line":130,"column":null}},"43":{"start":{"line":129,"column":8},"end":{"line":129,"column":null}},"44":{"start":{"line":129,"column":78},"end":{"line":129,"column":117}},"45":{"start":{"line":132,"column":4},"end":{"line":134,"column":null}},"46":{"start":{"line":133,"column":8},"end":{"line":133,"column":null}},"47":{"start":{"line":136,"column":4},"end":{"line":136,"column":null}},"48":{"start":{"line":139,"column":30},"end":{"line":178,"column":null}},"49":{"start":{"line":140,"column":4},"end":{"line":142,"column":null}},"50":{"start":{"line":141,"column":8},"end":{"line":141,"column":null}},"51":{"start":{"line":144,"column":17},"end":{"line":144,"column":null}},"52":{"start":{"line":146,"column":19},"end":{"line":148,"column":38}},"53":{"start":{"line":147,"column":50},"end":{"line":147,"column":null}},"54":{"start":{"line":150,"column":4},"end":{"line":152,"column":null}},"55":{"start":{"line":151,"column":8},"end":{"line":151,"column":null}},"56":{"start":{"line":154,"column":4},"end":{"line":177,"column":null}},"57":{"start":{"line":161,"column":63},"end":{"line":161,"column":null}},"58":{"start":{"line":164,"column":65},"end":{"line":164,"column":null}},"59":{"start":{"line":173,"column":56},"end":{"line":173,"column":null}},"60":{"start":{"line":180,"column":31},"end":{"line":181,"column":null}},"61":{"start":{"line":181,"column":4},"end":{"line":181,"column":null}},"62":{"start":{"line":181,"column":78},"end":{"line":181,"column":null}},"63":{"start":{"line":183,"column":35},"end":{"line":249,"column":null}},"64":{"start":{"line":184,"column":4},"end":{"line":186,"column":null}},"65":{"start":{"line":185,"column":8},"end":{"line":185,"column":null}},"66":{"start":{"line":188,"column":4},"end":{"line":190,"column":null}},"67":{"start":{"line":189,"column":8},"end":{"line":189,"column":null}},"68":{"start":{"line":192,"column":4},"end":{"line":194,"column":null}},"69":{"start":{"line":193,"column":8},"end":{"line":193,"column":null}},"70":{"start":{"line":196,"column":4},"end":{"line":198,"column":null}},"71":{"start":{"line":197,"column":8},"end":{"line":197,"column":null}},"72":{"start":{"line":200,"column":4},"end":{"line":202,"column":null}},"73":{"start":{"line":201,"column":8},"end":{"line":201,"column":null}},"74":{"start":{"line":204,"column":4},"end":{"line":206,"column":null}},"75":{"start":{"line":205,"column":8},"end":{"line":205,"column":null}},"76":{"start":{"line":208,"column":4},"end":{"line":210,"column":null}},"77":{"start":{"line":209,"column":8},"end":{"line":209,"column":null}},"78":{"start":{"line":212,"column":4},"end":{"line":214,"column":null}},"79":{"start":{"line":213,"column":8},"end":{"line":213,"column":null}},"80":{"start":{"line":216,"column":4},"end":{"line":218,"column":null}},"81":{"start":{"line":217,"column":8},"end":{"line":217,"column":null}},"82":{"start":{"line":220,"column":4},"end":{"line":222,"column":null
[...]
nd":{"line":136,"column":45}},"type":"binary-expr","locations":[{"start":{"line":136,"column":16},"end":{"line":136,"column":26}},{"start":{"line":136,"column":26},"end":{"line":136,"column":45}}],"line":136},"12":{"loc":{"start":{"line":138,"column":29},"end":{"line":138,"column":null}},"type":"cond-expr","locations":[{"start":{"line":138,"column":63},"end":{"line":138,"column":84}},{"start":{"line":138,"column":84},"end":{"line":138,"column":null}}],"line":138},"13":{"loc":{"start":{"line":143,"column":12},"end":{"line":143,"column":null}},"type":"if","locations":[{"start":{"line":143,"column":12},"end":{"line":143,"column":null}},{"start":{},"end":{}}],"line":143},"14":{"loc":{"start":{"line":148,"column":8},"end":{"line":150,"column":null}},"type":"if","locations":[{"start":{"line":148,"column":8},"end":{"line":150,"column":null}},{"start":{},"end":{}}],"line":148},"15":{"loc":{"start":{"line":148,"column":12},"end":{"line":148,"column":74}},"type":"binary-expr","locations":[{"start":{"line":148,"column":12},"end":{"line":148,"column":45}},{"start":{"line":148,"column":45},"end":{"line":148,"column":74}}],"line":148}},"s":{"0":3,"1":3,"2":3,"3":5,"4":5,"5":3,"6":12,"7":0,"8":12,"9":12,"10":3,"11":6,"12":3,"13":6,"14":3,"15":1,"16":5,"17":5,"18":1,"19":3,"20":4,"21":4,"22":1,"23":3,"24":90,"25":5,"26":3,"27":3,"28":3,"29":2,"30":1,"31":1,"32":1,"33":4,"34":4,"35":2,"36":4,"37":2,"38":1,"39":1,"40":1,"41":0,"42":1,"43":2,"44":2,"45":2,"46":0,"47":1,"48":2,"49":1,"50":1,"51":1},"f":{"0":5,"1":12,"2":6,"3":6,"4":1,"5":5,"6":5,"7":4,"8":90,"9":5,"10":2},"b":{"0":[5,0],"1":[0,12],"2":[6,1,5],"3":[3,2],"4":[5,3],"5":[4],"6":[1,3],"7":[1,1],"8":[1,0],"9":[1,1],"10":[0,1],"11":[1,1],"12":[1,0],"13":[0,2],"14":[1,1],"15":[2,1]},"meta":{"lastBranch":16,"lastFunction":11,"lastStatement":52,"seen":{"s:1:33:1:Infinity":0,"s:12:22:43:Infinity":1,"s:61:20:64:Infinity":2,"f:61:20:61:21":0,"s:62:23:62:Infinity":3,"s:63:4:63:Infinity":4,"b:63:11:63:25:63:25:63:Infinity":0,"s:69:29:73:Infinity":5,"f:69:29:69:30":1,"b:70:4:70:Infinity:undefined:undefined:undefined:undefined":1,"s:70:4:70:Infinity":6,"s:70:29:70:Infinity":7,"s:71:19:71:Infinity":8,"s:72:4:72:Infinity":9,"s:75:13:81:Infinity":10,"f:75:13:75:14":2,"s:76:4:81:Infinity":11,"s:83:21:89:Infinity":12,"f:83:21:83:22":3,"s:83:101:89:Infinity":13,"b:86:11:86:12:86:21:86:38:86:38:86:Infinity":2,"s:91:29:98:Infinity":14,"f:91:29:91:30":4,"s:93:18:95:Infinity":15,"f:94:13:94:14":5,"s:94:24:94:Infinity":16,"b:94:51:94:65:94:65:94:Infinity":3,"f:95:16:95:17":6,"s:95:39:95:Infinity":17,"b:95:39:95:58:95:58:95:Infinity":4,"s:97:4:97:Infinity":18,"s:100:28:155:Infinity":19,"f:100:28:100:Infinity":7,"b:102:12:102:13":5,"s:105:28:105:Infinity":20,"b:106:4:108:Infinity:undefined:undefined:undefined:undefined":6,"s:106:4:108:Infinity":21,"s:107:8:107:Infinity":22,"s:111:25:114:Infinity":23,"f:112:16:112:24":8,"s:112:24:112:Infinity":24,"f:114:13:114:21":9,"s:114:21:114:Infinity":25,"s:117:4:154:Infinity":26,"s:118:20:118:126":27,"s:119:25:119:Infinity":28,"b:121:8:123:Infinity:undefined:undefined:undefined:undefined":7,"s:121:8:123:Infinity":29,"s:122:12:122:Infinity":30,"s:125:22:125:Infinity":31,"s:126:24:126:42":32,"b:126:24:126:36:126:40:126:42":8,"s:128:23:128:Infinity":33,"s:130:8:130:Infinity":34,"f:130:29:130:34":10,"s:130:34:130:Infinity":35,"s:132:8:144:Infinity":36,"b:133:12:133:Infinity:undefined:undefined:undefined:undefined":9,"s:133:12:133:Infinity":37,"s:133:46:133:Infinity":38,"s:135:26:135:Infinity":39,"b:136:12:136:Infinity:undefined:undefined:undefined:undefined":10,"s:136:12:136:Infinity":40,"b:136:16:136:26:136:26:136:45":11,"s:136:45:136:Infinity":41,"s:138:29:138:Infinity":42,"b:138:63:138:84:138:84:138:Infinity":12,"s:139:31:139:Infinity":43,"s:141:12:141:Infinity":44,"b:143:12:143:Infinity:undefined:undefined:undefined:undefined":13,"s:143:12:143:Infinity":45,"s:143:42:143:Infinity":46,"s:146:8:146:Infinity":47,"b:148:8:150:Infinity:undefined:undefined:undefined:undefined":14,"s:148:8:150:Infinity":48,"b:148:12:148:45:148:45:148:74":15,"s:149:12:149:Infinity":49,"s:151:8:151:Infinity":50,"s:153:8:153:Infinity":51}}}
,"C:\\Users\\Taller\\Desktop\\bluvi-frontend\\src\\services\\faceDetector.service.ts": {"path":"C:\\Users\\Taller\\Desktop\\bluvi-frontend\\src\\services\\faceDetector.service.ts","statementMap":{"0":{"start":{"line":10,"column":39},"end":{"line":23,"column":null}},"1":{"start":{"line":11,"column":19},"end":{"line":12,"column":null}},"2":{"start":{"line":15,"column":4},"end":{"line":22,"column":null}},"3":{"start":{"line":25,"column":29},"end":{"line":50,"column":null}},"4":{"start":{"line":26,"column":4},"end":{"line":28,"column":null}},"5":{"start":{"line":27,"column":8},"end":{"line":27,"column":null}},"6":{"start":{"line":30,"column":33},"end":{"line":30,"column":70}},"7":{"start":{"line":31,"column":43},"end":{"line":31,"column":null}},"8":{"start":{"line":33,"column":4},"end":{"line":35,"column":null}},"9":{"start":{"line":34,"column":8},"end":{"line":34,"column":null}},"10":{"start":{"line":37,"column":4},"end":{"line":39,"column":null}},"11":{"start":{"line":38,"column":8},"end":{"line":38,"column":null}},"12":{"start":{"line":41,"column":4},"end":{"line":43,"column":null}},"13":{"start":{"line":42,"column":8},"end":{"line":42,"column":null}},"14":{"start":{"line":45,"column":4},"end":{"line":47,"column":null}},"15":{"start":{"line":46,"column":8},"end":{"line":46,"column":null}},"16":{"start":{"line":49,"column":4},"end":{"line":49,"column":null}}},"fnMap":{"0":{"name":"(anonymous_0)","decl":{"start":{"line":10,"column":39},"end":{"line":10,"column":null}},"loc":{"start":{"line":10,"column":39},"end":{"line":23,"column":null}},"line":10},"1":{"name":"(anonymous_1)","decl":{"start":{"line":25,"column":29},"end":{"line":25,"column":30}},"loc":{"start":{"line":25,"column":30},"end":{"line":50,"column":null}},"line":25},"2":{"name":"(anonymous_2)","decl":{"start":{"line":33,"column":19},"end":{"line":33,"column":null}},"loc":{"start":{"line":33,"column":19},"end":{"line":35,"column":null}},"line":33}},"branchMap":{"0":{"loc":{"start":{"line":26,"column":4},"end":{"line":28,"column":null}},"type":"if","locations":[{"start":{"line":26,"column":4},"end":{"line":28,"column":null}},{"start":{},"end":{}}],"line":26},"1":{"loc":{"start":{"line":26,"column":8},"end":{"line":26,"column":74}},"type":"binary-expr","locations":[{"start":{"line":26,"column":8},"end":{"line":26,"column":32}},{"start":{"line":26,"column":36},"end":{"line":26,"column":74}}],"line":26},"2":{"loc":{"start":{"line":37,"column":4},"end":{"line":39,"column":null}},"type":"if","locations":[{"start":{"line":37,"column":4},"end":{"line":39,"column":null}},{"start":{},"end":{}}],"line":37},"3":{"loc":{"start":{"line":37,"column":8},"end":{"line":37,"column":89}},"type":"binary-expr","locations":[{"start":{"line":37,"column":8},"end":{"line":37,"column":49}},{"start":{"line":37,"column":49},"end":{"line":37,"column":89}}],"line":37},"4":{"loc":{"start":{"line":37,"column":9},"end":{"line":37,"column":42}},"type":"binary-expr","locations":[{"start":{"line":37,"column":9},"end":{"line":37,"column":33}},{"start":{"line":37,"column":37},"end":{"line":37,"column":42}}],"line":37},"5":{"loc":{"start":{"line":37,"column":50},"end":{"line":37,"column":84}},"type":"binary-expr","locations":[{"start":{"line":37,"column":50},"end":{"line":37,"column":75}},{"start":{"line":37,"column":79},"end":{"line":37,"column":84}}],"line":37},"6":{"loc":{"start":{"line":41,"column":4},"end":{"line":43,"column":null}},"type":"if","locations":[{"start":{"line":41,"column":4},"end":{"line":43,"column":null}},{"start":{},"end":{}}],"line":41},"7":{"loc":{"start":{"line":41,"column":8},"end":{"line":41,"column":85}},"type":"binary-expr","locations":[{"start":{"line":41,"column":8},"end":{"line":41,"column":48}},{"start":{"line":41,"column":48},"end":{"line":41,"column":85}}],"line":41},"8":{"loc":{"start":{"line":41,"column":9},"end":{"line":41,"column":41}},"type":"binary-expr","locations":[{"start":{"line":41,"column":9},"end":{"line":41,"column":32}},{"start":{"line":41,"column":36},"end":{"line":41,"column":41}}],"line":41},"9":{"loc":{"start":{"line":41,"column":49},"end":{"line":41,"column":80}},"type":"binary-expr","locations":[{"start":{"line":41,"column":49},"end":{"line":41,"column":71}},{"start":{"line":41,"column":75},"end":{"line":41,"column":80}}],"line":41},"10":{"loc":{"start":{"line":45,"column":4},"end":{"line":47,"column":null}},"type":"if","locations":[{"start":{"line":45,"column":4},"end":{"line":47,"column":null}},{"start":{},"end":{}}],"line":45},"11":{"loc":{"start":{"line":45,"column":9},"end":{"line":45,"column":35}},"type":"binary-expr","locations":[{"start":{"line":45,"column":9},"end":{"line":45,"column":26}},{"start":{"line":45,"column":30},"end":{"line":45,"column":35}}],"line":45}},"s":{"0":1,"1":1,"2":1,"3":1,"4":6,"5":2,"6":4,"7":4,"8":4,"9":10,"10":4,"11":1,"12":3,"13":1,"14":2,"15":1,"16":1},"f":{"0":1,"1":6,"2":10},"b":{"0":[2,4],"1":[6,5],"2":[1,3],"3":[4,1],"4":[4,2],"5":[1,0],"6":[1,2],"7":[3,1],"8":[3,1],"9":[1,0],"10":[1,1],"11":[2,0]},"meta":{"lastBranch":12,"lastFunction":3,"lastStatement":17,"seen":{"s:10:39:23:Infinity":0,"f:10:39:10:Infinity":0,"s:11:19:12:Infinity":1,"s:15:4:22:Infinity":2,"s:25:29:50:Infinity":3,"f:25:29:25:30":1,"b:26:4:28:Infinity:undefined:undefined:undefined:undefined":0,"s:26:4:28:Infinity":4,"b:26:8:26:32:26:36:26:74":1,"s:27:8:27:Infinity":5,"s:30:33:30:70":6,"s:31:43:31:Infinity":7,"s:33:4:35:Infinity":8,"f:33:19:33:Infinity":2,"s:34:8:34:Infinity":9,"b:37:4:39:Infinity:undefined:undefined:undefined:undefined":2,"s:37:4:39:Infinity":10,"b:37:8:37:49:37:49:37:89":3,"b:37:9:37:33:37:37:37:42":4,"b:37:50:37:75:37:79:37:84":5,"s:38:8:38:Infinity":11,"b:41:4:43:Infinity:undefined:undefined:undefined:undefined":6,"s:41:4:43:Infinity":12,"b:41:8:41:48:41:48:41:85":7,"b:41:9:41:32:41:36:41:41":8,"b:41:49:41:71:41:75:41:80":9,"s:42:8:42:Infinity":13,"b:45:4:47:Infinity:undefined:undefined:undefined:undefined":10,"s:45:4:47:Infinity":14,"b:45:9:45:26:45:30:45:35":11,"s:46:8:46:Infinity":15,"s:49:4:49:Infinity":16}}}
,"C:\\Users\\Taller\\Desktop\\bluvi-frontend\\src\\services\\narration.service.ts": {"path":"C:\\Users\\Taller\\Desktop\\bluvi-frontend\\src\\services\\narration.service.ts","statementMap":{"0":{"start":{"line":3,"column":33},"end":{"line":11,"column":null}},"1":{"start":{"line":4,"column":21},"end":{"line":7,"column":null}},"2":{"start":{"line":10,"column":4},"end":{"line":10,"column":null}}},"fnMap":{"0":{"name":"(anonymous_0)","decl":{"start":{"line":3,"column":33},"end":{"line":3,"column":40}},"loc":{"start":{"line":3,"column":40},"end":{"line":11,"column":null}},"line":3}},"branchMap":{},"s":{"0":3,"1":1,"2":1},"f":{"0":1},"b":{},"meta":{"lastBranch":0,"lastFunction":1,"lastStatement":3,"seen":{"s:3:33:11:Infinity":0,"f:3:33:3:40":0,"s:4:21:7:Infinity":1,"s:10:4:10:Infinity":2}}}
,"C:\\Users\\Taller\\Desktop\\bluvi-frontend\\src\\services\\uploadService.ts": {"path":"C:\\Users\\Taller\\Desktop\\bluvi-frontend\\src\\services\\uploadService.ts","statementMap":{"0":{"start":{"line":3,"column":20},"end":{"line":3,"column":null}},"1":{"start":{"line":15,"column":31},"end":{"line":45,"column":null}},"2":{"start":{"line":16,"column":2},"end":{"line":44,"column":null}},"3":{"start":{"line":18,"column":26},"end":{"line":21,"column":null}},"4":{"start":{"line":23,"column":21},"end":{"line":23,"column":53}},"5":{"start":{"line":24,"column":21},"end":{"line":24,"column":47}},"6":{"start":{"line":26,"column":35},"end":{"line":31,"column":null}},"7":{"start":{"line":33,"column":4},"end":{"line":35,"column":null}},"8":{"start":{"line":34,"column":6},"end":{"line":34,"column":null}},"9":{"start":{"line":37,"column":21},"end":{"line":39,"column":null}},"10":{"start":{"line":41,"column":4},"end":{"line":41,"column":null}},"11":{"start":{"line":43,"column":4},"end":{"line":43,"column":null}}},"fnMap":{"0":{"name":"(anonymous_0)","decl":{"start":{"line":15,"column":31},"end":{"line":15,"column":38}},"loc":{"start":{"line":15,"column":38},"end":{"line":45,"column":null}},"line":15}},"branchMap":{"0":{"loc":{"start":{"line":33,"column":4},"end":{"line":35,"column":null}},"type":"if","locations":[{"start":{"line":33,"column":4},"end":{"line":35,"column":null}},{"start":{},"end":{}}],"line":33},"1":{"loc":{"start":{"line":43,"column":31},"end":{"line":43,"column":97}},"type":"cond-expr","locations":[{"start":{"line":43,"column":54},"end":{"line":43,"column":65}},{"start":{"line":43,"column":68},"end":{"line":43,"column":97}}],"line":43}},"s":{"0":2,"1":2,"2":3,"3":3,"4":3,"5":3,"6":3,"7":2,"8":1,"9":1,"10":1,"11":1},"f":{"0":3},"b":{"0":[1,1],"1":[0,1]},"meta":{"lastBranch":2,"lastFunction":1,"lastStatement":12,"seen":{"s:3:20:3:Infinity":0,"s:15:31:45:Infinity":1,"f:15:31:15:38":0,"s:16:2:44:Infinity":2,"s:18:26:21:Infinity":3,"s:23:21:23:53":4,"s:24:21:24:47":5,"s:26:35:31:Infinity":6,"b:33:4:35:Infinity:undefined:undefined:undefined:undefined":0,"s:33:4:35:Infinity":7,"s:34:6:34:Infinity":8,"s:37:21:39:Infinity":9,"s:41:4:41:Infinity":10,"s:43:4:43:Infinity":11,"b:43:54:43:65:43:68:43:97":1}}}
,"C:\\Users\\Taller\\Desktop\\bluvi-frontend\\src\\services\\user.service.ts": {"path":"C:\\Users\\Taller\\Desktop\\bluvi-frontend\\src\\services\\user.service.ts","statementMap":{"0":{"start":{"line":27,"column":28},"end":{"line":30,"column":null}},"1":{"start":{"line":28,"column":21},"end":{"line":28,"column":null}},"2":{"start":{"line":29,"column":4},"end":{"line":29,"column":null}},"3":{"start":{"line":32,"column":31},"end":{"line":35,"column":null}},"4":{"start":{"line":33,"column":21},"end":{"line":33,"column":null}},"5":{"start":{"line":34,"column":4},"end":{"line":34,"column":null}},"6":{"start":{"line":37,"column":36},"end":{"line":40,"column":null}},"7":{"start":{"line":38,"column":21},"end":{"line":38,"column":null}},"8":{"start":{"line":39,"column":4},"end":{"line":39,"column":null}},"9":{"start":{"line":42,"column":31},"end":{"line":45,"column":null}},"10":{"start":{"line":43,"column":21},"end":{"line":43,"column":null}},"11":{"start":{"line":44,"column":4},"end":{"line":44,"column":null}},"12":{"start":{"line":47,"column":31},"end":{"line":49,"column":null}},"13":{"start":{"line":48,"column":4},"end":{"line":48,"column":null}},"14":{"start":{"line":63,"column":33},"end":{"line":65,"column":null}},"15":{"start":{"line":64,"column":4},"end":{"line":64,"column":null}},"16":{"start":{"line":67,"column":26},"end":{"line":70,"column":null}},"17":{"start":{"line":68,"column":21},"end":{"line":68,"column":null}},"18":{"start":{"line":69,"column":4},"end":{"line":69,"column":null}},"19":{"start":{"line":72,"column":29},"end":{"line":75,"column":null}},"20":{"start":{"line":73,"column":21},"end":{"line":73,"column":null}},"21":{"start":{"line":74,"column":4},"end":{"line":74,"column":null}},"22":{"start":{"line":77,"column":43},"end":{"line":80,"column":null}},"23":{"start":{"line":78,"column":21},"end":{"line":78,"column":null}},"24":{"start":{"line":79,"column":4},"end":{"line":79,"column":null}},"25":{"start":{"line":82,"column":46},"end":{"line":87,"column":null}},"26":{"start":{"line":85,"column":21},"end":{"line":85,"column":null}},"27":{"start":{"line":86,"column":4},"end":{"line":86,"column":null}},"28":{"start":{"line":89,"column":32},"end":{"line":92,"column":null}},"29":{"start":{"line":90,"column":21},"end":{"line":90,"column":null}},"30":{"start":{"line":91,"column":4},"end":{"line":91,"column":null}},"31":{"start":{"line":94,"column":26},"end":{"line":96,"column":null}},"32":{"start":{"line":95,"column":4},"end":{"line":95,"column":null}},"33":{"start":{"line":98,"column":25},"end":{"line":100,"column":null}},"34":{"start":{"line":99,"column":4},"end":{"line":99,"column":null}}},"fnMap":{"0":{"name":"(anonymous_0)","decl":{"start":{"line":27,"column":28},"end":{"line":27,"column":null}},"loc":{"start":{"line":27,"column":28},"end":{"line":30,"column":null}},"line":27},"1":{"name":"(anonymous_1)","decl":{"start":{"line":32,"column":31},"end":{"line":32,"column":38}},"loc":{"start":{"line":32,"column":38},"end":{"line":35,"column":null}},"line":32},"2":{"name":"(anonymous_2)","decl":{"start":{"line":37,"column":36},"end":{"line":37,"column":null}},"loc":{"start":{"line":37,"column":36},"end":{"line":40,"column":null}},"line":37},"3":{"name":"(anonymous_3)","decl":{"start":{"line":42,"column":31},"end":{"line":42,"column":38}},"loc":{"start":{"line":42,"column":38},"end":{"line":45,"column":null}},"line":42},"4":{"name":"(anonymous_4)","decl":{"start":{"line":47,"column":31},"end":{"line":47,"column":38}},"loc":{"start":{"line":47,"column":38},"end":{"line":49,"column":null}},"line":47},"5":{"name":"(anonymous_5)","decl":{"start":{"line":63,"column":33},"end":{"line":63,"column":40}},"loc":{"start":{"line":63,"column":111},"end":{"line":65,"column":null}},"line":63},"6":{"name":"(anonymous_6)","decl":{"start":{"line":67,"column":26},"end":{"line":67,"column":null}},"loc":{"start":{"line":67,"column":26},"end":{"line":70,"column":null}},"line":67},"7":{"name":"(anonymous_7)","decl":{"start":{"line":72,"column":29},"end":{"line":72,"column":36}},"loc":{"start":{"line":72,"column":36},"end":{"line":75,"column":null}},"line":72},"8":{"name":"(anonymous_8)","decl":{"start":{"line":77,"column":43},"end":{"line":77,"column":null}},"loc":{"start":{"line":77,"column":43},"end":{"line":80,"column":null}},"line":77},"9":{"name":"(anonymous_9)","decl":{"start":{"line":82,"column":46},"end":{"line":82,"column":null}},"loc":{"start":{"line":83,"column":4},"end":{"line":87,"column":null}},"line":83},"10":{"name":"(anonymous_10)","decl":{"start":{"line":89,"column":32},"end":{"line":89,"column":39}},"loc":{"start":{"line":89,"column":39},"end":{"line":92,"column":null}},"line":89},"11":{"name":"(anonymous_11)","decl":{"start":{"line":94,"column":26},"end":{"line":94,"column":33}},"loc":{"start":{"line":94,"column":49},"end":{"line":96,"column":null}},"line":94},"12":{"name":"(anonymous_12)","decl":{"start":{"line":98,"column":25},"end":{"line":98,"column":32}},"loc":{"start":{"line":98,"column":32},"end":{"line":100,"column":null}},"line":98}},"branchMap":{"0":{"loc":{"start":{"line":63,"column":60},"end":{"line":63,"column":111}},"type":"default-arg","locations":[{"start":{"line":63,"column":103},"end":{"line":63,"column":111}}],"line":63}},"s":{"0":1,"1":1,"2":1,"3":1,"4":1,"5":1,"6":1,"7":1,"8":1,"9":1,"10":1,"11":1,"12":1,"13":1,"14":1,"15":1,"16":1,"17":1,"18":1,"19":1,"20":1,"21":1,"22":1,"23":1,"24":1,"25":1,"26":1,"27":1,"28":1,"29":0,"30":0,"31":1,"32":1,"33":1,"34":1},"f":{"0":1,"1":1,"2":1,"3":1,"4":1,"5":1,"6":1,"7":1,"8":1,"9":1,"10":0,"11":1,"12":1},"b":{"0":[1]},"meta":{"lastBranch":1,"lastFunction":13,"lastStatement":35,"seen":{"s:27:28:30:Infinity":0,"f:27:28:27:Infinity":0,"s:28:21:28:Infinity":1,"s:29:4:29:Infinity":2,"s:32:31:35:Infinity":3,"f:32:31:32:38":1,"s:33:21:33:Infinity":4,"s:34:4:34:Infinity":5,"s:37:36:40:Infinity":6,"f:37:36:37:Infinity":2,"s:38:21:38:Infinity":7,"s:39:4:39:Infinity":8,"s:42:31:45:Infinity":9,"f:42:31:42:38":3,"s:43:21:43:Infinity":10,"s:44:4:44:Infinity":11,"s:47:31:49:Infinity":12,"f:47:31:47:38":4,"s:48:4:48:Infinity":13,"s:63:33:65:Infinity":14,"f:63:33:63:40":5,"b:63:103:63:111":0,"s:64:4:64:Infinity":15,"s:67:26:70:Infinity":16,"f:67:26:67:Infinity":6,"s:68:21:68:Infinity":17,"s:69:4:69:Infinity":18,"s:72:29:75:Infinity":19,"f:72:29:72:36":7,"s:73:21:73:Infinity":20,"s:74:4:74:Infinity":21,"s:77:43:80:Infinity":22,"f:77:43:77:Infinity":8,"s:78:21:78:Infinity":23,"s:79:4:79:Infinity":24,"s:82:46:87:Infinity":25,"f:82:46:82:Infinity":9,"s:85:21:85:Infinity":26,"s:86:4:86:Infinity":27,"s:89:32:92:Infinity":28,"f:89:32:89:39":10,"s:90:21:90:Infinity":29,"s:91:4:91:Infinity":30,"s:94:26:96:Infinity":31,"f:94:26:94:33":11,"s:95:4:95:Infinity":32,"s:98:25:100:Infinity":33,"f:98:25:98:32":12,"s:99:4:99:Infinity":34}}}
}
