{"C:\\Users\\DAW2\\Desktop\\bluvi-frontend\\src\\components\\AccessibleErrorTooltip.tsx": {"path":"C:\\Users\\DAW2\\Desktop\\bluvi-frontend\\src\\components\\AccessibleErrorTooltip.tsx","statementMap":{"0":{"start":{"line":10,"column":77},"end":{"line":26,"column":null}},"1":{"start":{"line":11,"column":4},"end":{"line":11,"column":null}},"2":{"start":{"line":11,"column":18},"end":{"line":11,"column":null}},"3":{"start":{"line":13,"column":4},"end":{"line":22,"column":null}}},"fnMap":{"0":{"name":"(anonymous_0)","decl":{"start":{"line":10,"column":77},"end":{"line":10,"column":78}},"loc":{"start":{"line":10,"column":109},"end":{"line":26,"column":null}},"line":10}},"branchMap":{"0":{"loc":{"start":{"line":10,"column":93},"end":{"line":10,"column":107}},"type":"default-arg","locations":[{"start":{"line":10,"column":105},"end":{"line":10,"column":107}}],"line":10},"1":{"loc":{"start":{"line":11,"column":4},"end":{"line":11,"column":null}},"type":"if","locations":[{"start":{"line":11,"column":4},"end":{"line":11,"column":null}},{"start":{},"end":{}}],"line":11}},"s":{"0":3,"1":57,"2":55,"3":2},"f":{"0":57},"b":{"0":[57],"1":[55,2]},"meta":{"lastBranch":2,"lastFunction":1,"lastStatement":4,"seen":{"s:10:77:26:Infinity":0,"f:10:77:10:78":0,"b:10:105:10:107":0,"b:11:4:11:Infinity:undefined:undefined:undefined:undefined":1,"s:11:4:11:Infinity":1,"s:11:18:11:Infinity":2,"s:13:4:22:Infinity":3}}}
,"C:\\Users\\DAW2\\Desktop\\bluvi-frontend\\src\\components\\AnimatedStep.tsx": {"path":"C:\\Users\\DAW2\\Desktop\\bluvi-frontend\\src\\components\\AnimatedStep.tsx","statementMap":{"0":{"start":{"line":10,"column":28},"end":{"line":38,"column":null}},"1":{"start":{"line":11,"column":22},"end":{"line":11,"column":null}},"2":{"start":{"line":12,"column":28},"end":{"line":12,"column":null}},"3":{"start":{"line":13,"column":27},"end":{"line":13,"column":null}},"4":{"start":{"line":14,"column":25},"end":{"line":16,"column":null}},"5":{"start":{"line":17,"column":29},"end":{"line":17,"column":null}},"6":{"start":{"line":18,"column":29},"end":{"line":18,"column":null}},"7":{"start":{"line":19,"column":26},"end":{"line":19,"column":null}},"8":{"start":{"line":21,"column":4},"end":{"line":35,"column":null}}},"fnMap":{"0":{"name":"(anonymous_0)","decl":{"start":{"line":10,"column":28},"end":{"line":10,"column":29}},"loc":{"start":{"line":10,"column":91},"end":{"line":38,"column":null}},"line":10}},"branchMap":{"0":{"loc":{"start":{"line":10,"column":41},"end":{"line":10,"column":70}},"type":"default-arg","locations":[{"start":{"line":10,"column":53},"end":{"line":10,"column":70}}],"line":10},"1":{"loc":{"start":{"line":13,"column":27},"end":{"line":13,"column":null}},"type":"cond-expr","locations":[{"start":{"line":13,"column":45},"end":{"line":13,"column":67}},{"start":{"line":13,"column":67},"end":{"line":13,"column":null}}],"line":13},"2":{"loc":{"start":{"line":14,"column":25},"end":{"line":16,"column":null}},"type":"cond-expr","locations":[{"start":{"line":15,"column":10},"end":{"line":15,"column":null}},{"start":{"line":16,"column":10},"end":{"line":16,"column":null}}],"line":14},"3":{"loc":{"start":{"line":17,"column":29},"end":{"line":17,"column":null}},"type":"cond-expr","locations":[{"start":{"line":17,"column":47},"end":{"line":17,"column":64}},{"start":{"line":17,"column":64},"end":{"line":17,"column":null}}],"line":17},"4":{"loc":{"start":{"line":18,"column":29},"end":{"line":18,"column":null}},"type":"cond-expr","locations":[{"start":{"line":18,"column":47},"end":{"line":18,"column":64}},{"start":{"line":18,"column":64},"end":{"line":18,"column":null}}],"line":18},"5":{"loc":{"start":{"line":19,"column":26},"end":{"line":19,"column":null}},"type":"cond-expr","locations":[{"start":{"line":19,"column":44},"end":{"line":19,"column":61}},{"start":{"line":19,"column":61},"end":{"line":19,"column":null}}],"line":19}},"s":{"0":9,"1":188,"2":188,"3":188,"4":188,"5":188,"6":188,"7":188,"8":188},"f":{"0":188},"b":{"0":[188],"1":[113,75],"2":[113,75],"3":[113,75],"4":[113,75],"5":[113,75]},"meta":{"lastBranch":6,"lastFunction":1,"lastStatement":9,"seen":{"s:10:28:38:Infinity":0,"f:10:28:10:29":0,"b:10:53:10:70":0,"s:11:22:11:Infinity":1,"s:12:28:12:Infinity":2,"s:13:27:13:Infinity":3,"b:13:45:13:67:13:67:13:Infinity":1,"s:14:25:16:Infinity":4,"b:15:10:15:Infinity:16:10:16:Infinity":2,"s:17:29:17:Infinity":5,"b:17:47:17:64:17:64:17:Infinity":3,"s:18:29:18:Infinity":6,"b:18:47:18:64:18:64:18:Infinity":4,"s:19:26:19:Infinity":7,"b:19:44:19:61:19:61:19:Infinity":5,"s:21:4:35:Infinity":8}}}
,"C:\\Users\\DAW2\\Desktop\\bluvi-frontend\\src\\components\\Button.tsx": {"path":"C:\\Users\\DAW2\\Desktop\\bluvi-frontend\\src\\components\\Button.tsx","statementMap":{"0":{"start":{"line":7,"column":31},"end":{"line":33,"column":null}},"1":{"start":{"line":35,"column":26},"end":{"line":51,"column":null}},"2":{"start":{"line":36,"column":4},"end":{"line":50,"column":null}},"3":{"start":{"line":40,"column":12},"end":{"line":40,"column":null}},"4":{"start":{"line":40,"column":24},"end":{"line":40,"column":null}},"5":{"start":{"line":42,"column":37},"end":{"line":42,"column":null}},"6":{"start":{"line":43,"column":30},"end":{"line":43,"column":null}},"7":{"start":{"line":45,"column":12},"end":{"line":45,"column":null}},"8":{"start":{"line":45,"column":48},"end":{"line":45,"column":null}},"9":{"start":{"line":46,"column":12},"end":{"line":46,"column":null}},"10":{"start":{"line":46,"column":55},"end":{"line":46,"column":null}},"11":{"start":{"line":47,"column":12},"end":{"line":47,"column":null}},"12":{"start":{"line":47,"column":55},"end":{"line":47,"column":null}},"13":{"start":{"line":49,"column":12},"end":{"line":49,"column":null}},"14":{"start":{"line":53,"column":45},"end":{"line":89,"column":null}},"15":{"start":{"line":54,"column":23},"end":{"line":54,"column":null}},"16":{"start":{"line":55,"column":30},"end":{"line":55,"column":null}},"17":{"start":{"line":57,"column":4},"end":{"line":86,"column":null}}},"fnMap":{"0":{"name":"(anonymous_0)","decl":{"start":{"line":35,"column":26},"end":{"line":35,"column":27}},"loc":{"start":{"line":35,"column":27},"end":{"line":51,"column":null}},"line":35},"1":{"name":"(anonymous_1)","decl":{"start":{"line":39,"column":14},"end":{"line":39,"column":15}},"loc":{"start":{"line":39,"column":15},"end":{"line":50,"column":null}},"line":39},"2":{"name":"(anonymous_2)","decl":{"start":{"line":53,"column":45},"end":{"line":53,"column":46}},"loc":{"start":{"line":53,"column":84},"end":{"line":89,"column":null}},"line":53}},"branchMap":{"0":{"loc":{"start":{"line":40,"column":12},"end":{"line":40,"column":null}},"type":"if","locations":[{"start":{"line":40,"column":12},"end":{"line":40,"column":null}},{"start":{},"end":{}}],"line":40},"1":{"loc":{"start":{"line":42,"column":37},"end":{"line":42,"column":null}},"type":"cond-expr","locations":[{"start":{"line":42,"column":61},"end":{"line":42,"column":78}},{"start":{"line":42,"column":78},"end":{"line":42,"column":null}}],"line":42},"2":{"loc":{"start":{"line":43,"column":30},"end":{"line":43,"column":null}},"type":"binary-expr","locations":[{"start":{"line":43,"column":30},"end":{"line":43,"column":67}},{"start":{"line":43,"column":67},"end":{"line":43,"column":null}}],"line":43},"3":{"loc":{"start":{"line":45,"column":12},"end":{"line":45,"column":null}},"type":"if","locations":[{"start":{"line":45,"column":12},"end":{"line":45,"column":null}},{"start":{},"end":{}}],"line":45},"4":{"loc":{"start":{"line":46,"column":12},"end":{"line":46,"column":null}},"type":"if","locations":[{"start":{"line":46,"column":12},"end":{"line":46,"column":null}},{"start":{},"end":{}}],"line":46},"5":{"loc":{"start":{"line":47,"column":12},"end":{"line":47,"column":null}},"type":"if","locations":[{"start":{"line":47,"column":12},"end":{"line":47,"column":null}},{"start":{},"end":{}}],"line":47},"6":{"loc":{"start":{"line":53,"column":48},"end":{"line":53,"column":62}},"type":"default-arg","locations":[{"start":{"line":53,"column":60},"end":{"line":53,"column":62}}],"line":53},"7":{"loc":{"start":{"line":76,"column":14},"end":{"line":76,"column":null}},"type":"cond-expr","locations":[{"start":{"line":76,"column":28},"end":{"line":76,"column":48}},{"start":{"line":76,"column":48},"end":{"line":76,"column":null}}],"line":76},"8":{"loc":{"start":{"line":77,"column":14},"end":{"line":77,"column":null}},"type":"cond-expr","locations":[{"start":{"line":77,"column":35},"end":{"line":77,"column":50}},{"start":{"line":77,"column":50},"end":{"line":77,"column":null}}],"line":77}},"s":{"0":9,"1":9,"2":214,"3":2184,"4":0,"5":2184,"6":2184,"7":2184,"8":1762,"9":422,"10":299,"11":123,"12":0,"13":123,"14":9,"15":214,"16":214,"17":214},"f":{"0":214,"1":2184,"2":214},"b":{"0":[0,2184],"1":[0,2184],"2":[2184,0],"3":[1762,422],"4":[299,123],"5":[0,123],"6":[214],"7":[91,123],"8":[91,123]},"meta":{"lastBranch":9,"lastFunction":3,"lastStatement":18,"seen":{"s:7:31:33:Infinity":0,"s:35:26:51:Infinity":1,"f:35:26:35:27":0,"s:36:4:50:Infinity":2,"f:39:14:39:15":1,"b:40:12:40:Infinity:undefined:undefined:undefined:undefined":0,"s:40:12:40:Infinity":3,"s:40:24:40:Infinity":4,"s:42:37:42:Infinity":5,"b:42:61:42:78:42:78:42:Infinity":1,"s:43:30:43:Infinity":6,"b:43:30:43:67:43:67:43:Infinity":2,"b:45:12:45:Infinity:undefined:undefined:undefined:undefined":3,"s:45:12:45:Infinity":7,"s:45:48:45:Infinity":8,"b:46:12:46:Infinity:undefined:undefined:undefined:undefined":4,"s:46:12:46:Infinity":9,"s:46:55:46:Infinity":10,"b:47:12:47:Infinity:undefined:undefined:undefined:undefined":5,"s:47:12:47:Infinity":11,"s:47:55:47:Infinity":12,"s:49:12:49:Infinity":13,"s:53:45:89:Infinity":14,"f:53:45:53:46":2,"b:53:60:53:62":6,"s:54:23:54:Infinity":15,"s:55:30:55:Infinity":16,"s:57:4:86:Infinity":17,"b:76:28:76:48:76:48:76:Infinity":7,"b:77:35:77:50:77:50:77:Infinity":8}}}
,"C:\\Users\\DAW2\\Desktop\\bluvi-frontend\\src\\components\\DatePicker.tsx": {"path":"C:\\Users\\DAW2\\Desktop\\bluvi-frontend\\src\\components\\DatePicker.tsx","statementMap":{"0":{"start":{"line":29,"column":41},"end":{"line":29,"column":null}},"1":{"start":{"line":30,"column":10},"end":{"line":34,"column":null}},"2":{"start":{"line":31,"column":8},"end":{"line":31,"column":null}},"3":{"start":{"line":31,"column":25},"end":{"line":31,"column":null}},"4":{"start":{"line":32,"column":8},"end":{"line":32,"column":null}},"5":{"start":{"line":32,"column":36},"end":{"line":32,"column":null}},"6":{"start":{"line":33,"column":8},"end":{"line":33,"column":null}},"7":{"start":{"line":36,"column":24},"end":{"line":40,"column":null}},"8":{"start":{"line":37,"column":21},"end":{"line":37,"column":null}},"9":{"start":{"line":38,"column":22},"end":{"line":38,"column":null}},"10":{"start":{"line":39,"column":8},"end":{"line":39,"column":null}},"11":{"start":{"line":42,"column":4},"end":{"line":104,"column":null}},"12":{"start":{"line":48,"column":14},"end":{"line":51,"column":null}},"13":{"start":{"line":75,"column":39},"end":{"line":75,"column":null}},"14":{"start":{"line":92,"column":39},"end":{"line":92,"column":null}},"15":{"start":{"line":101,"column":18},"end":{"line":104,"column":null}}},"fnMap":{"0":{"name":"DatePicker","decl":{"start":{"line":28,"column":16},"end":{"line":28,"column":48}},"loc":{"start":{"line":28,"column":114},"end":{"line":113,"column":null}},"line":28},"1":{"name":"(anonymous_1)","decl":{"start":{"line":30,"column":39},"end":{"line":30,"column":null}},"loc":{"start":{"line":30,"column":39},"end":{"line":34,"column":7}},"line":30},"2":{"name":"(anonymous_2)","decl":{"start":{"line":36,"column":24},"end":{"line":36,"column":25}},"loc":{"start":{"line":36,"column":25},"end":{"line":40,"column":null}},"line":36},"3":{"name":"(anonymous_3)","decl":{"start":{"line":48,"column":13},"end":{"line":48,"column":14}},"loc":{"start":{"line":48,"column":14},"end":{"line":51,"column":null}},"line":48},"4":{"name":"(anonymous_4)","decl":{"start":{"line":75,"column":33},"end":{"line":75,"column":39}},"loc":{"start":{"line":75,"column":39},"end":{"line":75,"column":null}},"line":75},"5":{"name":"(anonymous_5)","decl":{"start":{"line":92,"column":33},"end":{"line":92,"column":39}},"loc":{"start":{"line":92,"column":39},"end":{"line":92,"column":null}},"line":92},"6":{"name":"(anonymous_6)","decl":{"start":{"line":101,"column":17},"end":{"line":101,"column":18}},"loc":{"start":{"line":101,"column":18},"end":{"line":104,"column":null}},"line":101}},"branchMap":{"0":{"loc":{"start":{"line":31,"column":8},"end":{"line":31,"column":null}},"type":"if","locations":[{"start":{"line":31,"column":8},"end":{"line":31,"column":null}},{"start":{},"end":{}}],"line":31},"1":{"loc":{"start":{"line":32,"column":8},"end":{"line":32,"column":null}},"type":"if","locations":[{"start":{"line":32,"column":8},"end":{"line":32,"column":null}},{"start":{},"end":{}}],"line":32},"2":{"loc":{"start":{"line":37,"column":21},"end":{"line":37,"column":null}},"type":"binary-expr","locations":[{"start":{"line":37,"column":21},"end":{"line":37,"column":37}},{"start":{"line":37,"column":37},"end":{"line":37,"column":48}},{"start":{"line":37,"column":52},"end":{"line":37,"column":null}}],"line":37},"3":{"loc":{"start":{"line":38,"column":22},"end":{"line":38,"column":null}},"type":"cond-expr","locations":[{"start":{"line":38,"column":45},"end":{"line":38,"column":50}},{"start":{"line":38,"column":50},"end":{"line":38,"column":null}}],"line":38},"4":{"loc":{"start":{"line":44,"column":9},"end":{"line":44,"column":null}},"type":"binary-expr","locations":[{"start":{"line":44,"column":9},"end":{"line":44,"column":18}},{"start":{"line":44,"column":9},"end":{"line":44,"column":null}}],"line":44},"5":{"loc":{"start":{"line":61,"column":9},"end":{"line":61,"column":null}},"type":"binary-expr","locations":[{"start":{"line":61,"column":9},"end":{"line":61,"column":24}},{"start":{"line":61,"column":9},"end":{"line":61,"column":null}}],"line":61},"6":{"loc":{"start":{"line":62,"column":9},"end":{"line":62,"column":null}},"type":"binary-expr","locations":[{"start":{"line":62,"column":9},"end":{"line":62,"column":25}},{"start":{"line":62,"column":9},"end":{"line":62,"column":null}}],"line":62},"7":{"loc":{"start":{"line":68,"column":30},"end":{"line":68,"column":null}},"type":"binary-expr","locations":[{"start":{"line":68,"column":30},"end":{"line":68,"column":46}},{"start":{"line":68,"column":46},"end":{"line":68,"column":null}}],"line":68}},"s":{"0":8,"1":8,"2":5,"3":0,"4":5,"5":0,"6":5,"7":8,"8":0,"9":0,"10":0,"11":8,"12":70,"13":0,"14":0,"15":0},"f":{"0":8,"1":5,"2":0,"3":70,"4":0,"5":0,"6":0},"b":{"0":[0,5],"1":[0,5],"2":[0,0,0],"3":[0,0],"4":[8,8],"5":[8,8],"6":[8,2],"7":[8,8]},"meta":{"lastBranch":8,"lastFunction":7,"lastStatement":16,"seen":{"f:28:16:28:48":0,"s:29:41:29:Infinity":0,"s:30:10:34:Infinity":1,"f:30:39:30:Infinity":1,"b:31:8:31:Infinity:undefined:undefined:undefined:undefined":0,"s:31:8:31:Infinity":2,"s:31:25:31:Infinity":3,"b:32:8:32:Infinity:undefined:undefined:undefined:undefined":1,"s:32:8:32:Infinity":4,"s:32:36:32:Infinity":5,"s:33:8:33:Infinity":6,"s:36:24:40:Infinity":7,"f:36:24:36:25":2,"s:37:21:37:Infinity":8,"b:37:21:37:37:37:37:37:48:37:52:37:Infinity":2,"s:38:22:38:Infinity":9,"b:38:45:38:50:38:50:38:Infinity":3,"s:39:8:39:Infinity":10,"s:42:4:104:Infinity":11,"b:44:9:44:18:44:9:44:Infinity":4,"f:48:13:48:14":3,"s:48:14:51:Infinity":12,"b:61:9:61:24:61:9:61:Infinity":5,"b:62:9:62:25:62:9:62:Infinity":6,"b:68:30:68:46:68:46:68:Infinity":7,"f:75:33:75:39":4,"s:75:39:75:Infinity":13,"f:92:33:92:39":5,"s:92:39:92:Infinity":14,"f:101:17:101:18":6,"s:101:18:104:Infinity":15}}}
,"C:\\Users\\DAW2\\Desktop\\bluvi-frontend\\src\\components\\InputField.tsx": {"path":"C:\\Users\\DAW2\\Desktop\\bluvi-frontend\\src\\components\\InputField.tsx","statementMap":{"0":{"start":{"line":20,"column":57},"end":{"line":124,"column":null}},"1":{"start":{"line":37,"column":41},"end":{"line":37,"column":null}},"2":{"start":{"line":39,"column":27},"end":{"line":39,"column":null}},"3":{"start":{"line":40,"column":34},"end":{"line":40,"column":null}},"4":{"start":{"line":42,"column":24},"end":{"line":42,"column":null}},"5":{"start":{"line":44,"column":27},"end":{"line":48,"column":null}},"6":{"start":{"line":45,"column":8},"end":{"line":45,"column":null}},"7":{"start":{"line":45,"column":33},"end":{"line":45,"column":null}},"8":{"start":{"line":46,"column":8},"end":{"line":46,"column":null}},"9":{"start":{"line":46,"column":31},"end":{"line":46,"column":null}},"10":{"start":{"line":47,"column":8},"end":{"line":47,"column":null}},"11":{"start":{"line":50,"column":33},"end":{"line":50,"column":null}},"12":{"start":{"line":51,"column":29},"end":{"line":51,"column":null}},"13":{"start":{"line":53,"column":4},"end":{"line":119,"column":null}},"14":{"start":{"line":93,"column":31},"end":{"line":93,"column":null}}},"fnMap":{"0":{"name":"(anonymous_0)","decl":{"start":{"line":20,"column":57},"end":{"line":20,"column":58}},"loc":{"start":{"line":35,"column":5},"end":{"line":124,"column":null}},"line":35},"1":{"name":"(anonymous_1)","decl":{"start":{"line":44,"column":27},"end":{"line":44,"column":null}},"loc":{"start":{"line":44,"column":27},"end":{"line":48,"column":null}},"line":44},"2":{"name":"(anonymous_2)","decl":{"start":{"line":93,"column":25},"end":{"line":93,"column":31}},"loc":{"start":{"line":93,"column":31},"end":{"line":93,"column":null}},"line":93}},"branchMap":{"0":{"loc":{"start":{"line":25,"column":8},"end":{"line":25,"column":21}},"type":"default-arg","locations":[{"start":{"line":25,"column":15},"end":{"line":25,"column":21}}],"line":25},"1":{"loc":{"start":{"line":27,"column":8},"end":{"line":27,"column":25}},"type":"default-arg","locations":[{"start":{"line":27,"column":16},"end":{"line":27,"column":25}}],"line":27},"2":{"loc":{"start":{"line":29,"column":8},"end":{"line":29,"column":25}},"type":"default-arg","locations":[{"start":{"line":29,"column":20},"end":{"line":29,"column":25}}],"line":29},"3":{"loc":{"start":{"line":31,"column":8},"end":{"line":31,"column":36}},"type":"default-arg","locations":[{"start":{"line":31,"column":21},"end":{"line":31,"column":36}}],"line":31},"4":{"loc":{"start":{"line":40,"column":34},"end":{"line":40,"column":null}},"type":"binary-expr","locations":[{"start":{"line":40,"column":34},"end":{"line":40,"column":47}},{"start":{"line":40,"column":47},"end":{"line":40,"column":66}},{"start":{"line":40,"column":66},"end":{"line":40,"column":95}},{"start":{"line":40,"column":95},"end":{"line":40,"column":null}}],"line":40},"5":{"loc":{"start":{"line":42,"column":24},"end":{"line":42,"column":null}},"type":"cond-expr","locations":[{"start":{"line":42,"column":42},"end":{"line":42,"column":80}},{"start":{"line":42,"column":80},"end":{"line":42,"column":null}}],"line":42},"6":{"loc":{"start":{"line":42,"column":42},"end":{"line":42,"column":80}},"type":"cond-expr","locations":[{"start":{"line":42,"column":57},"end":{"line":42,"column":66}},{"start":{"line":42,"column":66},"end":{"line":42,"column":80}}],"line":42},"7":{"loc":{"start":{"line":45,"column":8},"end":{"line":45,"column":null}},"type":"if","locations":[{"start":{"line":45,"column":8},"end":{"line":45,"column":null}},{"start":{},"end":{}}],"line":45},"8":{"loc":{"start":{"line":46,"column":8},"end":{"line":46,"column":null}},"type":"if","locations":[{"start":{"line":46,"column":8},"end":{"line":46,"column":null}},{"start":{},"end":{}}],"line":46},"9":{"loc":{"start":{"line":50,"column":33},"end":{"line":50,"column":null}},"type":"binary-expr","locations":[{"start":{"line":50,"column":33},"end":{"line":50,"column":53}},{"start":{"line":50,"column":53},"end":{"line":50,"column":91}}],"line":50},"10":{"loc":{"start":{"line":50,"column":53},"end":{"line":50,"column":91}},"type":"cond-expr","locations":[{"start":{"line":50,"column":66},"end":{"line":50,"column":80}},{"start":{"line":50,"column":83},"end":{"line":50,"column":91}}],"line":50},"11":{"loc":{"start":{"line":51,"column":29},"end":{"line":51,"column":null}},"type":"cond-expr","locations":[{"start":{"line":51,"column":57},"end":{"line":51,"column":71}},{"start":{"line":51,"column":71},"end":{"line":51,"column":null}}],"line":51},"12":{"loc":{"start":{"line":71,"column":22},"end":{"line":71,"column":77}},"type":"cond-expr","locations":[{"start":{"line":71,"column":64},"end":{"line":71,"column":74}},{"start":{"line":71,"column":74},"end":{"line":71,"column":77}}],"line":71},"13":{"loc":{"start":{"line":71,"column":22},"end":{"line":71,"column":64}},"type":"binary-expr","locations":[{"start":{"line":71,"column":22},"end":{"line":71,"column":40}},{"start":{"line":71,"column":40},"end":{"line":71,"column":64}}],"line":71},"14":{"loc":{"start":{"line":77,"column":13},"end":{"line":85,"column":null}},"type":"binary-expr","locations":[{"start":{"line":77,"column":13},"end":{"line":77,"column":null}},{"start":{"line":77,"column":13},"end":{"line":85,"column":null}}],"line":77},"15":{"loc":{"start":{"line":90,"column":13},"end":{"line":106,"column":null}},"type":"binary-expr","locations":[{"start":{"line":90,"column":13},"end":{"line":90,"column":null}},{"start":{"line":90,"column":13},"end":{"line":106,"column":null}}],"line":90},"16":{"loc":{"start":{"line":95,"column":28},"end":{"line":95,"column":null}},"type":"cond-expr","locations":[{"start":{"line":95,"column":43},"end":{"line":95,"column":66}},{"start":{"line":95,"column":66},"end":{"line":95,"column":null}}],"line":95},"17":{"loc":{"start":{"line":97,"column":17},"end":{"line":106,"column":null}},"type":"cond-expr","locations":[{"start":{"line":97,"column":17},"end":{"line":105,"column":17}},{"start":{"line":105,"column":16},"end":{"line":106,"column":null}}],"line":97},"18":{"loc":{"start":{"line":113,"column":9},"end":{"line":119,"column":null}},"type":"binary-expr","locations":[{"start":{"line":113,"column":9},"end":{"line":113,"column":null}},{"start":{"line":113,"column":9},"end":{"line":119,"column":null}}],"line":113},"19":{"loc":{"start":{"line":116,"column":43},"end":{"line":116,"column":104}},"type":"cond-expr","locations":[{"start":{"line":116,"column":63},"end":{"line":116,"column":80}},{"start":{"line":116,"column":80},"end":{"line":116,"column":104}}],"line":116},"20":{"loc":{"start":{"line":117,"column":27},"end":{"line":117,"column":null}},"type":"cond-expr","locations":[{"start":{"line":117,"column":47},"end":{"line":117,"column":61}},{"start":{"line":117,"column":61},"end":{"line":117,"column":null}}],"line":117}},"s":{"0":4,"1":134,"2":134,"3":134,"4":134,"5":134,"6":134,"7":36,"8":98,"9":98,"10":79,"11":134,"12":134,"13":134,"14":0},"f":{"0":134,"1":134,"2":0},"b":{"0":[134],"1":[134],"2":[134],"3":[134],"4":[134,48,48,48],"5":[43,91],"6":[0,43],"7":[36,98],"8":[19,79],"9":[134,132],"10":[60,72],"11":[48,86],"12":[75,59],"13":[134,91],"14":[134,32],"15":[134,43],"16":[0,43],"17":[0,43],"18":[134,62],"19":[19,43],"20":[19,43]},"meta":{"lastBranch":21,"lastFunction":3,"lastStatement":15,"seen":{"s:20:57:124:Infinity":0,"f:20:57:20:58":0,"b:25:15:25:21":0,"b:27:16:27:25":1,"b:29:20:29:25":2,"b:31:21:31:36":3,"s:37:41:37:Infinity":1,"s:39:27:39:Infinity":2,"s:40:34:40:Infinity":3,"b:40:34:40:47:40:47:40:66:40:66:40:95:40:95:40:Infinity":4,"s:42:24:42:Infinity":4,"b:42:42:42:80:42:80:42:Infinity":5,"b:42:57:42:66:42:66:42:80":6,"s:44:27:48:Infinity":5,"f:44:27:44:Infinity":1,"b:45:8:45:Infinity:undefined:undefined:undefined:undefined":7,"s:45:8:45:Infinity":6,"s:45:33:45:Infinity":7,"b:46:8:46:Infinity:undefined:undefined:undefined:undefined":8,"s:46:8:46:Infinity":8,"s:46:31:46:Infinity":9,"s:47:8:47:Infinity":10,"s:50:33:50:Infinity":11,"b:50:33:50:53:50:53:50:91":9,"b:50:66:50:80:50:83:50:91":10,"s:51:29:51:Infinity":12,"b:51:57:51:71:51:71:51:Infinity":11,"s:53:4:119:Infinity":13,"b:71:64:71:74:71:74:71:77":12,"b:71:22:71:40:71:40:71:64":13,"b:77:13:77:Infinity:77:13:85:Infinity":14,"b:90:13:90:Infinity:90:13:106:Infinity":15,"f:93:25:93:31":2,"s:93:31:93:Infinity":14,"b:95:43:95:66:95:66:95:Infinity":16,"b:97:17:105:17:105:16:106:Infinity":17,"b:113:9:113:Infinity:113:9:119:Infinity":18,"b:116:63:116:80:116:80:116:104":19,"b:117:47:117:61:117:61:117:Infinity":20}}}
,"C:\\Users\\DAW2\\Desktop\\bluvi-frontend\\src\\components\\RegisterStepHeader.tsx": {"path":"C:\\Users\\DAW2\\Desktop\\bluvi-frontend\\src\\components\\RegisterStepHeader.tsx","statementMap":{"0":{"start":{"line":12,"column":69},"end":{"line":51,"column":null}},"1":{"start":{"line":20,"column":27},"end":{"line":20,"column":null}},"2":{"start":{"line":21,"column":30},"end":{"line":27,"column":null}},"3":{"start":{"line":28,"column":35},"end":{"line":34,"column":null}},"4":{"start":{"line":35,"column":30},"end":{"line":39,"column":null}},"5":{"start":{"line":41,"column":4},"end":{"line":47,"column":null}}},"fnMap":{"0":{"name":"(anonymous_0)","decl":{"start":{"line":12,"column":69},"end":{"line":12,"column":70}},"loc":{"start":{"line":19,"column":1},"end":{"line":51,"column":null}},"line":19}},"branchMap":{"0":{"loc":{"start":{"line":15,"column":4},"end":{"line":15,"column":18}},"type":"default-arg","locations":[{"start":{"line":15,"column":12},"end":{"line":15,"column":18}}],"line":15},"1":{"loc":{"start":{"line":16,"column":4},"end":{"line":16,"column":19}},"type":"default-arg","locations":[{"start":{"line":16,"column":14},"end":{"line":16,"column":19}}],"line":16},"2":{"loc":{"start":{"line":17,"column":4},"end":{"line":17,"column":26}},"type":"default-arg","locations":[{"start":{"line":17,"column":21},"end":{"line":17,"column":26}}],"line":17},"3":{"loc":{"start":{"line":18,"column":4},"end":{"line":18,"column":18}},"type":"default-arg","locations":[{"start":{"line":18,"column":16},"end":{"line":18,"column":18}}],"line":18},"4":{"loc":{"start":{"line":20,"column":27},"end":{"line":20,"column":null}},"type":"cond-expr","locations":[{"start":{"line":20,"column":48},"end":{"line":20,"column":64}},{"start":{"line":20,"column":64},"end":{"line":20,"column":null}}],"line":20},"5":{"loc":{"start":{"line":21,"column":30},"end":{"line":27,"column":null}},"type":"cond-expr","locations":[{"start":{"line":22,"column":10},"end":{"line":22,"column":null}},{"start":{"line":23,"column":10},"end":{"line":27,"column":null}}],"line":21},"6":{"loc":{"start":{"line":23,"column":10},"end":{"line":27,"column":null}},"type":"cond-expr","locations":[{"start":{"line":24,"column":14},"end":{"line":24,"column":null}},{"start":{"line":25,"column":14},"end":{"line":27,"column":null}}],"line":23},"7":{"loc":{"start":{"line":25,"column":14},"end":{"line":27,"column":null}},"type":"cond-expr","locations":[{"start":{"line":26,"column":18},"end":{"line":26,"column":null}},{"start":{"line":27,"column":18},"end":{"line":27,"column":null}}],"line":25},"8":{"loc":{"start":{"line":28,"column":35},"end":{"line":34,"column":null}},"type":"cond-expr","locations":[{"start":{"line":29,"column":10},"end":{"line":29,"column":null}},{"start":{"line":30,"column":10},"end":{"line":34,"column":null}}],"line":28},"9":{"loc":{"start":{"line":30,"column":10},"end":{"line":34,"column":null}},"type":"cond-expr","locations":[{"start":{"line":31,"column":14},"end":{"line":31,"column":null}},{"start":{"line":32,"column":14},"end":{"line":34,"column":null}}],"line":30},"10":{"loc":{"start":{"line":32,"column":14},"end":{"line":34,"column":null}},"type":"cond-expr","locations":[{"start":{"line":33,"column":18},"end":{"line":33,"column":null}},{"start":{"line":34,"column":18},"end":{"line":34,"column":null}}],"line":32},"11":{"loc":{"start":{"line":35,"column":30},"end":{"line":39,"column":null}},"type":"cond-expr","locations":[{"start":{"line":36,"column":10},"end":{"line":36,"column":null}},{"start":{"line":37,"column":10},"end":{"line":39,"column":null}}],"line":35},"12":{"loc":{"start":{"line":37,"column":10},"end":{"line":39,"column":null}},"type":"cond-expr","locations":[{"start":{"line":38,"column":14},"end":{"line":38,"column":null}},{"start":{"line":39,"column":14},"end":{"line":39,"column":null}}],"line":37},"13":{"loc":{"start":{"line":47,"column":17},"end":{"line":47,"column":null}},"type":"cond-expr","locations":[{"start":{"line":47,"column":17},"end":{"line":47,"column":null}},{"start":{"line":47,"column":82},"end":{"line":47,"column":null}}],"line":47}},"s":{"0":9,"1":188,"2":188,"3":188,"4":188,"5":188},"f":{"0":188},"b":{"0":[188],"1":[188],"2":[188],"3":[188],"4":[0,188],"5":[16,172],"6":[0,172],"7":[172,0],"8":[16,172],"9":[0,172],"10":[172,0],"11":[0,188],"12":[188,0],"13":[172,16]},"meta":{"lastBranch":14,"lastFunction":1,"lastStatement":6,"seen":{"s:12:69:51:Infinity":0,"f:12:69:12:70":0,"b:15:12:15:18":0,"b:16:14:16:19":1,"b:17:21:17:26":2,"b:18:16:18:18":3,"s:20:27:20:Infinity":1,"b:20:48:20:64:20:64:20:Infinity":4,"s:21:30:27:Infinity":2,"b:22:10:22:Infinity:23:10:27:Infinity":5,"b:24:14:24:Infinity:25:14:27:Infinity":6,"b:26:18:26:Infinity:27:18:27:Infinity":7,"s:28:35:34:Infinity":3,"b:29:10:29:Infinity:30:10:34:Infinity":8,"b:31:14:31:Infinity:32:14:34:Infinity":9,"b:33:18:33:Infinity:34:18:34:Infinity":10,"s:35:30:39:Infinity":4,"b:36:10:36:Infinity:37:10:39:Infinity":11,"b:38:14:38:Infinity:39:14:39:Infinity":12,"s:41:4:47:Infinity":5,"b:47:17:47:Infinity:47:82:47:Infinity":13}}}
,"C:\\Users\\DAW2\\Desktop\\bluvi-frontend\\src\\components\\SuccessModal.tsx": {"path":"C:\\Users\\DAW2\\Desktop\\bluvi-frontend\\src\\components\\SuccessModal.tsx","statementMap":{"0":{"start":{"line":10,"column":57},"end":{"line":56,"column":null}},"1":{"start":{"line":11,"column":4},"end":{"line":11,"column":null}},"2":{"start":{"line":11,"column":17},"end":{"line":11,"column":null}},"3":{"start":{"line":13,"column":4},"end":{"line":50,"column":null}}},"fnMap":{"0":{"name":"(anonymous_0)","decl":{"start":{"line":10,"column":57},"end":{"line":10,"column":58}},"loc":{"start":{"line":10,"column":77},"end":{"line":56,"column":null}},"line":10}},"branchMap":{"0":{"loc":{"start":{"line":11,"column":4},"end":{"line":11,"column":null}},"type":"if","locations":[{"start":{"line":11,"column":4},"end":{"line":11,"column":null}},{"start":{},"end":{}}],"line":11}},"s":{"0":2,"1":26,"2":0,"3":26},"f":{"0":26},"b":{"0":[0,26]},"meta":{"lastBranch":1,"lastFunction":1,"lastStatement":4,"seen":{"s:10:57:56:Infinity":0,"f:10:57:10:58":0,"b:11:4:11:Infinity:undefined:undefined:undefined:undefined":0,"s:11:4:11:Infinity":1,"s:11:17:11:Infinity":2,"s:13:4:50:Infinity":3}}}
,"C:\\Users\\DAW2\\Desktop\\bluvi-frontend\\src\\context\\RegisterContext.tsx": {"path":"C:\\Users\\DAW2\\Desktop\\bluvi-frontend\\src\\context\\RegisterContext.tsx","statementMap":{"0":{"start":{"line":23,"column":26},"end":{"line":23,"column":null}},"1":{"start":{"line":24,"column":20},"end":{"line":24,"column":null}},"2":{"start":{"line":25,"column":23},"end":{"line":25,"column":null}},"3":{"start":{"line":26,"column":35},"end":{"line":26,"column":null}},"4":{"start":{"line":28,"column":31},"end":{"line":28,"column":null}},"5":{"start":{"line":30,"column":44},"end":{"line":45,"column":null}},"6":{"start":{"line":47,"column":26},"end":{"line":48,"column":null}},"7":{"start":{"line":48,"column":4},"end":{"line":48,"column":null}},"8":{"start":{"line":50,"column":22},"end":{"line":50,"column":null}},"9":{"start":{"line":50,"column":41},"end":{"line":50,"column":null}},"10":{"start":{"line":52,"column":28},"end":{"line":66,"column":null}},"11":{"start":{"line":52,"column":73},"end":{"line":66,"column":null}},"12":{"start":{"line":68,"column":30},"end":{"line":122,"column":null}},"13":{"start":{"line":69,"column":45},"end":{"line":69,"column":null}},"14":{"start":{"line":71,"column":4},"end":{"line":73,"column":null}},"15":{"start":{"line":72,"column":8},"end":{"line":72,"column":null}},"16":{"start":{"line":75,"column":4},"end":{"line":77,"column":null}},"17":{"start":{"line":76,"column":8},"end":{"line":76,"column":null}},"18":{"start":{"line":79,"column":4},"end":{"line":81,"column":null}},"19":{"start":{"line":80,"column":8},"end":{"line":80,"column":null}},"20":{"start":{"line":83,"column":4},"end":{"line":85,"column":null}},"21":{"start":{"line":84,"column":8},"end":{"line":84,"column":null}},"22":{"start":{"line":87,"column":4},"end":{"line":89,"column":null}},"23":{"start":{"line":88,"column":8},"end":{"line":88,"column":null}},"24":{"start":{"line":91,"column":4},"end":{"line":93,"column":null}},"25":{"start":{"line":92,"column":8},"end":{"line":92,"column":null}},"26":{"start":{"line":95,"column":4},"end":{"line":103,"column":null}},"27":{"start":{"line":96,"column":8},"end":{"line":102,"column":null}},"28":{"start":{"line":97,"column":12},"end":{"line":99,"column":null}},"29":{"start":{"line":98,"column":16},"end":{"line":98,"column":null}},"30":{"start":{"line":100,"column":31},"end":{"line":100,"column":null}},"31":{"start":{"line":101,"column":12},"end":{"line":101,"column":null}},"32":{"start":{"line":105,"column":4},"end":{"line":107,"column":null}},"33":{"start":{"line":106,"column":8},"end":{"line":106,"column":null}},"34":{"start":{"line":106,"column":92},"end":{"line":106,"column":131}},"35":{"start":{"line":109,"column":4},"end":{"line":111,"column":null}},"36":{"start":{"line":110,"column":8},"end":{"line":110,"column":null}},"37":{"start":{"line":110,"column":96},"end":{"line":110,"column":135}},"38":{"start":{"line":113,"column":4},"end":{"line":115,"column":null}},"39":{"start":{"line":114,"column":8},"end":{"line":114,"column":null}},"40":{"start":{"line":114,"column":78},"end":{"line":114,"column":117}},"41":{"start":{"line":117,"column":4},"end":{"line":119,"column":null}},"42":{"start":{"line":118,"column":8},"end":{"line":118,"column":null}},"43":{"start":{"line":121,"column":4},"end":{"line":121,"column":null}},"44":{"start":{"line":124,"column":30},"end":{"line":161,"column":null}},"45":{"start":{"line":125,"column":4},"end":{"line":127,"column":null}},"46":{"start":{"line":126,"column":8},"end":{"line":126,"column":null}},"47":{"start":{"line":129,"column":17},"end":{"line":129,"column":null}},"48":{"start":{"line":131,"column":19},"end":{"line":133,"column":38}},"49":{"start":{"line":132,"column":50},"end":{"line":132,"column":null}},"50":{"start":{"line":135,"column":4},"end":{"line":137,"column":null}},"51":{"start":{"line":136,"column":8},"end":{"line":136,"column":null}},"52":{"start":{"line":139,"column":4},"end":{"line":160,"column":null}},"53":{"start":{"line":146,"column":63},"end":{"line":146,"column":null}},"54":{"start":{"line":149,"column":65},"end":{"line":149,"column":null}},"55":{"start":{"line":156,"column":56},"end":{"line":156,"column":null}},"56":{"start":{"line":163,"column":31},"end":{"line":164,"column":null}},"57":{"start":{"line":164,"column":4},"end":{"line":164,"column":null}},"58":{"start":{"line":164,"column":78},"end":{"line":164,"column":null}},"59":{"start":{"line":166,"column":35},"end":{"line":232,"column":null}},"60":{"start":{"line":167,"column":4},"end":{"line":169,"column":null}},"61":{"start":{"line":168,"column":8},"end":{"line":168,"column":null}},"62":{"start":{"line":171,"column":4},"end":{"line":173,"column":null}},"63":{"start":{"line":172,"column":8},"end":{"line":172,"column":null}},"64":{"start":{"line":175,"column":4},"end":{"line":177,"column":null}},"65":{"start":{"line":176,"column":8},"end":{"line":176,"column":null}},"66":{"start":{"line":179,"column":4},"end":{"line":181,"column":null}},"67":{"start":{"line":180,"column":8},"end":{"line":180,"column":null}},"68":{"start":{"line":183,"column":4},"end":{"line":185,"column":null}},"69":{"start":{"line":184,"column":8},"end":{"line":184,"column":null}},"70":{"start":{"line":187,"column":4},"end":{"line":189,"column":null}},"71":{"start":{"line":188,"column":8},"end":{"line":188,"column":null}},"72":{"start":{"line":191,"column":4},"end":{"line":193,"column":null}},"73":{"start":{"line":192,"column":8},"end":{"line":192,"column":null}},"74":{"start":{"line":195,"column":4},"end":{"line":197,"column":null}},"75":{"start":{"line":196,"column":8},"end":{"line":196,"column":null}},"76":{"start":{"line":199,"column":4},"end":{"line":201,"column":null}},"77":{"start":{"line":200,"column":8},"end":{"line":200,"column":null}},"78":{"start":{"line":203,"column":4},"end":{"line":205,"column":null}},"79":{"start":{"line":204,"column":8},"end":{"line":204,"column":null}},"80":{"start":{"line":207,"column":4},"end":{"line":209,"column":null}},"81":{"start":{"line":208,"column":8},"end":{"line":208,"column":null}},"82":{"start":{"line":211,"column":4},"end":{"line":213,"column":null}},"83":{"start":{"line":212,"column":8},"end":{"line":212,"column":null}},"84":{"start":{"line":215,"column":4},"end":{"line":217,"column":null}},"85":{"start":{"line":216,"column":8},"end":{"line":216,"column":null}},"86":{"start":{"line":219,"column":28},"end":{"line":220,"column":null}},"87":{"start":{"line":220,"column":19},"end":{"line":220,"column":null}},"88":{"start":{"line":223,"column":4},"end":{"line":225,"column":null}},"89":{"start":{"line":224,"column":8},"end":{"line":224,"column":null}},"90":{"start":{"line":227,"column":4},"end":{"line":229,"column":null}},"91":{"start":{"line":228,"column":8},"end":{"line":228,"column":null}},"92":{"start":{"line":231,"column":4},"end":{"line":231,"column":null}},"93":{"start":{"line":240,"column":6},"end":{"line":240,"column":null}},"94":{"start":{"line":242,"column":73},"end":{"line":308,"column":null}},"95":{"start":{"line":243,"column":29},"end":{"line":250,"column":null}},"96":{"start":{"line":244,"column":8},"end":{"line":249,"column":null}},"97":{"start":{"line":245,"column":26},"end":{"line":245,"column":null}},"98":{"start":{"line":246,"column":12},"end":{"line":246,"column":null}},"99":{"start":{"line":248,"column":12},"end":{"line":248,"column":null}},"100":{"start":{"line":252,"column":27},"end":{"line":259,"column":null}},"101":{"start":{"line":253,"column":8},"end":{"line":258,"column":null}},"102":{"start":{"line":254,"column":35},"end":{"line":254,"column":null}},"103":{"start":{"line":255,"column":28},"end":{"line":255,"column":null}},"104":{"start":{"line":256,"column":12},"end":{"line":256,"column":null}},"105":{"start":{"line":257,"column":12},"end":{"line":257,"column":null}},"106":{"start":{"line":261,"column":26},"end":{"line":301,"column":null}},"107":{"start":{"line":262,"column":8},"end":{"line":300,"column":null}},"108":{"start":{"line":263,"column":48},"end":{"line":279,"column":null}},"109":{"start":{"line":276,"column":75},"end":{"line":276,"column":null}},"110":{"start":{"line":281,"column":36},"end":{"line":281,"column":null}},"111":{"start":{"line":282,"column":12},"end":{"line":284,"column":null}},"112":{"start":{"line":283,"column":16},"end":{"line":283,"column":null}},"113":{"start":{"line":286,"column":27},"end":{"line":286,"column":null}},"114":{"start":{"line":288,"column":12},"end":{"line":293,"column":null}},"115":{"start":{"line":289,"column":16},"end":{"line":289,"column":null}},"116":{"start":{"line":290,"column":16},"end":{"line":290,"column":null}},"117":{"start":{"line":291,"column":16},"end":{"line":291,"column":null}},"118":{"start":{"line":291,"column":35},"end":{"line":291,"column":null}},"119":{"start":{"line":292,"column":16},"end":{"line":292,"column":null}},"120":{"start":{"line":294,"column":12},"end":{"line":294,"column":null}},"121":{"start":{"line":297,"column":12},"end":{"line":297,"column":null}},"122":{"start":{"line":298,"column":34},"end":{"line":298,"column":null}},"123":{"start":{"line":299,"column":12},"end":{"line":299,"column":null}},"124":{"start":{"line":303,"column":4},"end":{"line":305,"column":null}},"125":{"start":{"line":310,"column":27},"end":{"line":314,"column":null}},"126":{"start":{"line":311,"column":10},"end":{"line":311,"column":null}},"127":{"start":{"line":312,"column":4},"end":{"line":312,"column":null}},"128":{"start":{"line":312,"column":18},"end":{"line":312,"column":null}},"129":{"start":{"line":313,"column":4},"end":{"line":313,"column":null}}},"fnMap":{"0":{"name":"(anonymous_0)","decl":{"start":{"line":47,"column":26},"end":{"line":47,"column":27}},"loc":{"start":{"line":48,"column":4},"end":{"line":48,"column":null}},"line":48},"1":{"name":"(anonymous_1)","decl":{"start":{"line":50,"column":22},"end":{"line":50,"column":23}},"loc":{"start":{"line":50,"column":41},"end":{"line":50,"column":null}},"line":50},"2":{"name":"(anonymous_2)","decl":{"start":{"line":52,"column":28},"end":{"line":52,"column":29}},"loc":{"start":{"line":52,"column":73},"end":{"line":66,"column":null}},"line":52},"3":{"name":"(anonymous_3)","decl":{"start":{"line":68,"column":30},"end":{"line":68,"column":31}},"loc":{"start":{"line":68,"column":31},"end":{"line":122,"column":null}},"line":68},"4":{"name":"(anonymous_4)","decl":{"start":{"line":96,"column":58},"end":{"line":96,"column":59}},"loc":{"start":{"line":96,"column":59},"end":{"line":102,"column":null}},"line":96},"5":{"name":"(anonymous_5)","decl":{"start":{"line":106,"column":81},"end":{"line":106,"column":82}},"loc":{"start":{"line":106,"column":92},"end":{"line":106,"column":131}},"line":106},"6":{"name":"(anonymous_6)","decl":{"start":{"line":110,"column":85},"end":{"line":110,"column":86}},"loc":{"start":{"line":110,"column":96},"end":{"line":110,"column":135}},"line":110},"7":{"name":"(anonymous_7)","decl":{"start":{"line":114,"column":67},"end":{"line":114,"column":68}},"loc":{"start":{"line":114,"column":78},"end":{"line":114,"column":117}},"line":114},"8":{"name":"(anonymous_8)","decl":{"start":{"line":124,"column":30},"end":{"line":124,"column":31}},"loc":{"start":{"line":124,"column":31},"end":{"line":161,"column":null}},"line":124},"9":{"name":"(anonymous_9)","decl":{"start":{"line":132,"column":38},"end":{"line":132,"column":39}},"loc":{"start":{"line":132,"column":50},"end":{"line":132,"column":null}},"line":132},"10":{"name":"(anonymous_10)","decl":{"start":{"line":146,"column":43},"end":{"line":146,"column":44}},"loc":{"start":{"line":146,"column":63},"end":{"line":146,"column":null}},"line":146},"11":{"name":"(anonymous_11)","decl":{"start":{"line":149,"column":45},"end":{"line":149,"column":46}},"loc":{"start":{"line":149,"column":65},"end":{"line":149,"column":null}},"line":149},"12":{"name":"(anonymous_12)","decl":{"start":{"line":156,"column":36},"end":{"line":156,"column":37}},"loc":{"start":{"line":156,"column":56},"end":{"line":156,"column":null}},"line":156},"13":{"name":"(anonymous_13)","decl":{"start":{"line":163,"column":31},"end":{"line":163,"column":32}},"loc":{"start":{"line":164,"column":4},"end":{"line":164,"column":null}},"line":164},"14":{"name":"(anonymous_14)","decl":{"start":{"line":164,"column":68},"end":{"line":164,"column":69}},"loc":{"start":{"line":164,"column":78},"end":{"line":164,"column":null}},"line":164},"15":{"name":"(anonymous_15)","decl":{"start":{"line":166,"column":35},"end":{"line":166,"column":36}},"loc":{"start":{"line":166,"column":36},"end":{"line":232,"column":null}},"line":166},"16":{"name":"(anonymous_16)","decl":{"start":{"line":220,"column":8},"end":{"line":220,"column":9}},"loc":{"start":{"line":220,"column":19},"end":{"line":220,"column":null}},"line":220},"17":{"name":"(anonymous_17)","decl":{"start":{"line":242,"column":73},"end":{"line":242,"column":74}},"loc":{"start":{"line":242,"column":86},"end":{"line":308,"column":null}},"line":242},"18":{"name":"(anonymous_18)","decl":{"start":{"line":243,"column":55},"end":{"line":243,"column":null}},"loc":{"start":{"line":243,"column":55},"end":{"line":250,"column":null}},"line":243},"19":{"name":"(anonymous_19)","decl":{"start":{"line":252,"column":27},"end":{"line":252,"column":28}},"loc":{"start":{"line":252,"column":28},"end":{"line":259,"column":null}},"line":252},"20":{"name":"(anonymous_20)","decl":{"start":{"line":253,"column":16},"end":{"line":253,"column":17}},"loc":{"start":{"line":253,"column":17},"end":{"line":258,"column":null}},"line":253},"21":{"name":"(anonymous_21)","decl":{"start":{"line":261,"column":26},"end":{"line":261,"column":null}},"loc":{"start":{"line":261,"column":26},"end":{"line":301,"column":null}},"line":261},"22":{"name":"(anonymous_22)","decl":{"start":{"line":276,"column":47},"end":{"line":276,"column":48}},"loc":{"start":{"line":276,"column":75},"end":{"line":276,"column":null}},"line":276},"23":{"name":"(anonymous_23)","decl":{"start":{"line":291,"column":24},"end":{"line":291,"column":25}},"loc":{"start":{"line":291,"column":35},"end":{"line":291,"column":null}},"line":291},"24":{"name":"(anonymous_24)","decl":{"start":{"line":310,"column":27},"end":{"line":310,"column":null}},"loc":{"start":{"line":310,"column":27},"end":{"line":314,"column":null}},"line":310}},"branchMap":{"0":{"loc":{"start":{"line":71,"column":4},"end":{"line":73,"column":null}},"type":"if","locations":[{"start":{"line":71,"column":4},"end":{"line":73,"column":null}},{"start":{},"end":{}}],"line":71},"1":{"loc":{"start":{"line":75,"column":4},"end":{"line":77,"column":null}},"type":"if","locations":[{"start":{"line":75,"column":4},"end":{"line":77,"column":null}},{"start":{},"end":{}}],"line":75},"2":{"loc":{"start":{"line":79,"column":4},"end":{"line":81,"column":null}},"type":"if","locations":[{"start":{"line":79,"column":4},"end":{"line":81,"column":null}},{"start":{},"end":{}}],"line":79},"3":{"loc":{"start":{"line":83,"column":4},"end":{"line":85,"column":null}},"type":"if","locations":[{"start":{"line":83,"column":4},"end":{"line":85,"column":null}},{"start":{},"end":{}}],"line":83},"4":{"loc":{"start":{"line":87,"column":4},"end":{"line":89,"column":null}},"type":"if","locations":[{"start":{"line":87,"column":4},"end":{"line":89,"column":null}},{"start":{},"end":{}}],"line":87},"5":{"loc":{"start":{"line":91,"column":4},"end":{"line":93,"column":null}},"type":"if","locations":[{"start":{"line":91,"column":4},"end":{"line":93,"column":null}},{"start":{},"end":{}}],"line":91},"6":{"loc":{"start":{"line":95,"column":4},"end":{"line":103,"column":null}},"type":"if","locations":[{"start":{"line":95,"column":4},"end":{"line":103,"column":null}},{"start":{},"end":{}}],"line":95},"7":{"loc":{"start":{"line":97,"column":12},"end":{"line":99,"column":null}},"type":"if","locations":[{"start":{"line":97,"column":12},"end":{"line":99,"column":null}},{"start":{},"end":{}}],"line":97},"8":{"loc":{"start":{"line":101,"column":19},"end":{"line":101,"column":null}},"type":"cond-expr","locations":[{"start":{"line":101,"column":43},"end":{"line":101,"column":76}},{"start":{"line":101,"column":76},"end":{"line":101,"column":null}}],"line":101},"9":{"loc":{"start":{"line":105,"column":4},"end":{"line":107,"column":null}},"type":"if","locations":[{"start":{"line":105,"column":4},"end":{"line":107,"column":null}},{"start":{},"end":{}}],"line":105},"10":{"loc":{"start":{"line":106,"column":92},"end":{"line":106,"column":131}},"type":"binary-expr","locations":[{"start":{"line":106,"column":92},"end":{"line":106,"column":119}},{"start":{"line":106,"column":119},"end":{"line":106,"column":131}}],"line":106},"11":{"loc":{"start":{"line":109,"column":4},"end":{"line":111,"column":null}},"type":"if","locations":[{"start":{"line":109,"column":4},"end":{"line":111,"column":null}},{"start":{},"end":{}}],"line":109},"12":{"loc":{"start":{"line":110,"column":96},"end":{"line":110,"column":135}},"type":"binary-expr","locations":[{"start":{"line":110,"column":96},"end":{"line":110,"column":123}},{"start":{"line":110,"column":123},"end":{"line":110,"column":135}}],"line":110},"13":{"loc":{"start":{"line":113,"column":4},"end":{"line":115,"column":null}},"type":"if","locations":[{"start":{"line":113,"column":4},"end":{"line":115,"column":null}},{"start":{},"end":{}}],"line":113},"14":{"loc":{"start":{"line":114,"column":78},"end":{"line":114,"column":117}},"type":"binary-expr","locations":[{"start":{"line":114,"column":78},"end":{"line":114,"column":105}},{"start":{"line":114,"column":105},"end":{"line":114,"column":117}}],"line":114},"15":{"loc":{"start":{"line":117,"column":4},"end":{"line":119,"column":null}},"type":"if","locations":[{"start":{"line":117,"column":4},"end":{"line":119,"column":null}},{"start":{},"end":{}}],"line":117},"16":{"loc":{"start":{"line":125,"column":4},"end":{"line":127,"column":null}},"type":"if","locations":[{"start":{"line":125,"column":4},"end":{"line":127,"column":null}},{"start":{},"end":{}}],"line":125},"17":{"loc":{"start":{"line":125,"column":8},"end":{"line":125,"column":41}},"type":"binary-expr","locations":[{"start":{"line":125,"column":8},"end":{"line":125,"column":16}},{"start":{"line":125,"column":16},"end":{"line":125,"column":41}}],"line":125},"18":{"loc":{"start":{"line":131,"column":19},"end":{"line":133,"column":38}},"type":"cond-expr","locations":[{"start":{"line":132,"column":10},"end":{"line":132,"column":null}},{"start":{"line":133,"column":10},"end":{"line":133,"column":38}}],"line":131},"19":{"loc":{"start":{"line":132,"column":50},"end":{"line":132,"column":null}},"type":"cond-expr","locations":[{"start":{"line":132,"column":98},"end":{"line":132,"column":106}},{"start":{"line":132,"column":106},"end":{"line":132,"column":null}}],"line":132},"20":{"loc":{"start":{"line":132,"column":50},"end":{"line":132,"column":98}},"type":"binary-expr","locations":[{"start":{"line":132,"column":50},"end":{"line":132,"column":79}},{"start":{"line":132,"column":79},"end":{"line":132,"column":98}}],"line":132},"21":{"loc":{"start":{"line":140,"column":19},"end":{"line":140,"column":null}},"type":"cond-expr","locations":[{"start":{"line":140,"column":56},"end":{"line":140,"column":70}},{"start":{"line":140,"column":73},"end":{"line":140,"column":null}}],"line":140},"22":{"loc":{"start":{"line":141,"column":18},"end":{"line":141,"column":null}},"type":"cond-expr","locations":[{"start":{"line":141,"column":54},"end":{"line":141,"column":67}},{"start":{"line":141,"column":70},"end":{"line":141,"column":null}}],"line":141},"23":{"loc":{"start":{"line":142,"column":19},"end":{"line":142,"column":null}},"type":"cond-expr","locations":[{"start":{"line":142,"column":56},"end":{"line":142,"column":70}},{"start":{"line":142,"column":73},"end":{"line":142,"column":null}}],"line":142},"24":{"loc":{"start":{"line":143,"column":16},"end":{"line":143,"column":null}},"type":"cond-expr","locations":[{"start":{"line":143,"column":50},"end":{"line":143,"column":61}},{"start":{"line":143,"column":64},"end":{"line":143,"column":null}}],"line":143},"25":{"loc":{"start":{"line":144,"column":19},"end":{"line":144,"column":null}},"type":"cond-expr","locations":[{"start":{"line":144,"column":56},"end":{"line":144,"column":70}},{"start":{"line":144,"column":73},"end":{"line":144,"column":null}}],"line":144},"26":{"loc":{"start":{"line":145,"column":26},"end":{"line":147,"column":16}},"type":"cond-expr","locations":[{"start":{"line":146,"column":14},"end":{"line":146,"column":null}},{"start":{"line":147,"column":14},"end":{"line":147,"column":16}}],"line":145},"27":{"loc":{"start":{"line":148,"column":28},"end":{"line":150,"column":16}},"type":"cond-expr","locations":[{"start":{"line":149,"column":14},"end":{"line":149,"column":null}},{"start":{"line":150,"column":14},"end":{"line":150,"column":16}}],"line":148},"28":{"loc":{"start":{"line":151,"column":15},"end":{"line":151,"column":null}},"type":"cond-expr","locations":[{"start":{"line":151,"column":48},"end":{"line":151,"column":58}},{"start":{"line":151,"column":61},"end":{"line":151,"column":null}}],"line":151},"29":{"loc":{"start":{"line":154,"column":14},"end":{"line":154,"column":null}},"type":"cond-expr","locations":[{"start":{"line":154,"column":46},"end":{"line":154,"column":55}},{"start":{"line":154,"column":58},"end":{"line":154,"column":null}}],"line":154},"30":{"loc":{"start":{"line":155,"column":19},"end":{"line":157,"column":16}},"type":"cond-expr","locations":[{"start":{"line":156,"column":14},"end":{"line":156,"column":null}},{"start":{"line":157,"column":14},"end":{"line":157,"column":16}}],"line":155},"31":{"loc":{"start":{"line":158,"column":21},"end":{"line":158,"column":null}},"type":"cond-expr","locations":[{"start":{"line":158,"column":60},"end":{"line":158,"column":76}},{"start":{"line":158,"column":79},"end":{"line":158,"column":null}}],"line":158},"32":{"loc":{"start":{"line":159,"column":25},"end":{"line":159,"column":null}},"type":"cond-expr","locations":[{"start":{"line":159,"column":69},"end":{"line":159,"column":89}},{"start":{"line":159,"column":92},"end":{"line":159,"column":null}}],"line":159},"33":{"loc":{"start":{"line":164,"column":4},"end":{"line":164,"column":null}},"type":"binary-expr","locations":[{"start":{"line":164,"column":4},"end":{"line":164,"column":28}},{"start":{"line":164,"column":28},"end":{"line":164,"column":56}},{"start":{"line":164,"column":56},"end":{"line":164,"column":null}}],"line":164},"34":{"loc":{"start":{"line":164,"column":78},"end":{"line":164,"column":null}},"type":"binary-expr","locations":[{"start":{"line":164,"column":78},"end":{"line":164,"column":104}},{"start":{"line":164,"column":104},"end":{"line":164,"column":null}}],"line":164},"35":{"loc":{"start":{"line":167,"column":4},"end":{"line":169,"column":null}},"type":"if","locations":[{"start":{"line":167,"column":4},"end":{"line":169,"column":null}},{"start":{},"end":{}}],"line":167},"36":{"loc":{"start":{"line":167,"column":8},"end":{"line":167,"column":72}},"type":"binary-expr","locations":[{"start":{"line":167,"column":8},"end":{"line":167,"column":44}},{"start":{"line":167,"column":44},"end":{"line":167,"column":72}}],"line":167},"37":{"loc":{"start":{"line":171,"column":4},"end":{"line":173,"column":null}},"type":"if","locations":[{"start":{"line":171,"column":4},"end":{"line":173,"column":null}},{"start":{},"end":{}}],"line":171},"38":{"loc":{"start":{"line":171,"column":8},"end":{"line":171,"column":69}},"type":"binary-expr","locations":[{"start":{"line":171,"column":8},"end":{"line":171,"column":39}},{"start":{"line":171,"column":39},"end":{"line":171,"column":69}}],"line":171},"39":{"loc":{"start":{"line":175,"column":4},"end":{"line":177,"column":null}},"type":"if","locations":[{"start":{"line":175,"column":4},"end":{"line":177,"column":null}},{"start":{},"end":{}}],"line":175},"40":{"loc":{"start":{"line":175,"column":8},"end":{"line":175,"column":110}},"type":"binary-expr","locations":[{"start":{"line":175,"column":8},"end":{"line":175,"column":27}},{"start":{"line":175,"column":31},"end":{"line":175,"column":65}},{"start":{"line":175,"column":65},"end":{"line":175,"column":110}}],"line":175},"41":{"loc":{"start":{"line":179,"column":4},"end":{"line":181,"column":null}},"type":"if","locations":[{"start":{"line":179,"column":4},"end":{"line":181,"column":null}},{"start":{},"end":{}}],"line":179},"42":{"loc":{"start":{"line":179,"column":8},"end":{"line":179,"column":107}},"type":"binary-expr","locations":[{"start":{"line":179,"column":8},"end":{"line":179,"column":26}},{"start":{"line":179,"column":30},"end":{"line":179,"column":63}},{"start":{"line":179,"column":63},"end":{"line":179,"column":107}}],"line":179},"43":{"loc":{"start":{"line":183,"column":4},"end":{"line":185,"column":null}},"type":"if","locations":[{"start":{"line":183,"column":4},"end":{"line":185,"column":null}},{"start":{},"end":{}}],"line":183},"44":{"loc":{"start":{"line":187,"column":4},"end":{"line":189,"column":null}},"type":"if","locations":[{"start":{"line":187,"column":4},"end":{"line":189,"column":null}},{"start":{},"end":{}}],"line":187},"45":{"loc":{"start":{"line":187,"column":8},"end":{"line":187,"column":102}},"type":"binary-expr","locations":[{"start":{"line":187,"column":8},"end":{"line":187,"column":38}},{"start":{"line":187,"column":38},"end":{"line":187,"column":78}},{"start":{"line":187,"column":78},"end":{"line":187,"column":102}}],"line":187},"46":{"loc":{"start":{"line":191,"column":4},"end":{"line":193,"column":null}},"type":"if","locations":[{"start":{"line":191,"column":4},"end":{"line":193,"column":null}},{"start":{},"end":{}}],"line":191},"47":{"loc":{"start":{"line":191,"column":8},"end":{"line":191,"column":114}},"type":"binary-expr","locations":[{"start":{"line":191,"column":8},"end":{"line":191,"column":42}},{"start":{"line":191,"column":42},"end":{"line":191,"column":86}},{"start":{"line":191,"column":86},"end":{"line":191,"column":114}}],"line":191},"48":{"loc":{"start":{"line":195,"column":4},"end":{"line":197,"column":null}},"type":"if","locations":[{"start":{"line":195,"column":4},"end":{"line":197,"column":null}},{"start":{},"end":{}}],"line":195},"49":{"loc":{"start":{"line":195,"column":8},"end":{"line":195,"column":52}},"type":"binary-expr","locations":[{"start":{"line":195,"column":8},"end":{"line":195,"column":21}},{"start":{"line":195,"column":25},"end":{"line":195,"column":52}}],"line":195},"50":{"loc":{"start":{"line":199,"column":4},"end":{"line":201,"column":null}},"type":"if","locations":[{"start":{"line":199,"column":4},"end":{"line":201,"column":null}},{"start":{},"end":{}}],"line":199},"51":{"loc":{"start":{"line":199,"column":8},"end":{"line":199,"column":67}},"type":"binary-expr","locations":[{"start":{"line":199,"column":8},"end":{"line":199,"column":28}},{"start":{"line":199,"column":32},"end":{"line":199,"column":67}}],"line":199},"52":{"loc":{"start":{"line":203,"column":4},"end":{"line":205,"column":null}},"type":"if","locations":[{"start":{"line":203,"column":4},"end":{"line":205,"column":null}},{"start":{},"end":{}}],"line":203},"53":{"loc":{"start":{"line":207,"column":4},"end":{"line":209,"column":null}},"type":"if","locations":[{"start":{"line":207,"column":4},"end":{"line":209,"column":null}},{"start":{},"end":{}}],"line":207},"54":{"loc":{"start":{"line":211,"column":4},"end":{"line":213,"column":null}},"type":"if","locations":[{"start":{"line":211,"column":4},"end":{"line":213,"column":null}},{"start":{},"end":{}}],"line":211},"55":{"loc":{"start":{"line":215,"column":4},"end":{"line":217,"column":null}},"type":"if","locations":[{"start":{"line":215,"column":4},"end":{"line":217,"column":null}},{"start":{},"end":{}}],"line":215},"56":{"loc":{"start":{"line":215,"column":8},"end":{"line":215,"column":69}},"type":"binary-expr","locations":[{"start":{"line":215,"column":8},"end":{"line":215,"column":42}},{"start":{"line":215,"column":42},"end":{"line":215,"column":69}}],"line":215},"57":{"loc":{"start":{"line":220,"column":19},"end":{"line":220,"column":null}},"type":"binary-expr","locations":[{"start":{"line":220,"column":19},"end":{"line":220,"column":41}},{"start":{"line":220,"column":41},"end":{"line":220,"column":69}},{"start":{"line":220,"column":69},"end":{"line":220,"column":null}}],"line":220},"58":{"loc":{"start":{"line":223,"column":4},"end":{"line":225,"column":null}},"type":"if","locations":[{"start":{"line":223,"column":4},"end":{"line":225,"column":null}},{"start":{},"end":{}}],"line":223},"59":{"loc":{"start":{"line":227,"column":4},"end":{"line":229,"column":null}},"type":"if","locations":[{"start":{"line":227,"column":4},"end":{"line":229,"column":null}},{"start":{},"end":{}}],"line":227},"60":{"loc":{"start":{"line":246,"column":19},"end":{"line":246,"column":null}},"type":"cond-expr","locations":[{"start":{"line":246,"column":27},"end":{"line":246,"column":70}},{"start":{"line":246,"column":70},"end":{"line":246,"column":null}}],"line":246},"61":{"loc":{"start":{"line":271,"column":27},"end":{"line":271,"column":null}},"type":"cond-expr","locations":[{"start":{"line":271,"column":52},"end":{"line":271,"column":78}},{"start":{"line":271,"column":78},"end":{"line":271,"column":null}}],"line":271},"62":{"loc":{"start":{"line":272,"column":31},"end":{"line":272,"column":null}},"type":"cond-expr","locations":[{"start":{"line":272,"column":59},"end":{"line":272,"column":88}},{"start":{"line":272,"column":88},"end":{"line":272,"column":null}}],"line":272},"63":{"loc":{"start":{"line":276,"column":75},"end":{"line":276,"column":null}},"type":"binary-expr","locations":[{"start":{"line":276,"column":75},"end":{"line":276,"column":104}},{"start":{"line":276,"column":104},"end":{"line":276,"column":null}}],"line":276},"64":{"loc":{"start":{"line":277,"column":37},"end":{"line":277,"column":null}},"type":"cond-expr","locations":[{"start":{"line":277,"column":64},"end":{"line":277,"column":91}},{"start":{"line":277,"column":91},"end":{"line":277,"column":null}}],"line":277},"65":{"loc":{"start":{"line":278,"column":33},"end":{"line":278,"column":null}},"type":"cond-expr","locations":[{"start":{"line":278,"column":60},"end":{"line":278,"column":85}},{"start":{"line":278,"column":85},"end":{"line":278,"column":null}}],"line":278},"66":{"loc":{"start":{"line":282,"column":12},"end":{"line":284,"column":null}},"type":"if","locations":[{"start":{"line":282,"column":12},"end":{"line":284,"column":null}},{"start":{},"end":{}}],"line":282},"67":{"loc":{"start":{"line":283,"column":51},"end":{"line":283,"column":196}},"type":"cond-expr","locations":[{"start":{"line":283,"column":78},"end":{"line":283,"column":195}},{"start":{"line":283,"column":195},"end":{"line":283,"column":196}}],"line":283},"68":{"loc":{"start":{"line":288,"column":12},"end":{"line":293,"column":null}},"type":"if","locations":[{"start":{"line":288,"column":12},"end":{"line":293,"column":null}},{"start":{},"end":{}}],"line":288},"69":{"loc":{"start":{"line":298,"column":34},"end":{"line":298,"column":null}},"type":"binary-expr","locations":[{"start":{"line":298,"column":34},"end":{"line":298,"column":67}},{"start":{"line":298,"column":67},"end":{"line":298,"column":80}},{"start":{"line":298,"column":84},"end":{"line":298,"column":null}}],"line":298},"70":{"loc":{"start":{"line":312,"column":4},"end":{"line":312,"column":null}},"type":"if","locations":[{"start":{"line":312,"column":4},"end":{"line":312,"column":null}},{"start":{},"end":{}}],"line":312}},"s":{"0":9,"1":9,"2":9,"3":9,"4":9,"5":9,"6":9,"7":72,"8":9,"9":18,"10":9,"11":81,"12":9,"13":81,"14":81,"15":6,"16":81,"17":10,"18":81,"19":18,"20":81,"21":12,"22":81,"23":4,"24":81,"25":22,"26":81,"27":0,"28":0,"29":0,"30":0,"31":0,"32":81,"33":1,"34":1,"35":81,"36":1,"37":1,"38":81,"39":2,"40":3,"41":81,"42":1,"43":81,"44":9,"45":0,"46":0,"47":0,"48":0,"49":0,"50":0,"51":0,"52":0,"53":0,"54":0,"55":0,"56":9,"57":3,"58":4,"59":9,"60":1,"61":0,"62":1,"63":0,"64":1,"65":0,"66":1,"67":0,"68":1,"69":0,"70":1,"71":0,"72":1,"73":0,"74":1,"75":0,"76":1,"77":0,"78":1,"79":0,"80":1,"81":0,"82":1,"83":0,"84":1,"85":0,"86":1,"87":0,"88":1,"89":0,"90":1,"91":0,"92":1,"93":9,"94":9,"95":83,"96":1,"97":1,"98":1,"99":0,"100":83,"101":81,"102":81,"103":81,"104":81,"105":81,"106":83,"107":1,"108":1,"109":5,"110":1,"111":1,"112":0,"113":1,"114":1,"115":1,"116":1,"117":1,"118":1,"119":1,"120":0,"121":0,"122":0,"123":0,"124":83,"125":9,"126":116,"127":116,"128":0,"129":116},"f":{"0":72,"1":18,"2":81,"3":81,"4":0,"5":1,"6":1,"7":3,"8":0,"9":0,"10":0,"11":0,"12":0,"13":3,"14":4,"15":1,"16":0,"17":83,"18":1,"19":81,"20":81,"21":1,"22":5,"23":1,"24":116},"b":{"0":[6,75],"1":[10,71],"2":[18,63],"3":[12,69],"4":[4,77],"5":[22,59],"6":[0,81],"7":[0,0],"8":[0,0],"9":[1,80],"10":[1,1],"11":[1,80],"12":[1,1],"13":[2,79],"14":[3,3],"15":[1,80],"16":[0,0],"17":[0,0],"18":[0,0],"19":[0,0],"20":[0,0],"21":[0,0],"22":[0,0],"23":[0,0],"24":[0,0],"25":[0,0],"26":[0,0],"27":[0,0],"28":[0,0],"29":[0,0],"30":[0,0],"31":[0,0],"32":[0,0],"33":[3,3,3],"34":[4,4],"35":[0,1],"36":[1,1],"37":[0,1],"38":[1,1],"39":[0,1],"40":[1,1,1],"41":[0,1],"42":[1,1,1],"43":[0,1],"44":[0,1],"45":[1,1,1],"46":[0,1],"47":[1,1,1],"48":[0,1],"49":[1,1],"50":[0,1],"51":[1,1],"52":[0,1],"53":[0,1],"54":[0,1],"55":[0,1],"56":[1,1],"57":[0,0,0],"58":[0,1],"59":[0,1],"60":[0,1],"61":[1,0],"62":[1,0],"63":[5,0],"64":[1,0],"65":[1,0],"66":[0,1],"67":[0,0],"68":[1,0],"69":[0,0,0],"70":[0,116]},"meta":{"lastBranch":71,"lastFunction":25,"lastStatement":130,"seen":{"s:23:26:23:Infinity":0,"s:24:20:24:Infinity":1,"s:25:23:25:Infinity":2,"s:26:35:26:Infinity":3,"s:28:31:28:Infinity":4,"s:30:44:45:Infinity":5,"s:47:26:48:Infinity":6,"f:47:26:47:27":0,"s:48:4:48:Infinity":7,"s:50:22:50:Infinity":8,"f:50:22:50:23":1,"s:50:41:50:Infinity":9,"s:52:28:66:Infinity":10,"f:52:28:52:29":2,"s:52:73:66:Infinity":11,"s:68:30:122:Infinity":12,"f:68:30:68:31":3,"s:69:45:69:Infinity":13,"b:71:4:73:Infinity:undefined:undefined:undefined:undefined":0,"s:71:4:73:Infinity":14,"s:72:8:72:Infinity":15,"b:75:4:77:Infinity:undefined:undefined:undefined:undefined":1,"s:75:4:77:Infinity":16,"s:76:8:76:Infinity":17,"b:79:4:81:Infinity:undefined:undefined:undefined:undefined":2,"s:79:4:81:Infinity":18,"s:80:8:80:Infinity":19,"b:83:4:85:Infinity:undefined:undefined:undefined:undefined":3,"s:83:4:85:Infinity":20,"s:84:8:84:Infinity":21,"b:87:4:89:Infinity:undefined:undefined:undefined:undefined":4,"s:87:4:89:Infinity":22,"s:88:8:88:Infinity":23,"b:91:4:93:Infinity:undefined:undefined:undefined:undefined":5,"s:91:4:93:Infinity":24,"s:92:8:92:Infinity":25,"b:95:4:103:Infinity:undefined:undefined:undefined:undefined":6,"s:95:4:103:Infinity":26,"s:96:8:102:Infinity":27,"f:96:58:96:59":4,"b:97:12:99:Infinity:undefined:undefined:undefined:undefined":7,"s:97:12:99:Infinity":28,"s:98:16:98:Infinity":29,"s:100:31:100:Infinity":30,"s:101:12:101:Infinity":31,"b:101:43:101:76:101:76:101:Infinity":8,"b:105:4:107:Infinity:undefined:undefined:undefined:undefined":9,"s:105:4:107:Infinity":32,"s:106:8:106:Infinity":33,"f:106:81:106:82":5,"s:106:92:106:131":34,"b:106:92:106:119:106:119:106:131":10,"b:109:4:111:Infinity:undefined:undefined:undefined:undefined":11,"s:109:4:111:Infinity":35,"s:110:8:110:Infinity":36,"f:110:85:110:86":6,"s:110:96:110:135":37,"b:110:96:110:123:110:123:110:135":12,"b:113:4:115:Infinity:undefined:undefined:undefined:undefined":13,"s:113:4:115:Infinity":38,"s:114:8:114:Infinity":39,"f:114:67:114:68":7,"s:114:78:114:117":40,"b:114:78:114:105:114:105:114:117":14,"b:117:4:119:Infinity:undefined:undefined:undefined:undefined":15,"s:117:4:119:Infinity":41,"s:118:8:118:Infinity":42,"s:121:4:121:Infinity":43,"s:124:30:161:Infinity":44,"f:124:30:124:31":8,"b:125:4:127:Infinity:undefined:undefined:undefined:undefined":16,"s:125:4:127:Infinity":45,"b:125:8:125:16:125:16:125:41":17,"s:126:8:126:Infinity":46,"s:129:17:129:Infinity":47,"s:131:19:133:38":48,"b:132:10:132:Infinity:133:10:133:38":18,"f:132:38:132:39":9,"s:132:50:132:Infinity":49,"b:132:98:132:106:132:106:132:Infinity":19,"b:132:50:132:79:132:79:132:98":20,"s:135:4:137:Infinity":50,"s:136:8:136:Infinity":51,"s:139:4:160:Infinity":52,"b:140:56:140:70:140:73:140:Infinity":21,"b:141:54:141:67:141:70:141:Infinity":22,"b:142:56:142:70:142:73:142:Infinity":23,"b:143:50:143:61:143:64:143:Infinity":24,"b:144:56:144:70:144:73:144:Infinity":25,"b:146:14:146:Infinity:147:14:147:16":26,"f:146:43:146:44":10,"s:146:63:146:Infinity":53,"b:149:14:149:Infinity:150:14:150:16":27,"f:149:45:149:46":11,"s:149:65:149:Infinity":54,"b:151:48:151:58:151:61:151:Infinity":28,"b:154:46:154:55:154:58:154:Infinity":29,"b:156:14:156:Infinity:157:14:157:16":30,"f:156:36:156:37":12,"s:156:56:156:Infinity":55,"b:158:60:158:76:158:79:158:Infinity":31,"b:159:69:159:89:159:92:159:Infinity":32,"s:163:31:164:Infinity":56,"f:163:31:163:32":13,"s:164:4:164:Infinity":57,"b:164:4:164:28:164:28:164:56:164:56:164:Infinity":33,"f:164:68:164:69":14,"s:164:78:164:Infinity":58,"b:164:78:164:104:164:104:164:Infinity":34,"s:166:35:232:Infinity":59,"f:166:35:166:36":15,"b:167:4:169:Infinity:undefined:undefined:undefined:undefined":35,"s:167:4:169:Infinity":60,"b:167:8:167:44:167:44:167:72":36,"s:168:8:168:Infinity":61,"b:171:4:173:Infinity:undefined:undefined:undefined:undefined":37,"s:171:4:173:Infinity":62,"b:171:8:171:39:171:39:171:69":38,"s:172:8:172:Infinity":63,"b:175:4:177:Infinity:undefined:undefined:undefined:undefined":39,"s:175:4:177:Infinity":64,"b:175:8:175:27:175:31:175:65:175:65:175:110":40,"s:176:8:176:Infinity":65,"b:179:4:181:Infinity:undefined:undefined:undefined:undefined":41,"s:179:4:181:Infinity":66,"b:179:8:179:26:179:30:179:63:179:63:179:107":42,"s:180:8:180:Infinity":67,"b:183:4:185:Infinity:undefined:undefined:undefined:undefined":43,"s:183:4:185:Infinity":68,"s:184:8:184:Infinity":69,"b:187:4:189:Infinity:undefined:undefined:undefined:undefined":44,"s:187:4:189:Infinity":70,"b:187:8:187:38:187:38:187:78:187:78:187:102":45,"s:188:8:188:Infinity":71,"b:191:4:193:Infinity:undefined:undefined:undefined:undefined":46,"s:191:4:193:Infinity":72,"b:191:8:191:42:191:42:191:86:191:86:191:114":47,"s:192:8:192:Infinity":73,"b:195:4:197:Infinity:undefined:undefined:undefined:undefined":48,"s:195:4:197:Infinity":74,"b:195:8:195:21:195:25:195:52":49,"s:196:8:196:Infinity":75,"b:199:4:201:Infinity:undefined:undefined:undefined:undefined":50,"s:199:4:201:Infinity":76,"b:199:8:199:28:199:32:199:67":51,"s:200:8:200:Infinity":77,"b:203:4:205:Infinity:undefined:undefined:undefined:undefined":52,"s:203:4:205:Infinity":78,"s:204:8:204:Infinity":79,"b:207:4:209:Infinity:undefined:undefined:undefined:undefined":53,"s:207:4:209:Infinity":80,"s:208:8:208:Infinity":81,"b:211:4:213:Infinity:undefined:undefined:undefined:undefined":54,"s:211:4:213:Infinity":82,"s:212:8:212:Infinity":83,"b:215:4:217:Infinity:undefined:undefined:undefined:undefined":55,"s:215:4:217:Infinity":84,"b:215:8:215:42:215:42:215:69":56,"s:216:8:216:Infinity":85,"s:219:28:220:Infinity":86,"f:220:8:220:9":16,"s:220:19:220:Infinity":87,"b:220:19:220:41:220:41:220:69:220:69:220:Infinity":57,"b:223:4:225:Infinity:undefined:undefined:undefined:undefined":58,"s:223:4:225:Infinity":88,"s:224:8:224:Infinity":89,"b:227:4:229:Infinity:undefined:undefined:undefined:undefined":59,"s:227:4:229:Infinity":90,"s:228:8:228:Infinity":91,"s:231:4:231:Infinity":92,"s:240:6:240:Infinity":93,"s:242:73:308:Infinity":94,"f:242:73:242:74":17,"s:243:29:250:Infinity":95,"f:243:55:243:Infinity":18,"s:244:8:249:Infinity":96,"s:245:26:245:Infinity":97,"s:246:12:246:Infinity":98,"b:246:27:246:70:246:70:246:Infinity":60,"s:248:12:248:Infinity":99,"s:252:27:259:Infinity":100,"f:252:27:252:28":19,"s:253:8:258:Infinity":101,"f:253:16:253:17":20,"s:254:35:254:Infinity":102,"s:255:28:255:Infinity":103,"s:256:12:256:Infinity":104,"s:257:12:257:Infinity":105,"s:261:26:301:Infinity":106,"f:261:26:261:Infinity":21,"s:262:8:300:Infinity":107,"s:263:48:279:Infinity":108,"b:271:52:271:78:271:78:271:Infinity":61,"b:272:59:272:88:272:88:272:Infinity":62,"f:276:47:276:48":22,"s:276:75:276:Infinity":109,"b:276:75:276:104:276:104:276:Infinity":63,"b:277:64:277:91:277:91:277:Infinity":64,"b:278:60:278:85:278:85:278:Infinity":65,"s:281:36:281:Infinity":110,"b:282:12:284:Infinity:undefined:undefined:undefined:undefined":66,"s:282:12:284:Infinity":111,"s:283:16:283:Infinity":112,"b:283:78:283:195:283:195:283:196":67,"s:286:27:286:Infinity":113,"b:288:12:293:Infinity:undefined:undefined:undefined:undefined":68,"s:288:12:293:Infinity":114,"s:289:16:289:Infinity":115,"s:290:16:290:Infinity":116,"s:291:16:291:Infinity":117,"f:291:24:291:25":23,"s:291:35:291:Infinity":118,"s:292:16:292:Infinity":119,"s:294:12:294:Infinity":120,"s:297:12:297:Infinity":121,"s:298:34:298:Infinity":122,"b:298:34:298:67:298:67:298:80:298:84:298:Infinity":69,"s:299:12:299:Infinity":123,"s:303:4:305:Infinity":124,"s:310:27:314:Infinity":125,"f:310:27:310:Infinity":24,"s:311:10:311:Infinity":126,"b:312:4:312:Infinity:undefined:undefined:undefined:undefined":70,"s:312:4:312:Infinity":127,"s:312:18:312:Infinity":128,"s:313:4:313:Infinity":129}}}
,"C:\\Users\\DAW2\\Desktop\\bluvi-frontend\\src\\pages\\Register\\AgeStep.tsx": {"path":"C:\\Users\\DAW2\\Desktop\\bluvi-frontend\\src\\pages\\Register\\AgeStep.tsx","statementMap":{"0":{"start":{"line":11,"column":16},"end":{"line":11,"column":null}},"1":{"start":{"line":13,"column":24},"end":{"line":16,"column":null}},"2":{"start":{"line":14,"column":18},"end":{"line":14,"column":null}},"3":{"start":{"line":15,"column":4},"end":{"line":15,"column":null}},"4":{"start":{"line":18,"column":30},"end":{"line":30,"column":null}},"5":{"start":{"line":19,"column":25},"end":{"line":19,"column":null}},"6":{"start":{"line":20,"column":4},"end":{"line":20,"column":null}},"7":{"start":{"line":20,"column":35},"end":{"line":20,"column":null}},"8":{"start":{"line":22,"column":31},"end":{"line":22,"column":null}},"9":{"start":{"line":23,"column":17},"end":{"line":23,"column":null}},"10":{"start":{"line":25,"column":4},"end":{"line":28,"column":null}},"11":{"start":{"line":32,"column":32},"end":{"line":38,"column":null}},"12":{"start":{"line":33,"column":18},"end":{"line":33,"column":null}},"13":{"start":{"line":34,"column":4},"end":{"line":34,"column":null}},"14":{"start":{"line":34,"column":16},"end":{"line":34,"column":null}},"15":{"start":{"line":36,"column":33},"end":{"line":36,"column":null}},"16":{"start":{"line":37,"column":4},"end":{"line":37,"column":null}},"17":{"start":{"line":40,"column":28},"end":{"line":54,"column":null}},"18":{"start":{"line":41,"column":31},"end":{"line":41,"column":null}},"19":{"start":{"line":42,"column":18},"end":{"line":42,"column":null}},"20":{"start":{"line":44,"column":14},"end":{"line":44,"column":null}},"21":{"start":{"line":46,"column":8},"end":{"line":47,"column":null}},"22":{"start":{"line":49,"column":4},"end":{"line":51,"column":null}},"23":{"start":{"line":50,"column":8},"end":{"line":50,"column":null}},"24":{"start":{"line":53,"column":4},"end":{"line":53,"column":null}},"25":{"start":{"line":56,"column":33},"end":{"line":166,"column":null}},"26":{"start":{"line":57,"column":10},"end":{"line":57,"column":null}},"27":{"start":{"line":58,"column":38},"end":{"line":58,"column":null}},"28":{"start":{"line":59,"column":27},"end":{"line":59,"column":null}},"29":{"start":{"line":60,"column":10},"end":{"line":60,"column":null}},"30":{"start":{"line":60,"column":39},"end":{"line":60,"column":58}},"31":{"start":{"line":61,"column":10},"end":{"line":61,"column":null}},"32":{"start":{"line":61,"column":38},"end":{"line":61,"column":69}},"33":{"start":{"line":63,"column":52},"end":{"line":63,"column":null}},"34":{"start":{"line":64,"column":4},"end":{"line":70,"column":null}},"35":{"start":{"line":65,"column":8},"end":{"line":67,"column":null}},"36":{"start":{"line":66,"column":12},"end":{"line":66,"column":null}},"37":{"start":{"line":69,"column":8},"end":{"line":69,"column":null}},"38":{"start":{"line":72,"column":23},"end":{"line":96,"column":null}},"39":{"start":{"line":73,"column":26},"end":{"line":73,"column":null}},"40":{"start":{"line":75,"column":8},"end":{"line":78,"column":null}},"41":{"start":{"line":76,"column":12},"end":{"line":76,"column":null}},"42":{"start":{"line":77,"column":12},"end":{"line":77,"column":null}},"43":{"start":{"line":80,"column":8},"end":{"line":83,"column":null}},"44":{"start":{"line":81,"column":12},"end":{"line":81,"column":null}},"45":{"start":{"line":82,"column":12},"end":{"line":82,"column":null}},"46":{"start":{"line":85,"column":8},"end":{"line":88,"column":null}},"47":{"start":{"line":86,"column":12},"end":{"line":86,"column":null}},"48":{"start":{"line":87,"column":12},"end":{"line":87,"column":null}},"49":{"start":{"line":90,"column":8},"end":{"line":92,"column":null}},"50":{"start":{"line":91,"column":12},"end":{"line":91,"column":null}},"51":{"start":{"line":94,"column":8},"end":{"line":94,"column":null}},"52":{"start":{"line":95,"column":8},"end":{"line":95,"column":null}},"53":{"start":{"line":98,"column":34},"end":{"line":108,"column":null}},"54":{"start":{"line":99,"column":8},"end":{"line":101,"column":null}},"55":{"start":{"line":100,"column":12},"end":{"line":100,"column":null}},"56":{"start":{"line":103,"column":22},"end":{"line":103,"column":121}},"57":{"start":{"line":104,"column":8},"end":{"line":104,"column":null}},"58":{"start":{"line":105,"column":8},"end":{"line":107,"column":null}},"59":{"start":{"line":106,"column":12},"end":{"line":106,"column":null}},"60":{"start":{"line":110,"column":20},"end":{"line":110,"column":null}},"61":{"start":{"line":112,"column":4},"end":{"line":157,"column":null}}},"fnMap":{"0":{"name":"(anonymous_0)","decl":{"start":{"line":13,"column":24},"end":{"line":13,"column":null}},"loc":{"start":{"line":13,"column":24},"end":{"line":16,"column":null}},"line":13},"1":{"name":"(anonymous_1)","decl":{"start":{"line":18,"column":30},"end":{"line":18,"column":31}},"loc":{"start":{"line":18,"column":31},"end":{"line":30,"column":null}},"line":18},"2":{"name":"(anonymous_2)","decl":{"start":{"line":32,"column":32},"end":{"line":32,"column":33}},"loc":{"start":{"line":32,"column":33},"end":{"line":38,"column":null}},"line":32},"3":{"name":"(anonymous_3)","decl":{"start":{"line":40,"column":28},"end":{"line":40,"column":29}},"loc":{"start":{"line":40,"column":51},"end":{"line":54,"column":null}},"line":40},"4":{"name":"(anonymous_4)","decl":{"start":{"line":56,"column":33},"end":{"line":56,"column":null}},"loc":{"start":{"line":56,"column":33},"end":{"line":166,"column":null}},"line":56},"5":{"name":"(anonymous_5)","decl":{"start":{"line":60,"column":33},"end":{"line":60,"column":39}},"loc":{"start":{"line":60,"column":39},"end":{"line":60,"column":58}},"line":60},"6":{"name":"(anonymous_6)","decl":{"start":{"line":61,"column":38},"end":{"line":61,"column":44}},"loc":{"start":{"line":61,"column":38},"end":{"line":61,"column":69}},"line":61},"7":{"name":"(anonymous_7)","decl":{"start":{"line":72,"column":23},"end":{"line":72,"column":null}},"loc":{"start":{"line":72,"column":23},"end":{"line":96,"column":null}},"line":72},"8":{"name":"(anonymous_8)","decl":{"start":{"line":98,"column":34},"end":{"line":98,"column":35}},"loc":{"start":{"line":98,"column":35},"end":{"line":108,"column":null}},"line":98}},"branchMap":{"0":{"loc":{"start":{"line":20,"column":4},"end":{"line":20,"column":null}},"type":"if","locations":[{"start":{"line":20,"column":4},"end":{"line":20,"column":null}},{"start":{},"end":{}}],"line":20},"1":{"loc":{"start":{"line":26,"column":8},"end":{"line":28,"column":null}},"type":"binary-expr","locations":[{"start":{"line":26,"column":8},"end":{"line":26,"column":null}},{"start":{"line":27,"column":8},"end":{"line":27,"column":null}},{"start":{"line":28,"column":8},"end":{"line":28,"column":null}}],"line":26},"2":{"loc":{"start":{"line":34,"column":4},"end":{"line":34,"column":null}},"type":"if","locations":[{"start":{"line":34,"column":4},"end":{"line":34,"column":null}},{"start":{},"end":{}}],"line":34},"3":{"loc":{"start":{"line":46,"column":8},"end":{"line":47,"column":null}},"type":"binary-expr","locations":[{"start":{"line":46,"column":8},"end":{"line":46,"column":null}},{"start":{"line":47,"column":9},"end":{"line":47,"column":43}},{"start":{"line":47,"column":43},"end":{"line":47,"column":null}}],"line":46},"4":{"loc":{"start":{"line":49,"column":4},"end":{"line":51,"column":null}},"type":"if","locations":[{"start":{"line":49,"column":4},"end":{"line":51,"column":null}},{"start":{},"end":{}}],"line":49},"5":{"loc":{"start":{"line":65,"column":8},"end":{"line":67,"column":null}},"type":"if","locations":[{"start":{"line":65,"column":8},"end":{"line":67,"column":null}},{"start":{},"end":{}}],"line":65},"6":{"loc":{"start":{"line":75,"column":8},"end":{"line":78,"column":null}},"type":"if","locations":[{"start":{"line":75,"column":8},"end":{"line":78,"column":null}},{"start":{},"end":{}}],"line":75},"7":{"loc":{"start":{"line":80,"column":8},"end":{"line":83,"column":null}},"type":"if","locations":[{"start":{"line":80,"column":8},"end":{"line":83,"column":null}},{"start":{},"end":{}}],"line":80},"8":{"loc":{"start":{"line":85,"column":8},"end":{"line":88,"column":null}},"type":"if","locations":[{"start":{"line":85,"column":8},"end":{"line":88,"column":null}},{"start":{},"end":{}}],"line":85},"9":{"loc":{"start":{"line":90,"column":8},"end":{"line":92,"column":null}},"type":"if","locations":[{"start":{"line":90,"column":8},"end":{"line":92,"column":null}},{"start":{},"end":{}}],"line":90},"10":{"loc":{"start":{"line":99,"column":8},"end":{"line":101,"column":null}},"type":"if","locations":[{"start":{"line":99,"column":8}
[...]
":"(anonymous_7)","decl":{"start":{"line":64,"column":43},"end":{"line":64,"column":44}},"loc":{"start":{"line":64,"column":53},"end":{"line":66,"column":19}},"line":64},"8":{"name":"(anonymous_8)","decl":{"start":{"line":66,"column":24},"end":{"line":66,"column":null}},"loc":{"start":{"line":66,"column":24},"end":{"line":71,"column":19}},"line":66},"9":{"name":"(anonymous_9)","decl":{"start":{"line":71,"column":25},"end":{"line":71,"column":32}},"loc":{"start":{"line":71,"column":32},"end":{"line":71,"column":null}},"line":71}},"branchMap":{"0":{"loc":{"start":{"line":21,"column":4},"end":{"line":21,"column":null}},"type":"if","locations":[{"start":{"line":21,"column":4},"end":{"line":21,"column":null}},{"start":{},"end":{}}],"line":21},"1":{"loc":{"start":{"line":33,"column":34},"end":{"line":33,"column":61}},"type":"default-arg","locations":[{"start":{"line":33,"column":57},"end":{"line":33,"column":61}}],"line":33},"2":{"loc":{"start":{"line":35,"column":8},"end":{"line":39,"column":null}},"type":"if","locations":[{"start":{"line":35,"column":8},"end":{"line":39,"column":null}},{"start":{"line":37,"column":15},"end":{"line":39,"column":null}}],"line":35},"3":{"loc":{"start":{"line":46,"column":4},"end":{"line":48,"column":null}},"type":"if","locations":[{"start":{"line":46,"column":4},"end":{"line":48,"column":null}},{"start":{},"end":{}}],"line":46},"4":{"loc":{"start":{"line":57,"column":8},"end":{"line":105,"column":null}},"type":"if","locations":[{"start":{"line":57,"column":8},"end":{"line":105,"column":null}},{"start":{},"end":{}}],"line":57},"5":{"loc":{"start":{"line":58,"column":12},"end":{"line":60,"column":null}},"type":"binary-expr","locations":[{"start":{"line":58,"column":12},"end":{"line":58,"column":null}},{"start":{"line":59,"column":12},"end":{"line":59,"column":null}},{"start":{"line":60,"column":12},"end":{"line":60,"column":null}}],"line":58},"6":{"loc":{"start":{"line":63,"column":12},"end":{"line":72,"column":null}},"type":"if","locations":[{"start":{"line":63,"column":12},"end":{"line":72,"column":null}},{"start":{},"end":{}}],"line":63},"7":{"loc":{"start":{"line":67,"column":20},"end":{"line":69,"column":null}},"type":"if","locations":[{"start":{"line":67,"column":20},"end":{"line":69,"column":null}},{"start":{},"end":{}}],"line":67},"8":{"loc":{"start":{"line":82,"column":36},"end":{"line":82,"column":null}},"type":"binary-expr","locations":[{"start":{"line":82,"column":36},"end":{"line":82,"column":61}},{"start":{"line":82,"column":61},"end":{"line":82,"column":null}}],"line":82},"9":{"loc":{"start":{"line":84,"column":16},"end":{"line":95,"column":null}},"type":"if","locations":[{"start":{"line":84,"column":16},"end":{"line":95,"column":null}},{"start":{},"end":{}}],"line":84},"10":{"loc":{"start":{"line":89,"column":20},"end":{"line":91,"column":null}},"type":"if","locations":[{"start":{"line":89,"column":20},"end":{"line":91,"column":null}},{"start":{},"end":{}}],"line":89}},"s":{"0":9,"1":9,"2":9,"3":9,"4":9,"5":0,"6":0,"7":0,"8":0,"9":9,"10":0,"11":0,"12":0,"13":0,"14":0,"15":9,"16":0,"17":0,"18":0,"19":0,"20":9,"21":0,"22":0,"23":0,"24":0,"25":0,"26":0,"27":0,"28":0,"29":0,"30":0,"31":0,"32":0,"33":0,"34":0,"35":0,"36":0,"37":0,"38":0,"39":0,"40":0,"41":0,"42":0,"43":0,"44":0,"45":0,"46":0,"47":0,"48":0,"49":0},"f":{"0":0,"1":0,"2":0,"3":0,"4":0,"5":0,"6":0,"7":0,"8":0,"9":0},"b":{"0":[0,0],"1":[0],"2":[0,0],"3":[0,0],"4":[0,0],"5":[0,0,0],"6":[0,0],"7":[0,0],"8":[0,0],"9":[0,0],"10":[0,0]},"meta":{"lastBranch":11,"lastFunction":10,"lastStatement":50,"seen":{"s:3:16:3:Infinity":0,"s:11:12:14:Infinity":1,"s:17:19:17:Infinity":2,"s:18:35:18:37":3,"s:20:23:31:Infinity":4,"f:20:23:20:24":0,"b:21:4:21:Infinity:undefined:undefined:undefined:undefined":0,"s:21:4:21:Infinity":5,"s:21:14:21:Infinity":6,"s:23:4:30:Infinity":7,"f:30:11:30:12":1,"s:30:21:30:Infinity":8,"s:33:21:42:Infinity":9,"f:33:21:33:22":2,"b:33:57:33:61":1,"s:34:4:40:Infinity":10,"f:34:24:34:Infinity":3,"b:35:8:39:Infinity:37:15:39:Infinity":2,"s:35:8:39:Infinity":11,"s:36:12:36:Infinity":12,"s:38:12:38:Infinity":13,"s:41:4:41:Infinity":14,"s:44:0:50:Infinity":15,"f:44:29:44:30":4,"s:45:18:45:Infinity":16,"b:46:4:48:Infinity:undefined:undefined:undefined:undefined":3,"s:46:4:48:Infinity":17,"s:47:8:47:Infinity":18,"s:49:4:49:Infinity":19,"s:52:0:107:Infinity":20,"f:53:4:53:5":5,"s:53:18:53:Infinity":21,"f:54:4:54:11":6,"s:55:32:55:44":22,"b:57:8:105:Infinity:undefined:undefined:undefined:undefined":4,"s:57:8:105:Infinity":23,"b:58:12:58:Infinity:59:12:59:Infinity:60:12:60:Infinity":5,"b:63:12:72:Infinity:undefined:undefined:undefined:undefined":6,"s:63:12:72:Infinity":24,"s:64:16:71:Infinity":25,"f:64:43:64:44":7,"s:65:20:65:Infinity":26,"f:66:24:66:Infinity":8,"b:67:20:69:Infinity:undefined:undefined:undefined:undefined":7,"s:67:20:69:Infinity":27,"s:68:24:68:Infinity":28,"s:70:20:70:Infinity":29,"f:71:25:71:32":9,"s:71:32:71:Infinity":30,"s:74:12:74:Infinity":31,"s:75:12:75:Infinity":32,"s:77:12:104:Infinity":33,"s:78:28:80:Infinity":34,"s:82:36:82:Infinity":35,"b:82:36:82:61:82:61:82:Infinity":8,"b:84:16:95:Infinity:undefined:undefined:undefined:undefined":9,"s:84:16:95:Infinity":36,"s:85:20:85:Infinity":37,"s:87:20:87:Infinity":38,"b:89:20:91:Infinity:undefined:undefined:undefined:undefined":10,"s:89:20:91:Infinity":39,"s:90:24:90:Infinity":40,"s:93:20:93:Infinity":41,"s:94:20:94:Infinity":42,"s:97:16:97:Infinity":43,"s:98:16:98:Infinity":44,"s:99:16:99:Infinity":45,"s:100:16:100:Infinity":46,"s:101:16:101:Infinity":47,"s:103:16:103:Infinity":48,"s:106:8:106:Infinity":49}}}
,"C:\\Users\\DAW2\\Desktop\\bluvi-frontend\\src\\services\\auth.service.ts": {"path":"C:\\Users\\DAW2\\Desktop\\bluvi-frontend\\src\\services\\auth.service.ts","statementMap":{"0":{"start":{"line":3,"column":16},"end":{"line":3,"column":null}},"1":{"start":{"line":29,"column":27},"end":{"line":65,"column":null}},"2":{"start":{"line":31,"column":25},"end":{"line":31,"column":null}},"3":{"start":{"line":32,"column":8},"end":{"line":32,"column":null}},"4":{"start":{"line":36,"column":25},"end":{"line":36,"column":null}},"5":{"start":{"line":37,"column":8},"end":{"line":37,"column":null}},"6":{"start":{"line":41,"column":25},"end":{"line":41,"column":null}},"7":{"start":{"line":42,"column":8},"end":{"line":42,"column":null}},"8":{"start":{"line":46,"column":25},"end":{"line":46,"column":null}},"9":{"start":{"line":47,"column":8},"end":{"line":47,"column":null}},"10":{"start":{"line":51,"column":25},"end":{"line":51,"column":null}},"11":{"start":{"line":52,"column":8},"end":{"line":52,"column":null}},"12":{"start":{"line":56,"column":8},"end":{"line":63,"column":null}},"13":{"start":{"line":57,"column":12},"end":{"line":57,"column":null}},"14":{"start":{"line":59,"column":12},"end":{"line":59,"column":null}},"15":{"start":{"line":61,"column":12},"end":{"line":61,"column":null}},"16":{"start":{"line":62,"column":12},"end":{"line":62,"column":null}}},"fnMap":{"0":{"name":"(anonymous_0)","decl":{"start":{"line":30,"column":16},"end":{"line":30,"column":23}},"loc":{"start":{"line":30,"column":23},"end":{"line":33,"column":null}},"line":30},"1":{"name":"(anonymous_1)","decl":{"start":{"line":35,"column":17},"end":{"line":35,"column":null}},"loc":{"start":{"line":35,"column":17},"end":{"line":38,"column":null}},"line":35},"2":{"name":"(anonymous_2)","decl":{"start":{"line":40,"column":14},"end":{"line":40,"column":21}},"loc":{"start":{"line":40,"column":21},"end":{"line":43,"column":null}},"line":40},"3":{"name":"(anonymous_3)","decl":{"start":{"line":45,"column":11},"end":{"line":45,"column":18}},"loc":{"start":{"line":45,"column":18},"end":{"line":48,"column":null}},"line":45},"4":{"name":"(anonymous_4)","decl":{"start":{"line":50,"column":17},"end":{"line":50,"column":24}},"loc":{"start":{"line":50,"column":38},"end":{"line":53,"column":null}},"line":50},"5":{"name":"(anonymous_5)","decl":{"start":{"line":55,"column":12},"end":{"line":55,"column":null}},"loc":{"start":{"line":55,"column":12},"end":{"line":64,"column":null}},"line":55}},"branchMap":{},"s":{"0":9,"1":9,"2":0,"3":0,"4":0,"5":0,"6":0,"7":0,"8":0,"9":0,"10":0,"11":0,"12":0,"13":0,"14":0,"15":0,"16":0},"f":{"0":0,"1":0,"2":0,"3":0,"4":0,"5":0},"b":{},"meta":{"lastBranch":0,"lastFunction":6,"lastStatement":17,"seen":{"s:3:16:3:Infinity":0,"s:29:27:65:Infinity":1,"f:30:16:30:23":0,"s:31:25:31:Infinity":2,"s:32:8:32:Infinity":3,"f:35:17:35:Infinity":1,"s:36:25:36:Infinity":4,"s:37:8:37:Infinity":5,"f:40:14:40:21":2,"s:41:25:41:Infinity":6,"s:42:8:42:Infinity":7,"f:45:11:45:18":3,"s:46:25:46:Infinity":8,"s:47:8:47:Infinity":9,"f:50:17:50:24":4,"s:51:25:51:Infinity":10,"s:52:8:52:Infinity":11,"f:55:12:55:Infinity":5,"s:56:8:63:Infinity":12,"s:57:12:57:Infinity":13,"s:59:12:59:Infinity":14,"s:61:12:61:Infinity":15,"s:62:12:62:Infinity":16}}}
,"C:\\Users\\DAW2\\Desktop\\bluvi-frontend\\src\\services\\cities.service.ts": {"path":"C:\\Users\\DAW2\\Desktop\\bluvi-frontend\\src\\services\\cities.service.ts","statementMap":{"0":{"start":{"line":1,"column":33},"end":{"line":1,"column":null}},"1":{"start":{"line":3,"column":24},"end":{"line":11,"column":null}},"2":{"start":{"line":30,"column":20},"end":{"line":33,"column":null}},"3":{"start":{"line":31,"column":23},"end":{"line":31,"column":null}},"4":{"start":{"line":32,"column":4},"end":{"line":32,"column":null}},"5":{"start":{"line":35,"column":13},"end":{"line":41,"column":null}},"6":{"start":{"line":36,"column":4},"end":{"line":41,"column":null}},"7":{"start":{"line":43,"column":21},"end":{"line":47,"column":null}},"8":{"start":{"line":43,"column":73},"end":{"line":47,"column":null}},"9":{"start":{"line":49,"column":29},"end":{"line":55,"column":null}},"10":{"start":{"line":50,"column":18},"end":{"line":52,"column":null}},"11":{"start":{"line":51,"column":24},"end":{"line":51,"column":null}},"12":{"start":{"line":52,"column":26},"end":{"line":52,"column":null}},"13":{"start":{"line":54,"column":4},"end":{"line":54,"column":null}},"14":{"start":{"line":57,"column":34},"end":{"line":67,"column":null}},"15":{"start":{"line":58,"column":28},"end":{"line":58,"column":null}},"16":{"start":{"line":59,"column":4},"end":{"line":61,"column":null}},"17":{"start":{"line":60,"column":8},"end":{"line":60,"column":null}},"18":{"start":{"line":63,"column":4},"end":{"line":66,"column":null}},"19":{"start":{"line":64,"column":26},"end":{"line":64,"column":null}},"20":{"start":{"line":66,"column":23},"end":{"line":66,"column":null}},"21":{"start":{"line":69,"column":28},"end":{"line":115,"column":null}},"22":{"start":{"line":74,"column":28},"end":{"line":74,"column":null}},"23":{"start":{"line":75,"column":4},"end":{"line":77,"column":null}},"24":{"start":{"line":76,"column":8},"end":{"line":76,"column":null}},"25":{"start":{"line":79,"column":4},"end":{"line":114,"column":null}},"26":{"start":{"line":80,"column":20},"end":{"line":80,"column":147}},"27":{"start":{"line":81,"column":25},"end":{"line":81,"column":null}},"28":{"start":{"line":83,"column":8},"end":{"line":85,"column":null}},"29":{"start":{"line":84,"column":12},"end":{"line":84,"column":null}},"30":{"start":{"line":87,"column":22},"end":{"line":87,"column":null}},"31":{"start":{"line":88,"column":24},"end":{"line":88,"column":42}},"32":{"start":{"line":90,"column":23},"end":{"line":90,"column":null}},"33":{"start":{"line":91,"column":8},"end":{"line":101,"column":null}},"34":{"start":{"line":92,"column":26},"end":{"line":92,"column":null}},"35":{"start":{"line":93,"column":12},"end":{"line":95,"column":null}},"36":{"start":{"line":94,"column":16},"end":{"line":94,"column":null}},"37":{"start":{"line":96,"column":29},"end":{"line":96,"column":null}},"38":{"start":{"line":97,"column":31},"end":{"line":97,"column":null}},"39":{"start":{"line":98,"column":12},"end":{"line":100,"column":null}},"40":{"start":{"line":99,"column":16},"end":{"line":99,"column":null}},"41":{"start":{"line":103,"column":8},"end":{"line":105,"column":null}},"42":{"start":{"line":104,"column":12},"end":{"line":104,"column":null}},"43":{"start":{"line":107,"column":8},"end":{"line":107,"column":null}},"44":{"start":{"line":109,"column":8},"end":{"line":111,"column":null}},"45":{"start":{"line":110,"column":12},"end":{"line":110,"column":null}},"46":{"start":{"line":113,"column":8},"end":{"line":113,"column":null}}},"fnMap":{"0":{"name":"(anonymous_0)","decl":{"start":{"line":30,"column":20},"end":{"line":30,"column":21}},"loc":{"start":{"line":30,"column":21},"end":{"line":33,"column":null}},"line":30},"1":{"name":"(anonymous_1)","decl":{"start":{"line":35,"column":13},"end":{"line":35,"column":14}},"loc":{"start":{"line":36,"column":4},"end":{"line":41,"column":null}},"line":36},"2":{"name":"(anonymous_2)","decl":{"start":{"line":43,"column":21},"end":{"line":43,"column":22}},"loc":{"start":{"line":43,"column":73},"end":{"line":47,"column":null}},"line":43},"3":{"name":"(anonymous_3)","decl":{"start":{"line":49,"column":29},"end":{"line":49,"column":30}},"loc":{"start":{"line":49,"column":30},"end":{"line":55,"column":null}},"line":49},"4":{"name":"(anonymous_4)","decl":{"start":{"line":51,"column":13},"end":{"line":51,"column":14}},"loc":{"start":{"line":51,"column":24},"end":{"line":51,"column":null}},"line":51},"5":{"name":"(anonymous_5)","decl":{"start":{"line":52,"column":16},"end":{"line":52,"column":17}},"loc":{"start":{"line":52,"column":26},"end":{"line":52,"column":null}},"line":52},"6":{"name":"(anonymous_6)","decl":{"start":{"line":57,"column":34},"end":{"line":57,"column":35}},"loc":{"start":{"line":57,"column":50},"end":{"line":67,"column":null}},"line":57},"7":{"name":"(anonymous_7)","decl":{"start":{"line":64,"column":16},"end":{"line":64,"column":17}},"loc":{"start":{"line":64,"column":26},"end":{"line":64,"column":null}},"line":64},"8":{"name":"(anonymous_8)","decl":{"start":{"line":66,"column":13},"end":{"line":66,"column":14}},"loc":{"start":{"line":66,"column":23},"end":{"line":66,"column":null}},"line":66},"9":{"name":"(anonymous_9)","decl":{"start":{"line":69,"column":28},"end":{"line":69,"column":null}},"loc":{"start":{"line":72,"column":4},"end":{"line":115,"column":null}},"line":72}},"branchMap":{"0":{"loc":{"start":{"line":32,"column":11},"end":{"line":32,"column":null}},"type":"binary-expr","locations":[{"start":{"line":32,"column":11},"end":{"line":32,"column":25}},{"start":{"line":32,"column":25},"end":{"line":32,"column":null}}],"line":32},"1":{"loc":{"start":{"line":46,"column":11},"end":{"line":46,"column":null}},"type":"binary-expr","locations":[{"start":{"line":46,"column":11},"end":{"line":46,"column":12}},{"start":{"line":46,"column":21},"end":{"line":46,"column":38}},{"start":{"line":46,"column":38},"end":{"line":46,"column":null}}],"line":46},"2":{"loc":{"start":{"line":51,"column":24},"end":{"line":51,"column":null}},"type":"cond-expr","locations":[{"start":{"line":51,"column":51},"end":{"line":51,"column":65}},{"start":{"line":51,"column":65},"end":{"line":51,"column":null}}],"line":51},"3":{"loc":{"start":{"line":59,"column":4},"end":{"line":61,"column":null}},"type":"if","locations":[{"start":{"line":59,"column":4},"end":{"line":61,"column":null}},{"start":{},"end":{}}],"line":59},"4":{"loc":{"start":{"line":71,"column":4},"end":{"line":71,"column":13}},"type":"default-arg","locations":[{"start":{"line":71,"column":12},"end":{"line":71,"column":13}}],"line":71},"5":{"loc":{"start":{"line":75,"column":4},"end":{"line":77,"column":null}},"type":"if","locations":[{"start":{"line":75,"column":4},"end":{"line":77,"column":null}},{"start":{},"end":{}}],"line":75},"6":{"loc":{"start":{"line":83,"column":8},"end":{"line":85,"column":null}},"type":"if","locations":[{"start":{"line":83,"column":8},"end":{"line":85,"column":null}},{"start":{},"end":{}}],"line":83},"7":{"loc":{"start":{"line":88,"column":24},"end":{"line":88,"column":42}},"type":"binary-expr","locations":[{"start":{"line":88,"column":24},"end":{"line":88,"column":36}},{"start":{"line":88,"column":40},"end":{"line":88,"column":42}}],"line":88},"8":{"loc":{"start":{"line":93,"column":12},"end":{"line":95,"column":null}},"type":"if","locations":[{"start":{"line":93,"column":12},"end":{"line":95,"column":null}},{"start":{},"end":{}}],"line":93},"9":{"loc":{"start":{"line":96,"column":29},"end":{"line":96,"column":null}},"type":"cond-expr","locations":[{"start":{"line":96,"column":63},"end":{"line":96,"column":84}},{"start":{"line":96,"column":84},"end":{"line":96,"column":null}}],"line":96},"10":{"loc":{"start":{"line":98,"column":12},"end":{"line":100,"column":null}},"type":"if","locations":[{"start":{"line":98,"column":12},"end":{"line":100,"column":null}},{"start":{},"end":{}}],"line":98},"11":{"loc":{"start":{"line":103,"column":8},"end":{"line":105,"column":null}},"type":"if","locations":[{"start":{"line":103,"column":8},"end":{"line":105,"column":null}},{"start":{},"end":{}}],"line":103},"12":{"loc":{"start":{"line":109,"column":8},"end":{"line":111,"column":null}},"type":"if","locations":[{"start":{"line":109,"column":8},"end":{"line":111,"column":null}},{"start":{},"end":{}}],"line":109},"13":{"loc":{"start":{"line":109,"column":12},"end":{"line":109,"column":74}},"type":"binary-expr","locations":[{"start":{"line":109,"column":12},"end":{"line":109,"column":45}},{"start":{"line":109,"column":45},"end":{"line":109,"column":74}}],"line":109}},"s":{"0":2,"1":2,"2":2,"3":0,"4":0,"5":2,"6":0,"7":2,"8":0,"9":2,"10":0,"11":0,"12":0,"13":0,"14":2,"15":0,"16":0,"17":0,"18":0,"19":0,"20":0,"21":2,"22":0,"23":0,"24":0,"25":0,"26":0,"27":0,"28":0,"29":0,"30":0,"31":0,"32":0,"33":0,"34":0,"35":0,"36":0,"37":0,"38":0,"39":0,"40":0,"41":0,"42":0,"43":0,"44":0,"45":0,"46":0},"f":{"0":0,"1":0,"2":0,"3":0,"4":0,"5":0,"6":0,"7":0,"8":0,"9":0},"b":{"0":[0,0],"1":[0,0,0],"2":[0,0],"3":[0,0],"4":[0],"5":[0,0],"6":[0,0],"7":[0,0],"8":[0,0],"9":[0,0],"10":[0,0],"11":[0,0],"12":[0,0],"13":[0,0]},"meta":{"lastBranch":14,"lastFunction":10,"lastStatement":47,"seen":{"s:1:33:1:Infinity":0,"s:3:24:11:Infinity":1,"s:30:20:33:Infinity":2,"f:30:20:30:21":0,"s:31:23:31:Infinity":3,"s:32:4:32:Infinity":4,"b:32:11:32:25:32:25:32:Infinity":0,"s:35:13:41:Infinity":5,"f:35:13:35:14":1,"s:36:4:41:Infinity":6,"s:43:21:47:Infinity":7,"f:43:21:43:22":2,"s:43:73:47:Infinity":8,"b:46:11:46:12:46:21:46:38:46:38:46:Infinity":1,"s:49:29:55:Infinity":9,"f:49:29:49:30":3,"s:50:18:52:Infinity":10,"f:51:13:51:14":4,"s:51:24:51:Infinity":11,"b:51:51:51:65:51:65:51:Infinity":2,"f:52:16:52:17":5,"s:52:26:52:Infinity":12,"s:54:4:54:Infinity":13,"s:57:34:67:Infinity":14,"f:57:34:57:35":6,"s:58:28:58:Infinity":15,"b:59:4:61:Infinity:undefined:undefined:undefined:undefined":3,"s:59:4:61:Infinity":16,"s:60:8:60:Infinity":17,"s:63:4:66:Infinity":18,"f:64:16:64:17":7,"s:64:26:64:Infinity":19,"f:66:13:66:14":8,"s:66:23:66:Infinity":20,"s:69:28:115:Infinity":21,"f:69:28:69:Infinity":9,"b:71:12:71:13":4,"s:74:28:74:Infinity":22,"b:75:4:77:Infinity:undefined:undefined:undefined:undefined":5,"s:75:4:77:Infinity":23,"s:76:8:76:Infinity":24,"s:79:4:114:Infinity":25,"s:80:20:80:147":26,"s:81:25:81:Infinity":27,"b:83:8:85:Infinity:undefined:undefined:undefined:undefined":6,"s:83:8:85:Infinity":28,"s:84:12:84:Infinity":29,"s:87:22:87:Infinity":30,"s:88:24:88:42":31,"b:88:24:88:36:88:40:88:42":7,"s:90:23:90:Infinity":32,"s:91:8:101:Infinity":33,"s:92:26:92:Infinity":34,"b:93:12:95:Infinity:undefined:undefined:undefined:undefined":8,"s:93:12:95:Infinity":35,"s:94:16:94:Infinity":36,"s:96:29:96:Infinity":37,"b:96:63:96:84:96:84:96:Infinity":9,"s:97:31:97:Infinity":38,"b:98:12:100:Infinity:undefined:undefined:undefined:undefined":10,"s:98:12:100:Infinity":39,"s:99:16:99:Infinity":40,"b:103:8:105:Infinity:undefined:undefined:undefined:undefined":11,"s:103:8:105:Infinity":41,"s:104:12:104:Infinity":42,"s:107:8:107:Infinity":43,"b:109:8:111:Infinity:undefined:undefined:undefined:undefined":12,"s:109:8:111:Infinity":44,"b:109:12:109:45:109:45:109:74":13,"s:110:12:110:Infinity":45,"s:113:8:113:Infinity":46}}}
}
